 #calculated the component:  1  2  3
 #tolerance:    2.000000E-03
 #broadening:    2.000000E-03Ha
 #scissors shift:    0.000000E+00Ha
 #energy window:    1.089015E+02eV    4.002056E+00Ha
 # Energy(eV) Chi(w) Eta(w) Sigma(w)
 # in esu
 # 
       0.008163  -1.230897E+01   2.056006E+01   1.081854E+01
       0.016327  -1.236511E+01   2.084132E+01   1.093150E+01
       0.024490  -1.242183E+01   2.112955E+01   1.104684E+01
       0.032654  -1.247916E+01   2.142499E+01   1.116463E+01
       0.040817  -1.253709E+01   2.172791E+01   1.128496E+01
       0.048980  -1.259564E+01   2.203857E+01   1.140789E+01
       0.057144  -1.265482E+01   2.235727E+01   1.153352E+01
       0.065307  -1.271465E+01   2.268431E+01   1.166194E+01
       0.073471  -1.277513E+01   2.302000E+01   1.179324E+01
       0.081634  -1.283628E+01   2.336467E+01   1.192752E+01
       0.089798  -1.289811E+01   2.371868E+01   1.206488E+01
       0.097961  -1.296063E+01   2.408238E+01   1.220542E+01
       0.106124  -1.302386E+01   2.445616E+01   1.234925E+01
       0.114288  -1.308781E+01   2.484043E+01   1.249650E+01
       0.122451  -1.315250E+01   2.523561E+01   1.264728E+01
       0.130615  -1.321794E+01   2.564216E+01   1.280173E+01
       0.138778  -1.328415E+01   2.606054E+01   1.295996E+01
       0.146941  -1.335114E+01   2.649125E+01   1.312214E+01
       0.155105  -1.341892E+01   2.693483E+01   1.328839E+01
       0.163268  -1.348753E+01   2.739182E+01   1.345889E+01
       0.171432  -1.355697E+01   2.786283E+01   1.363379E+01
       0.179595  -1.362726E+01   2.834847E+01   1.381325E+01
       0.187759  -1.369842E+01   2.884939E+01   1.399747E+01
       0.195922  -1.377047E+01   2.936631E+01   1.418663E+01
       0.204085  -1.384343E+01   2.989996E+01   1.438093E+01
       0.212249  -1.391733E+01   3.045113E+01   1.458058E+01
       0.220412  -1.399218E+01   3.102065E+01   1.478581E+01
       0.228576  -1.406800E+01   3.160941E+01   1.499684E+01
       0.236739  -1.414482E+01   3.221835E+01   1.521393E+01
       0.244902  -1.422267E+01   3.284848E+01   1.543734E+01
       0.253066  -1.430157E+01   3.350088E+01   1.566734E+01
       0.261229  -1.438154E+01   3.417668E+01   1.590423E+01
       0.269393  -1.446261E+01   3.487710E+01   1.614832E+01
       0.277556  -1.454482E+01   3.560346E+01   1.639995E+01
       0.285720  -1.462819E+01   3.635713E+01   1.665945E+01
       0.293883  -1.471275E+01   3.713963E+01   1.692721E+01
       0.302046  -1.479853E+01   3.795255E+01   1.720362E+01
       0.310210  -1.488557E+01   3.879760E+01   1.748910E+01
       0.318373  -1.497390E+01   3.967664E+01   1.778411E+01
       0.326537  -1.506357E+01   4.059165E+01   1.808912E+01
       0.334700  -1.515461E+01   4.154477E+01   1.840464E+01
       0.342863  -1.524705E+01   4.253830E+01   1.873122E+01
       0.351027  -1.534095E+01   4.357474E+01   1.906945E+01
       0.359190  -1.543634E+01   4.465677E+01   1.941996E+01
       0.367354  -1.553328E+01   4.578730E+01   1.978342E+01
       0.375517  -1.563182E+01   4.696947E+01   2.016055E+01
       0.383681  -1.573200E+01   4.820672E+01   2.055212E+01
       0.391844  -1.583388E+01   4.950274E+01   2.095898E+01
       0.400007  -1.593753E+01   5.086158E+01   2.138202E+01
       0.408171  -1.604299E+01   5.228763E+01   2.182221E+01
       0.416334  -1.615035E+01   5.378567E+01   2.228061E+01
       0.424498  -1.625966E+01   5.536095E+01   2.275835E+01
       0.432661  -1.637100E+01   5.701916E+01   2.325665E+01
       0.440824  -1.648445E+01   5.876657E+01   2.377684E+01
       0.448988  -1.660009E+01   6.061001E+01   2.432038E+01
       0.457151  -1.671801E+01   6.255701E+01   2.488883E+01
       0.465315  -1.683831E+01   6.461579E+01   2.548391E+01
       0.473478  -1.696108E+01   6.679541E+01   2.610746E+01
       0.481641  -1.708644E+01   6.910579E+01   2.676153E+01
       0.489805  -1.721450E+01   7.155784E+01   2.744833E+01
       0.497968  -1.734540E+01   7.416356E+01   2.817028E+01
       0.506132  -1.747925E+01   7.693608E+01   2.893004E+01
       0.514295  -1.761621E+01   7.988978E+01   2.973050E+01
       0.522459  -1.775643E+01   8.304037E+01   3.057482E+01
       0.530622  -1.790008E+01   8.640491E+01   3.146648E+01
       0.538785  -1.804734E+01   9.000180E+01   3.240926E+01
       0.546949  -1.819841E+01   9.385068E+01   3.340728E+01
       0.555112  -1.835350E+01   9.797223E+01   3.446504E+01
       0.563276  -1.851283E+01   1.023877E+02   3.558736E+01
       0.571439  -1.867664E+01   1.071179E+02   3.677945E+01
       0.579602  -1.884518E+01   1.121824E+02   3.804683E+01
       0.587766  -1.901873E+01   1.175965E+02   3.939524E+01
       0.595929  -1.919755E+01   1.233687E+02   4.083052E+01
       0.604093  -1.938194E+01   1.294944E+02   4.235832E+01
       0.612256  -1.957214E+01   1.359475E+02   4.398366E+01
       0.620420  -1.976840E+01   1.426670E+02   4.571027E+01
       0.628583  -1.997088E+01   1.495361E+02   4.753942E+01
       0.636746  -2.017964E+01   1.563494E+02   4.946818E+01
       0.644910  -2.039453E+01   1.627626E+02   5.148662E+01
       0.653073  -2.061507E+01   1.682168E+02   5.357356E+01
       0.661237  -2.084029E+01   1.718237E+02   5.568994E+01
       0.669400  -2.106835E+01   1.722022E+02   5.776883E+01
       0.677563  -2.129619E+01   1.672582E+02   5.970087E+01
       0.685727  -2.151888E+01   1.539332E+02   6.131380E+01
       0.693890  -2.172884E+01   1.280244E+02   6.234675E+01
       0.702054  -2.191510E+01   8.436413E+01   6.242424E+01
       0.710217  -2.206296E+01   1.795409E+01   6.104607E+01
       0.718381  -2.215524E+01  -7.309080E+01   5.762790E+01
       0.726544  -2.217652E+01  -1.824789E+02   5.164447E+01
       0.734707  -2.212144E+01  -2.909017E+02   4.290531E+01
       0.742871  -2.200434E+01  -3.679256E+02   3.187759E+01
       0.751034  -2.186264E+01  -3.859636E+02   1.979878E+01
       0.759198  -2.174678E+01  -3.385941E+02   8.338731E+00
       0.767361  -2.170064E+01  -2.448502E+02  -1.052809E+00
       0.775524  -2.174697E+01  -1.347845E+02  -7.633490E+00
       0.783688  -2.188648E+01  -3.229889E+01  -1.139705E+01
       0.791851  -2.210640E+01   5.131005E+01  -1.278788E+01
       0.800015  -2.238970E+01   1.145507E+02  -1.239074E+01
       0.808178  -2.272075E+01   1.606247E+02  -1.074217E+01
       0.816342  -2.308729E+01   1.938075E+02  -8.261572E+00
       0.824505  -2.348033E+01   2.177303E+02  -5.250386E+00
       0.832668  -2.389329E+01   2.348171E+02  -1.917608E+00
       0.840832  -2.432076E+01   2.461895E+02   1.589624E+00
       0.848995  -2.475731E+01   2.516512E+02   5.157784E+00
       0.857159  -2.519607E+01   2.495706E+02   8.681544E+00
       0.865322  -2.562713E+01   2.365866E+02   1.203903E+01
       0.873485  -2.603537E+01   2.071311E+02   1.506481E+01
       0.881649  -2.639773E+01   1.528702E+02   1.751835E+01
       0.889812  -2.667987E+01   6.242915E+01   1.904826E+01
       0.897976  -2.683318E+01  -7.768579E+01   1.916016E+01
       0.906139  -2.679437E+01  -2.792030E+02   1.721159E+01
       0.914302  -2.649237E+01  -5.430268E+02   1.248178E+01
       0.922466  -2.586896E+01  -8.451701E+02   4.380415E+00
       0.930629  -2.491475E+01  -1.126284E+03  -7.186706E+00
       0.938793  -2.370594E+01  -1.303474E+03  -2.144476E+01
       0.946956  -2.240793E+01  -1.313431E+03  -3.671309E+01
       0.955120  -2.122321E+01  -1.156845E+03  -5.093481E+01
       0.963283  -2.031169E+01  -8.970977E+02  -6.248595E+01
       0.971446  -1.974247E+01  -6.151059E+02  -7.066530E+01
       0.979610  -1.950115E+01  -3.678883E+02  -7.562017E+01
       0.987773  -1.952753E+01  -1.782925E+02  -7.796342E+01
       0.995937  -1.975075E+01  -4.558165E+01  -7.841684E+01
       1.004100  -2.010864E+01   4.112312E+01  -7.761401E+01
       1.012263  -2.055399E+01   9.436485E+01  -7.603735E+01
       1.020427  -2.105379E+01   1.247757E+02  -7.402524E+01
       1.028590  -2.158623E+01   1.402674E+02  -7.180275E+01
       1.036754  -2.213755E+01   1.463387E+02  -6.951388E+01
       1.044917  -2.269943E+01   1.466649E+02  -6.724754E+01
       1.053081  -2.326720E+01   1.436436E+02  -6.505637E+01
       1.061244  -2.383853E+01   1.388130E+02  -6.296969E+01
       1.069407  -2.441259E+01   1.331461E+02  -6.100206E+01
       1.077571  -2.498951E+01   1.272496E+02  -5.915883E+01
       1.085734  -2.557007E+01   1.214944E+02  -5.743983E+01
       1.093898  -2.615539E+01   1.161014E+02  -5.584159E+01
       1.102061  -2.674687E+01   1.111962E+02  -5.435891E+01
       1.110224  -2.734608E+01   1.068451E+02  -5.298569E+01
       1.118388  -2.795468E+01   1.030780E+02  -5.171558E+01
       1.126551  -2.857445E+01   9.990295E+01  -5.054229E+01
       1.134715  -2.920722E+01   9.731563E+01  -4.945983E+01
       1.142878  -2.985491E+01   9.530503E+01  -4.846259E+01
       1.151042  -3.051953E+01   9.385697E+01  -4.754544E+01
       1.159205  -3.120314E+01   9.295565E+01  -4.670375E+01
       1.167368  -3.190794E+01   9.258404E+01  -4.593340E+01
       1.175532  -3.263620E+01   9.272283E+01  -4.523079E+01
       1.183695  -3.339032E+01   9.334801E+01  -4.459286E+01
       1.191859  -3.417282E+01   9.442650E+01  -4.401714E+01
       1.200022  -3.498631E+01   9.590910E+01  -4.350178E+01
       1.208185  -3.583352E+01   9.771940E+01  -4.304565E+01
       1.216349  -3.671725E+01   9.973648E+01  -4.264855E+01
       1.224512  -3.764025E+01   1.017683E+02  -4.231145E+01
       1.232676  -3.860518E+01   1.035107E+02  -4.203695E+01
       1.240839  -3.961436E+01   1.044861E+02  -4.182993E+01
       1.249003  -4.066947E+01   1.039529E+02  -4.169862E+01
       1.257166  -4.177106E+01   1.007785E+02  -4.165605E+01
       1.265329  -4.291780E+01   9.327929E+01  -4.172228E+01
       1.273493  -4.410536E+01   7.905783E+01  -4.192716E+01
       1.281656  -4.532497E+01   5.495047E+01  -4.231340E+01
       1.289820  -4.656150E+01   1.734283E+01  -4.293831E+01
       1.297983  -4.779158E+01  -3.669049E+01  -4.387072E+01
       1.306146  -4.898232E+01  -1.069770E+02  -4.517636E+01
       1.314310  -5.009139E+01  -1.869643E+02  -4.688467E+01
       1.322473  -5.106818E+01  -2.620649E+02  -4.893772E+01
       1.330637  -5.185315E+01  -3.136550E+02  -5.114277E+01
       1.338800  -5.237124E+01  -3.292524E+02  -5.316868E+01
       1.346963  -5.252224E+01  -3.112419E+02  -5.461081E+01
       1.355127  -5.218471E+01  -2.746995E+02  -5.510239E+01
       1.363290  -5.125726E+01  -2.353901E+02  -5.442598E+01
       1.371454  -4.974245E+01  -1.990856E+02  -5.259975E+01
       1.379617  -4.783036E+01  -1.609681E+02  -4.992018E+01
       1.387781  -4.589864E+01  -1.140352E+02  -4.691187E+01
       1.395944  -4.438692E+01  -5.765851E+01  -4.415758E+01
       1.404107  -4.362252E+01   1.602628E+00  -4.209307E+01
       1.412271  -4.372673E+01   5.554871E+01  -4.090261E+01
       1.420434  -4.464041E+01   9.918653E+01  -4.055179E+01
       1.428598  -4.620617E+01   1.315542E+02  -4.088413E+01
       1.436761  -4.823734E+01   1.541422E+02  -4.170213E+01
       1.444924  -5.054889E+01   1.691715E+02  -4.280493E+01
       1.453088  -5.295668E+01   1.785806E+02  -4.398978E+01
       1.461251  -5.525743E+01   1.836229E+02  -4.503140E+01
       1.469415  -5.719722E+01   1.847864E+02  -4.564842E+01
       1.477578  -5.843350E+01   1.818597E+02  -4.546232E+01
       1.485742  -5.849750E+01   1.741408E+02  -4.395670E+01
       1.493905  -5.677548E+01   1.609399E+02  -4.045694E+01
       1.502068  -5.254872E+01   1.426262E+02  -3.417361E+01
       1.510232  -4.515319E+01   1.222646E+02  -2.437628E+01
       1.518395  -3.429889E+01   1.069913E+02  -1.074115E+01
       1.526559  -2.046071E+01   1.069450E+02   6.222158E+00
       1.534722  -5.049936E+00   1.300960E+02   2.498120E+01
       1.542885   9.935431E+00   1.757953E+02   4.335786E+01
       1.551049   2.267422E+01   2.334243E+02   5.935691E+01
       1.559212   3.215485E+01   2.877254E+02   7.185295E+01
       1.567376   3.827781E+01   3.249227E+02   8.069797E+01
       1.575539   4.154260E+01   3.344628E+02   8.637194E+01
       1.583703   4.266326E+01   3.068939E+02   8.955035E+01
       1.591866   4.231703E+01   2.309234E+02   9.081187E+01
       1.600029   4.104235E+01   9.200808E+01   9.050538E+01
       1.608193   3.922673E+01  -1.257651E+02   8.871762E+01
       1.616356   3.712986E+01  -4.325605E+02   8.529596E+01
       1.624520   3.491117E+01  -8.197839E+02   7.991634E+01
       1.632683   3.265038E+01  -1.246751E+03   7.220407E+01
       1.640846   3.036227E+01  -1.641818E+03   6.189564E+01
       1.649010   2.801575E+01  -1.928724E+03   4.898829E+01
       1.657173   2.556737E+01  -2.060117E+03   3.383253E+01
       1.665337   2.300548E+01  -2.024781E+03   1.718925E+01
       1.673500   2.038087E+01  -1.833504E+03   2.435926E-01
       1.681664   1.779828E+01  -1.517624E+03  -1.557082E+01
       1.689827   1.537093E+01  -1.135408E+03  -2.899994E+01
       1.697990   1.317364E+01  -7.567599E+02  -3.938374E+01
       1.706154   1.122618E+01  -4.342437E+02  -4.674263E+01
       1.714317   9.506025E+00  -1.890812E+02  -5.155138E+01
       1.722481   7.969900E+00  -1.725972E+01  -5.443928E+01
       1.730644   6.568961E+00   9.766223E+01  -5.598489E+01
       1.738807   5.254629E+00   1.751148E+02  -5.662826E+01
       1.746971   3.977712E+00   2.332088E+02  -5.665607E+01
       1.755134   2.684013E+00   2.875710E+02  -5.621579E+01
       1.763298   1.308728E+00   3.509514E+02  -5.533538E+01
       1.771461  -2.282164E-01   4.316715E+02  -5.394291E+01
       1.779625  -2.022810E+00   5.296480E+02  -5.189255E+01
       1.787788  -4.179838E+00   6.307472E+02  -4.900808E+01
       1.795951  -6.796721E+00   7.046778E+02  -4.514707E+01
       1.804115  -9.943975E+00   7.148191E+02  -4.026319E+01
       1.812278  -1.365143E+01   6.406039E+02  -3.442878E+01
       1.820442  -1.789642E+01   4.956001E+02  -2.781700E+01
       1.828605  -2.257603E+01   3.223695E+02  -2.070230E+01
       1.836768  -2.747113E+01   1.680153E+02  -1.350046E+01
       1.844932  -3.225785E+01   6.117276E+01  -6.753942E+00
       1.853095  -3.660066E+01   4.914705E+00  -9.809354E-01
       1.861259  -4.026736E+01  -1.474942E+01   3.519654E+00
       1.869422  -4.317564E+01  -1.540058E+01   6.743865E+00
       1.877585  -4.535981E+01  -9.826572E+00   8.906849E+00
       1.885749  -4.691655E+01  -4.545252E+00   1.030807E+01
       1.893912  -4.797961E+01  -1.711210E+00   1.122185E+01
       1.902076  -4.872543E+01  -1.310350E+00   1.183903E+01
       1.910239  -4.937479E+01  -2.605316E+00   1.225661E+01
       1.918403  -5.015963E+01  -4.854206E+00   1.250527E+01
       1.926566  -5.126616E+01  -7.514565E+00   1.259325E+01
       1.934729  -5.279808E+01  -1.017588E+01   1.253834E+01
       1.942893  -5.478188E+01  -1.249385E+01   1.237524E+01
       1.951056  -5.719653E+01  -1.429688E+01   1.214666E+01
       1.959220  -5.999937E+01  -1.584136E+01   1.189188E+01
       1.967383  -6.313578E+01  -1.797772E+01   1.163885E+01
       1.975546  -6.653560E+01  -2.183115E+01   1.140080E+01
       1.983710  -7.010579E+01  -2.786023E+01   1.117647E+01
       1.991873  -7.372461E+01  -3.493054E+01   1.095342E+01
       2.000037  -7.723276E+01  -4.026480E+01   1.071178E+01
       2.008200  -8.041138E+01  -4.012349E+01   1.042519E+01
       2.016364  -8.294199E+01  -3.030636E+01   1.005852E+01
       2.024527  -8.435302E+01  -6.110215E+00   9.564846E+00
       2.032690  -8.396454E+01   3.778534E+01   8.885683E+00
       2.040854  -8.085527E+01   1.067100E+02   7.958134E+00
       2.049017  -7.389991E+01   2.038377E+02   6.729997E+00
       2.057181  -6.195642E+01   3.258403E+02   5.179267E+00
       2.065344  -4.428700E+01   4.572134E+02   3.332237E+00
       2.073507  -2.117990E+01   5.681333E+02   1.278214E+00
       2.081671   5.561642E+00   6.238170E+02  -8.231044E-01
       2.089834   3.282618E+01   6.052527E+02  -2.759727E+00
       2.097998   5.727328E+01   5.236543E+02  -4.323360E+00
       2.106161   7.659965E+01   4.116521E+02  -5.376821E+00
       2.114325   9.008752E+01   3.001904E+02  -5.889985E+00
       2.122488   9.828497E+01   2.037571E+02  -5.933411E+00
       2.130651   1.023397E+02   1.223661E+02  -5.646025E+00
       2.138815   1.034663E+02   5.184141E+01  -5.190280E+00
       2.146978   1.026823E+02  -9.095802E+00  -4.706272E+00
       2.155142   1.007400E+02  -5.878034E+01  -4.283192E+00
       2.163305   9.815369E+01  -9.554050E+01  -3.958309E+00
       2.171468   9.525250E+01  -1.192040E+02  -3.734152E+00
       2.179632   9.223129E+01  -1.306459E+02  -3.597855E+00
       2.187795   8.918825E+01  -1.307816E+02  -3.534048E+00
       2.195959   8.615091E+01  -1.200121E+02  -3.530889E+00
       2.204122   8.309509E+01  -9.847433E+01  -3.581700E+00
       2.212286   7.996498E+01  -6.723030E+01  -3.684185E+00
       2.220449   7.670348E+01  -3.024846E+01  -3.838028E+00
       2.228612   7.329707E+01   3.997837E+00  -4.041212E+00
       2.236776   6.982128E+01   2.385291E+01  -4.286312E+00
       2.244939   6.645016E+01   2.015588E+01  -4.559450E+00
       2.253103   6.340215E+01  -7.519869E+00  -4.843900E+00
       2.261266   6.085002E+01  -5.063818E+01  -5.126304E+00
       2.269429   5.886090E+01  -9.777071E+01  -5.400644E+00
       2.277593   5.739750E+01  -1.405256E+02  -5.667659E+00
       2.285756   5.635482E+01  -1.751742E+02  -5.931466E+00
       2.293920   5.559320E+01  -2.011695E+02  -6.196091E+00
       2.302083   5.495058E+01  -2.190915E+02  -6.462933E+00
       2.310246   5.423470E+01  -2.291805E+02  -6.728833E+00
       2.318410   5.320230E+01  -2.304375E+02  -6.983829E+00
       2.326573   5.153303E+01  -2.199225E+02  -7.207529E+00
       2.334737   4.880906E+01  -1.919502E+02  -7.362875E+00
       2.342900   4.451908E+01  -1.371435E+02  -7.385954E+00
       2.351064   3.811122E+01  -4.184882E+01  -7.171612E+00
       2.359227   2.910594E+01   1.106684E+02  -6.558702E+00
       2.367390   1.723628E+01   3.350884E+02  -5.327101E+00
       2.375554   2.545761E+00   6.334879E+02  -3.227098E+00
       2.383717  -1.457137E+01   9.808978E+02  -6.099396E-02
       2.391881  -3.328950E+01   1.314980E+03   4.183764E+00
       2.400044  -5.217675E+01   1.546936E+03   9.200746E+00
       2.408207  -6.914715E+01   1.604716E+03   1.434223E+01
       2.416371  -8.187852E+01   1.481382E+03   1.879929E+01
       2.424534  -8.864546E+01   1.237477E+03   2.191542E+01
       2.432698  -8.905637E+01   9.536110E+02   2.343124E+01
       2.440861  -8.423399E+01   6.854616E+02   2.352452E+01
       2.449025  -7.634326E+01   4.557836E+02   2.266420E+01
       2.457188  -6.771075E+01   2.693762E+02   2.138220E+01
       2.465351  -6.002924E+01   1.252356E+02   2.008439E+01
       2.473515  -5.405412E+01   1.926846E+01   1.897740E+01
       2.481678  -4.976948E+01  -5.598779E+01   1.809749E+01
       2.489842  -4.671747E+01  -1.104583E+02   1.737498E+01
       2.498005  -4.425436E+01  -1.549262E+02   1.668511E+01
       2.506168  -4.168408E+01  -1.997712E+02   1.587474E+01
       2.514332  -3.832821E+01  -2.538540E+02   1.477728E+01
       2.522495  -3.361290E+01  -3.225813E+02   1.323408E+01
       2.530659  -2.722208E+01  -4.044445E+02   1.113637E+01
       2.538822  -1.928510E+01  -4.871757E+02   8.485004E+00
       2.546986  -1.046314E+01  -5.479618E+02   5.436693E+00
       2.555149  -1.788460E+00  -5.628525E+02   2.289271E+00
       2.563312   5.714499E+00  -5.222405E+02  -6.121004E-01
       2.571476   1.138977E+01  -4.383466E+02  -2.999456E+00
       2.579639   1.507303E+01  -3.363328E+02  -4.756922E+00
       2.587803   1.697514E+01  -2.389825E+02  -5.911276E+00
       2.595966   1.747837E+01  -1.585865E+02  -6.571395E+00
       2.604129   1.697603E+01  -9.787761E+01  -6.867555E+00
       2.612293   1.579244E+01  -5.439632E+01  -6.915299E+00
       2.620456   1.416221E+01  -2.407094E+01  -6.802401E+00
       2.628620   1.223771E+01  -3.055605E+00  -6.588689E+00
       2.636783   1.010413E+01   1.165471E+01  -6.310418E+00
       2.644947   7.792382E+00   2.219013E+01  -5.984825E+00
       2.653110   5.286966E+00   2.996705E+01  -5.613267E+00
       2.661273   2.529220E+00   3.587853E+01  -5.182861E+00
       2.669437  -5.806477E-01   4.046934E+01  -4.667556E+00
       2.677600  -4.175706E+00   4.410712E+01  -4.030778E+00
       2.685764  -8.396944E+00   4.717223E+01  -3.233135E+00
       2.693927  -1.333877E+01   5.024142E+01  -2.248703E+00
       2.702090  -1.897084E+01   5.412794E+01  -1.088222E+00
       2.710254  -2.508063E+01   5.958734E+01   1.840392E-01
       2.718417  -3.130388E+01   6.675321E+01   1.459869E+00
       2.726581  -3.725419E+01   7.478558E+01   2.626542E+00
       2.734744  -4.266055E+01   8.207938E+01   3.609113E+00
       2.742907  -4.741044E+01   8.670159E+01   4.385235E+00
       2.751071  -5.149153E+01   8.651363E+01   4.970788E+00
       2.759234  -5.489487E+01   7.886022E+01   5.395545E+00
       2.767398  -5.752885E+01   6.003630E+01   5.684073E+00
       2.775561  -5.915373E+01   2.477733E+01   5.845120E+00
       2.783725  -5.932961E+01  -3.392655E+01   5.866794E+00
       2.791888  -5.738061E+01  -1.240828E+02   5.715175E+00
       2.800051  -5.240602E+01  -2.518812E+02   5.337105E+00
       2.808215  -4.340850E+01  -4.155344E+02   4.671700E+00
       2.816378  -2.962719E+01  -5.964358E+02   3.676906E+00
       2.824542  -1.107775E+01  -7.540611E+02   2.371382E+00
       2.832705   1.095616E+01  -8.364352E+02   8.731739E-01
       2.840868   3.397618E+01  -8.089046E+02  -6.012412E-01
       2.849032   5.510450E+01  -6.789848E+02  -1.795817E+00
       2.857195   7.218076E+01  -4.906367E+02  -2.496292E+00
       2.865359   8.429017E+01  -2.954811E+02  -2.577845E+00
       2.873522   9.149718E+01  -1.308607E+02  -2.006937E+00
       2.881686   9.423056E+01  -1.632556E+01  -8.273615E-01
       2.889849   9.282933E+01   4.201692E+01   8.497821E-01
       2.898012   8.746991E+01   4.976911E+01   2.863056E+00
       2.906176   7.841501E+01   2.423107E+01   5.036386E+00
       2.914339   6.634258E+01  -1.017363E+01   7.217820E+00
       2.922503   5.246613E+01  -3.190111E+01   9.297091E+00
       2.930666   3.829959E+01  -3.134936E+01   1.120249E+01
       2.938829   2.519685E+01  -1.242527E+01   1.289433E+01
       2.946993   1.397706E+01   1.383221E+01   1.436196E+01
       2.955156   4.850859E+00   3.771305E+01   1.561947E+01
       2.963320  -2.394726E+00   5.510883E+01   1.669624E+01
       2.971483  -8.140634E+00   6.671388E+01   1.762388E+01
       2.979647  -1.274718E+01   7.544764E+01   1.842294E+01
       2.987810  -1.645840E+01   8.475268E+01   1.909144E+01
       2.995973  -1.936535E+01   9.814735E+01   1.959482E+01
       3.004137  -2.139115E+01   1.193827E+02   1.985612E+01
       3.012300  -2.227931E+01   1.525478E+02   1.974598E+01
       3.020464  -2.158822E+01   2.015416E+02   1.907651E+01
       3.028627  -1.871932E+01   2.682124E+02   1.761002E+01
       3.036790  -1.302987E+01   3.486250E+02   1.510283E+01
       3.044954  -4.080288E+00   4.284212E+02   1.140297E+01
       3.053117   8.018795E+00   4.816851E+02   6.587302E+00
       3.061281   2.237347E+01   4.795251E+02   1.052736E+00
       3.069444   3.748484E+01   4.072634E+02  -4.557080E+00
       3.077608   5.184594E+01   2.763783E+02  -9.595878E+00
       3.085771   6.450378E+01   1.196358E+02  -1.365667E+01
       3.093934   7.514538E+01  -2.450234E+01  -1.663808E+01
       3.102098   8.378297E+01  -1.263472E+02  -1.864588E+01
       3.110261   9.045295E+01  -1.742157E+02  -1.986070E+01
       3.118425   9.517692E+01  -1.761157E+02  -2.046208E+01
       3.126588   9.808151E+01  -1.520071E+02  -2.060989E+01
       3.134751   9.946331E+01  -1.223705E+02  -2.044667E+01
       3.142915   9.973737E+01  -1.015032E+02  -2.009916E+01
       3.151078   9.934479E+01  -9.716077E+01  -1.967793E+01
       3.159242   9.868771E+01  -1.127199E+02  -1.927836E+01
       3.167405   9.810022E+01  -1.482811E+02  -1.898168E+01
       3.175568   9.783063E+01  -1.994534E+02  -1.885121E+01
       3.183732   9.801268E+01  -2.549710E+02  -1.891994E+01
       3.191895   9.863077E+01  -2.969484E+02  -1.917300E+01
       3.200059   9.952021E+01  -3.078755E+02  -1.954088E+01
       3.208222   1.004425E+02  -2.816944E+02  -1.992105E+01
       3.216386   1.012042E+02  -2.281141E+02  -2.022170E+01
       3.224549   1.017289E+02  -1.649458E+02  -2.039530E+01
       3.232712   1.020389E+02  -1.071335E+02  -2.044028E+01
       3.240876   1.021917E+02  -6.199515E+01  -2.038106E+01
       3.249039   1.022258E+02  -3.066912E+01  -2.024678E+01
       3.257203   1.021285E+02  -1.132703E+01  -2.005829E+01
       3.265366   1.018172E+02  -1.503237E+00  -1.982225E+01
       3.273529   1.011219E+02   8.212238E-01  -1.952851E+01
       3.281693   9.976384E+01  -3.037376E+00  -1.914817E+01
       3.289856   9.733911E+01  -1.222434E+01  -1.863210E+01
       3.298020   9.332794E+01  -2.567817E+01  -1.791237E+01
       3.306183   8.717368E+01  -4.101401E+01  -1.691194E+01
       3.314347   7.848268E+01  -5.333487E+01  -1.556992E+01
       3.322510   6.734138E+01  -5.540528E+01  -1.388393E+01
       3.330673   5.458739E+01  -4.118222E+01  -1.195135E+01
       3.338837   4.172803E+01  -1.185319E+01  -9.969165E+00
       3.347000   3.037673E+01   2.188560E+01  -8.167124E+00
       3.355164   2.156470E+01   4.622463E+01  -6.711109E+00
       3.363327   1.545819E+01   5.361468E+01  -5.650816E+00
       3.371490   1.157664E+01   4.543832E+01  -4.938809E+00
       3.379654   9.183237E+00   2.755971E+01  -4.483194E+00
       3.387817   7.562221E+00   5.444494E+00  -4.189991E+00
       3.395981   6.143017E+00  -1.732070E+01  -3.983041E+00
       3.404144   4.552317E+00  -3.809555E+01  -3.810026E+00
       3.412308   2.651249E+00  -5.418804E+01  -3.643677E+00
       3.420471   5.416531E-01  -6.324635E+01  -3.479970E+00
       3.428634  -1.508781E+00  -6.470259E+01  -3.330829E+00
       3.436798  -3.216278E+00  -6.042990E+01  -3.212000E+00
       3.444961  -4.414374E+00  -5.358743E+01  -3.132535E+00
       3.453125  -5.091346E+00  -4.684131E+01  -3.091467E+00
       3.461288  -5.344601E+00  -4.148663E+01  -3.080601E+00
       3.469451  -5.314780E+00  -3.759795E+01  -3.088894E+00
       3.477615  -5.140433E+00  -3.454349E+01  -3.105427E+00
       3.485778  -4.937779E+00  -3.141141E+01  -3.120649E+00
       3.493942  -4.793371E+00  -2.727319E+01  -3.126754E+00
       3.502105  -4.756959E+00  -2.133191E+01  -3.118129E+00
       3.510269  -4.828392E+00  -1.290626E+01  -3.092254E+00
       3.518432  -4.942965E+00  -1.081072E+00  -3.050600E+00
       3.526595  -4.968848E+00   1.596960E+01  -2.998245E+00
       3.534759  -4.725777E+00   4.142799E+01  -2.941498E+00
       3.542922  -4.015887E+00   7.916879E+01  -2.884684E+00
       3.551086  -2.651938E+00   1.315261E+02  -2.828362E+00
       3.559249  -4.886262E-01   1.957987E+02  -2.770040E+00
       3.567412   2.521993E+00   2.610324E+02  -2.706591E+00
       3.575576   6.255178E+00   3.087159E+02  -2.636877E+00
       3.583739   1.037693E+01   3.208409E+02  -2.563139E+00
       3.591903   1.441799E+01   2.916644E+02  -2.490245E+00
       3.600066   1.794320E+01   2.320385E+02  -2.423328E+00
       3.608229   2.069726E+01   1.614995E+02  -2.365713E+00
       3.616393   2.263234E+01   9.682663E+01  -2.318555E+00
       3.624556   2.383980E+01   4.666545E+01  -2.281912E+00
       3.632720   2.446568E+01   1.264527E+01  -2.256132E+00
       3.640883   2.466117E+01  -7.281379E+00  -2.242806E+00
       3.649047   2.457379E+01  -1.591827E+01  -2.245099E+00
       3.657210   2.436070E+01  -1.460980E+01  -2.267439E+00
       3.665373   2.419888E+01  -1.886601E+00  -2.314708E+00
       3.673537   2.427332E+01   2.552851E+01  -2.391338E+00
       3.681700   2.474156E+01   6.826723E+01  -2.500734E+00
       3.689864   2.568388E+01   1.188395E+02  -2.644562E+00
       3.698027   2.704864E+01   1.601418E+02  -2.820566E+00
       3.706190   2.861353E+01   1.713072E+02  -3.019212E+00
       3.714354   3.000428E+01   1.390938E+02  -3.222860E+00
       3.722517   3.079904E+01   6.684311E+01  -3.410686E+00
       3.730681   3.068486E+01  -2.640099E+01  -3.566678E+00
       3.738844   2.958779E+01  -1.148527E+02  -3.684224E+00
       3.747008   2.771261E+01  -1.764839E+02  -3.764726E+00
       3.755171   2.546618E+01  -2.012153E+02  -3.813480E+00
       3.763334   2.329146E+01  -1.934043E+02  -3.836637E+00
       3.771498   2.150726E+01  -1.664493E+02  -3.840132E+00
       3.779661   2.024636E+01  -1.340135E+02  -3.829458E+00
       3.787825   1.949384E+01  -1.047434E+02  -3.809455E+00
       3.795988   1.916148E+01  -8.201083E+01  -3.784090E+00
       3.804151   1.914604E+01  -6.594984E+01  -3.756385E+00
       3.812315   1.935839E+01  -5.538039E+01  -3.728514E+00
       3.820478   1.973181E+01  -4.889867E+01  -3.701991E+00
       3.828642   2.022051E+01  -4.531134E+01  -3.677851E+00
       3.836805   2.079496E+01  -4.373005E+01  -3.656813E+00
       3.844969   2.143732E+01  -4.353484E+01  -3.639396E+00
       3.853132   2.213771E+01  -4.430505E+01  -3.625998E+00
       3.861295   2.289152E+01  -4.575442E+01  -3.616953E+00
       3.869459   2.369757E+01  -4.767856E+01  -3.612567E+00
       3.877622   2.455670E+01  -4.991340E+01  -3.613137E+00
       3.885786   2.547073E+01  -5.229944E+01  -3.618964E+00
       3.893949   2.644151E+01  -5.464681E+01  -3.630352E+00
       3.902112   2.746985E+01  -5.669572E+01  -3.647597E+00
       3.910276   2.855425E+01  -5.806852E+01  -3.670960E+00
       3.918439   2.968905E+01  -5.821290E+01  -3.700605E+00
       3.926603   3.086195E+01  -5.634598E+01  -3.736471E+00
       3.934766   3.205053E+01  -5.143055E+01  -3.777996E+00
       3.942930   3.321788E+01  -4.225078E+01  -3.823547E+00
       3.951093   3.430725E+01  -2.767660E+01  -3.869280E+00
       3.959256   3.523592E+01  -7.120053E+00  -3.907100E+00
       3.967420   3.588690E+01   1.913670E+01  -3.921572E+00
       3.975583   3.609334E+01   5.044242E+01  -3.886382E+00
       3.983747   3.560880E+01   8.738615E+01  -3.761899E+00
       3.991910   3.406559E+01   1.331806E+02  -3.495458E+00
       4.000073   3.095033E+01   1.926621E+02  -3.024968E+00
       4.008237   2.565515E+01   2.683178E+02  -2.287040E+00
       4.016400   1.766398E+01   3.546858E+02  -1.233996E+00
       4.024564   6.874990E+00   4.344059E+02   1.370229E-01
       4.032727  -6.082396E+00   4.819577E+02   1.753729E+00
       4.040890  -1.982030E+01   4.779950E+02   3.466413E+00
       4.049054  -3.263051E+01   4.240796E+02   5.093944E+00
       4.057217  -4.314336E+01   3.420808E+02   6.493088E+00
       4.065381  -5.072146E+01   2.588132E+02   7.598963E+00
       4.073544  -5.539562E+01   1.914766E+02   8.414891E+00
       4.081708  -5.755471E+01   1.429777E+02   8.973080E+00
       4.089871  -5.766260E+01   1.046500E+02   9.294995E+00
       4.098034  -5.610484E+01   6.241096E+01   9.364929E+00
       4.106198  -5.313284E+01   4.941812E+00   9.119879E+00
       4.114361  -4.885559E+01  -6.868765E+01   8.458067E+00
       4.122525  -4.328136E+01  -1.464580E+02   7.270227E+00
       4.130688  -3.644701E+01  -2.082716E+02   5.496484E+00
       4.138851  -2.861866E+01  -2.368427E+02   3.196618E+00
       4.147015  -2.043222E+01  -2.285889E+02   5.901071E-01
       4.155178  -1.281389E+01  -1.950497E+02  -1.987065E+00
       4.163342  -6.686103E+00  -1.532222E+02  -4.203274E+00
       4.171505  -2.667882E+00  -1.153247E+02  -5.846857E+00
       4.179669  -9.503569E-01  -8.602222E+01  -6.862659E+00
       4.187832  -1.327919E+00  -6.497412E+01  -7.317071E+00
       4.195995  -3.285208E+00  -4.995229E+01  -7.342578E+00
       4.204159  -6.122135E+00  -3.872547E+01  -7.091747E+00
       4.212322  -9.139014E+00  -2.982834E+01  -6.702885E+00
       4.220486  -1.182250E+01  -2.257732E+01  -6.277358E+00
       4.228649  -1.392639E+01  -1.671122E+01  -5.873307E+00
       4.236812  -1.542567E+01  -1.205848E+01  -5.514216E+00
       4.244976  -1.641534E+01  -8.409406E+00  -5.203071E+00
       4.253139  -1.702539E+01  -5.528433E+00  -4.934001E+00
       4.261303  -1.737491E+01  -3.196863E+00  -4.698975E+00
       4.269466  -1.755648E+01  -1.237127E+00  -4.490671E+00
       4.277630  -1.763610E+01   4.836389E-01  -4.303273E+00
       4.285793  -1.765847E+01   2.060491E+00  -4.132413E+00
       4.293956  -1.765286E+01   3.560210E+00  -3.974865E+00
       4.302120  -1.763800E+01   5.029852E+00  -3.828237E+00
       4.310283  -1.762558E+01   6.503347E+00  -3.690718E+00
       4.318447  -1.762276E+01   8.006229E+00  -3.560900E+00
       4.326610  -1.763372E+01   9.558963E+00  -3.437653E+00
       4.334773  -1.766081E+01   1.117929E+01  -3.320034E+00
       4.342937  -1.770521E+01   1.288397E+01  -3.207228E+00
       4.351100  -1.776747E+01   1.469019E+01  -3.098493E+00
       4.359264  -1.784779E+01   1.661689E+01  -2.993119E+00
       4.367427  -1.794636E+01   1.868593E+01  -2.890380E+00
       4.375591  -1.806357E+01   2.092309E+01  -2.789481E+00
       4.383754  -1.820036E+01   2.335754E+01  -2.689485E+00
       4.391917  -1.835861E+01   2.601697E+01  -2.589234E+00
       4.400081  -1.854172E+01   2.891062E+01  -2.487244E+00
       4.408244  -1.875553E+01   3.198385E+01  -2.381635E+00
       4.416408  -1.900968E+01   3.501591E+01  -2.270170E+00
       4.424571  -1.931980E+01   3.742856E+01  -2.150565E+00
       4.432734  -1.971060E+01   3.801543E+01  -2.021306E+00
       4.440898  -2.022041E+01   3.473276E+01  -1.882969E+00
       4.449061  -2.090647E+01   2.484731E+01  -1.739515E+00
       4.457225  -2.184985E+01   5.647535E+00  -1.598397E+00
       4.465388  -2.315601E+01  -2.446747E+01  -1.468755E+00
       4.473551  -2.494404E+01  -6.478040E+01  -1.358546E+00
       4.481715  -2.731481E+01  -1.108330E+02  -1.272201E+00
       4.489878  -3.029446E+01  -1.533495E+02  -1.209383E+00
       4.498042  -3.377474E+01  -1.798966E+02  -1.164561E+00
       4.506205  -3.750281E+01  -1.809480E+02  -1.127852E+00
       4.514369  -4.116010E+01  -1.564422E+02  -1.087841E+00
       4.522532  -4.448976E+01  -1.158510E+02  -1.035347E+00
       4.530695  -4.737867E+01  -7.155532E+01  -9.657043E-01
       4.538859  -4.984988E+01  -3.248584E+01  -8.785072E-01
       4.547022  -5.200306E+01  -2.407220E+00  -7.759089E-01
       4.555186  -5.395633E+01   1.852103E+01  -6.610348E-01
       4.563349  -5.581260E+01   3.164984E+01  -5.371626E-01
       4.571512  -5.764694E+01   3.846365E+01  -4.076087E-01
       4.579676  -5.950457E+01   3.994091E+01  -2.760649E-01
       4.587839  -6.140154E+01   3.633403E+01  -1.472127E-01
       4.596003  -6.332400E+01   2.713999E+01  -2.752798E-02
       4.604166  -6.522428E+01   1.121152E+01   7.380897E-02
       4.612330  -6.701407E+01  -1.285643E+01   1.441473E-01
       4.620493  -6.855654E+01  -4.576238E+01   1.673661E-01
       4.628656  -6.966184E+01  -8.567440E+01   1.257770E-01
       4.636820  -7.009119E+01  -1.259339E+02   5.140852E-03
       4.644983  -6.956986E+01  -1.542626E+02  -1.976421E-01
       4.653147  -6.779538E+01  -1.563406E+02  -4.685049E-01
       4.661310  -6.442460E+01  -1.233878E+02  -7.784991E-01
       4.669473  -5.906127E+01  -5.780349E+01  -1.095360E+00
       4.677637  -5.132867E+01   2.774512E+01  -1.395136E+00
       4.685800  -4.110081E+01   1.149668E+02  -1.663932E+00
       4.693964  -2.882208E+01   1.846326E+02  -1.890318E+00
       4.702127  -1.566600E+01   2.221548E+02  -2.057330E+00
       4.710291  -3.296336E+00   2.237289E+02  -2.141530E+00
       4.718454   6.702437E+00   1.980468E+02  -2.118987E+00
       4.726617   1.334686E+01   1.607101E+02  -1.972127E+00
       4.734781   1.640784E+01   1.257223E+02  -1.692295E+00
       4.742944   1.621851E+01   1.005712E+02  -1.278823E+00
       4.751108   1.338355E+01   8.686717E+01  -7.393410E-01
       4.759271   8.588235E+00   8.381920E+01  -9.535234E-02
       4.767434   2.553361E+00   9.109253E+01   6.064184E-01
       4.775598  -3.926050E+00   1.094994E+02   1.282188E+00
       4.783761  -9.966924E+00   1.397730E+02   1.810764E+00
       4.791925  -1.468840E+01   1.804004E+02   2.054183E+00
       4.800088  -1.738521E+01   2.254109E+02   1.894288E+00
       4.808252  -1.770186E+01   2.629836E+02   1.271868E+00
       4.816415  -1.574695E+01   2.768553E+02   2.190745E-01
       4.824578  -1.208078E+01   2.524993E+02  -1.128541E+00
       4.832742  -7.490267E+00   1.848714E+02  -2.562998E+00
       4.840905  -2.595710E+00   7.983384E+01  -3.877323E+00
       4.849069   2.472109E+00  -5.211582E+01  -4.936359E+00
       4.857232   8.114927E+00  -2.013440E+02  -5.698816E+00
       4.865395   1.503147E+01  -3.574042E+02  -6.192064E+00
       4.873559   2.382308E+01  -5.031313E+02  -6.472928E+00
       4.881722   3.457511E+01  -6.131755E+02  -6.599457E+00
       4.889886   4.660490E+01  -6.633251E+02  -6.618969E+00
       4.898049   5.859036E+01  -6.459939E+02  -6.566995E+00
       4.906213   6.908291E+01  -5.774324E+02  -6.470009E+00
       4.914376   7.708317E+01  -4.881538E+02  -6.347413E+00
       4.922539   8.230841E+01  -4.051119E+02  -6.211887E+00
       4.930703   8.507840E+01  -3.405581E+02  -6.069630E+00
       4.938866   8.601839E+01  -2.925038E+02  -5.921970E+00
       4.947030   8.578587E+01  -2.515704E+02  -5.768067E+00
       4.955193   8.490037E+01  -2.083377E+02  -5.607025E+00
       4.963356   8.367549E+01  -1.583146E+02  -5.438493E+00
       4.971520   8.224032E+01  -1.033276E+02  -5.262414E+00
       4.979683   8.062236E+01  -4.940281E+01  -5.078851E+00
       4.987847   7.883500E+01  -2.887846E+00  -4.888060E+00
       4.996010   7.692173E+01   3.250645E+01  -4.690501E+00
       5.004173   7.495495E+01   5.629266E+01  -4.486862E+00
       5.012337   7.301539E+01   7.013917E+01  -4.278406E+00
       5.020500   7.117269E+01   7.656560E+01  -4.067843E+00
       5.028664   6.947412E+01   7.812496E+01  -3.860379E+00
       5.036827   6.794231E+01   7.709987E+01  -3.664096E+00
       5.044991   6.658001E+01   7.554273E+01  -3.489035E+00
       5.053154   6.537535E+01   7.542036E+01  -3.345597E+00
       5.061317   6.430405E+01   7.843021E+01  -3.243915E+00
       5.069481   6.333690E+01   8.520554E+01  -3.195402E+00
       5.077644   6.246398E+01   9.450897E+01  -3.215800E+00
       5.085808   6.172553E+01   1.036275E+02  -3.326498E+00
       5.093971   6.121741E+01   1.100883E+02  -3.549546E+00
       5.102134   6.104599E+01   1.128863E+02  -3.894415E+00
       5.110298   6.124809E+01   1.118208E+02  -4.341965E+00
       5.118461   6.173553E+01   1.065166E+02  -4.838837E+00
       5.126625   6.232101E+01   9.705165E+01  -5.312641E+00
       5.134788   6.281091E+01   8.489467E+01  -5.700722E+00
       5.142952   6.308726E+01   7.234856E+01  -5.971237E+00
       5.151115   6.312603E+01   6.126296E+01  -6.124175E+00
       5.159278   6.296640E+01   5.242723E+01  -6.178885E+00
       5.167442   6.267138E+01   4.576273E+01  -6.160588E+00
       5.175605   6.230217E+01   4.074866E+01  -6.092176E+00
       5.183769   6.190781E+01   3.672527E+01  -5.991132E+00
       5.191932   6.152379E+01   3.302959E+01  -5.869353E+00
       5.200095   6.117442E+01   2.904316E+01  -5.734062E+00
       5.208259   6.087582E+01   2.424752E+01  -5.588928E+00
       5.216422   6.063853E+01   1.837250E+01  -5.435144E+00
       5.224586   6.046936E+01   1.167606E+01  -5.272610E+00
       5.232749   6.037259E+01   5.234847E+00  -5.101342E+00
       5.240913   6.035063E+01   8.621830E-01  -4.922960E+00
       5.249076   6.040428E+01   2.853406E-01  -4.741429E+00
       5.257239   6.053279E+01   3.967011E+00  -4.562188E+00
       5.265403   6.073362E+01   1.071166E+01  -4.389967E+00
       5.273566   6.100175E+01   1.849696E+01  -4.226930E+00
       5.281730   6.132820E+01   2.559857E+01  -4.072370E+00
       5.289893   6.169760E+01   3.106288E+01  -3.923592E+00
       5.298056   6.208442E+01   3.453254E+01  -3.776964E+00
       5.306220   6.244751E+01   3.587280E+01  -3.628545E+00
       5.314383   6.272255E+01   3.488124E+01  -3.474271E+00
       5.322547   6.281221E+01   3.113867E+01  -3.309991E+00
       5.330710   6.257529E+01   2.398450E+01  -3.131756E+00
       5.338874   6.181840E+01   1.261775E+01  -2.937011E+00
       5.347037   6.029856E+01  -3.638824E+00  -2.727463E+00
       5.355200   5.775049E+01  -2.486016E+01  -2.513995E+00
       5.363364   5.395552E+01  -4.985778E+01  -2.321887E+00
       5.371527   4.885737E+01  -7.566995E+01  -2.191705E+00
       5.379691   4.269427E+01  -9.793720E+01  -2.171851E+00
       5.387854   3.606496E+01  -1.127631E+02  -2.305904E+00
       5.396017   2.983079E+01  -1.193047E+02  -2.623424E+00
       5.404181   2.484435E+01  -1.205466E+02  -3.136485E+00
       5.412344   2.164303E+01  -1.203248E+02  -3.833964E+00
       5.420508   2.029222E+01  -1.186068E+02  -4.669464E+00
       5.428671   2.044761E+01  -1.101615E+02  -5.555765E+00
       5.436834   2.156469E+01  -8.914037E+01  -6.383563E+00
       5.444998   2.312248E+01  -5.502888E+01  -7.059636E+00
       5.453161   2.475644E+01  -1.360859E+01  -7.536463E+00
       5.461325   2.627844E+01   2.665236E+01  -7.814997E+00
       5.469488   2.763124E+01   5.825100E+01  -7.928267E+00
       5.477652   2.883134E+01   7.678152E+01  -7.922234E+00
       5.485815   2.992424E+01   8.204709E+01  -7.841937E+00
       5.493978   3.095517E+01   7.754090E+01  -7.723532E+00
       5.502142   3.195394E+01   6.812829E+01  -7.591451E+00
       5.510305   3.293183E+01   5.770152E+01  -7.459631E+00
       5.518469   3.388552E+01   4.832451E+01  -7.334744E+00
       5.526632   3.480344E+01   4.064104E+01  -7.219350E+00
       5.534795   3.567353E+01   3.463823E+01  -7.114019E+00
       5.542959   3.649311E+01   3.022154E+01  -7.018430E+00
       5.551122   3.727922E+01   2.744535E+01  -6.931837E+00
       5.559286   3.807263E+01   2.641322E+01  -6.853245E+00
       5.567449   3.892814E+01   2.703593E+01  -6.781572E+00
       5.575613   3.989468E+01   2.895654E+01  -6.715815E+00
       5.583776   4.099925E+01   3.174513E+01  -6.655178E+00
       5.591939   4.224418E+01   3.515032E+01  -6.599058E+00
       5.600103   4.361388E+01   3.921028E+01  -6.546947E+00
       5.608266   4.508183E+01   4.423641E+01  -6.498298E+00
       5.616430   4.661258E+01   5.076227E+01  -6.452378E+00
       5.624593   4.815810E+01   5.949266E+01  -6.408071E+00
       5.632756   4.964906E+01   7.121233E+01  -6.363556E+00
       5.640920   5.098222E+01   8.657019E+01  -6.315802E+00
       5.649083   5.200630E+01   1.056563E+02  -6.259949E+00
       5.657247   5.251329E+01   1.273423E+02  -6.189028E+00
       5.665410   5.224714E+01   1.484183E+02  -6.095060E+00
       5.673574   5.094204E+01   1.626976E+02  -5.972771E+00
       5.681737   4.838827E+01   1.608523E+02  -5.826060E+00
       5.689900   4.449718E+01   1.324516E+02  -5.674651E+00
       5.698064   3.932422E+01   7.067060E+01  -5.555814E+00
       5.706227   3.303249E+01  -2.255671E+01  -5.517314E+00
       5.714391   2.583318E+01  -1.344058E+02  -5.603996E+00
       5.722554   1.797600E+01  -2.439706E+02  -5.845910E+00
       5.730717   9.810966E+00  -3.291614E+02  -6.253968E+00
       5.738881   1.839588E+00  -3.743863E+02  -6.822627E+00
       5.747044  -5.336054E+00  -3.751293E+02  -7.534611E+00
       5.755208  -1.116313E+01  -3.376881E+02  -8.362617E+00
       5.763371  -1.530375E+01  -2.752976E+02  -9.266834E+00
       5.771535  -1.772699E+01  -2.033689E+02  -1.019321E+01
       5.779698  -1.867945E+01  -1.358546E+02  -1.108063E+01
       5.787861  -1.855122E+01  -8.305798E+01  -1.187807E+01
       5.796025  -1.771847E+01  -5.041352E+01  -1.255988E+01
       5.804188  -1.645165E+01  -3.800326E+01  -1.312645E+01
       5.812352  -1.491663E+01  -4.126036E+01  -1.359039E+01
       5.820515  -1.322947E+01  -5.326940E+01  -1.395778E+01
       5.828678  -1.151168E+01  -6.763818E+01  -1.421286E+01
       5.836842  -9.921673E+00  -8.013567E+01  -1.430913E+01
       5.845005  -8.664523E+00  -8.855558E+01  -1.416671E+01
       5.853169  -7.983855E+00  -9.187620E+01  -1.367780E+01
       5.861332  -8.124674E+00  -8.992374E+01  -1.272674E+01
       5.869495  -9.254351E+00  -8.335684E+01  -1.123214E+01
       5.877659  -1.135453E+01  -7.311567E+01  -9.205846E+00
       5.885822  -1.413912E+01  -5.956824E+01  -6.799077E+00
       5.893986  -1.708081E+01  -4.213484E+01  -4.289509E+00
       5.902149  -1.958279E+01  -1.990704E+01  -1.991046E+00
       5.910313  -2.121187E+01   6.390824E+00  -1.367642E-01
       5.918476  -2.184269E+01   3.240301E+01   1.184380E+00
       5.926639  -2.164275E+01   5.116369E+01   2.010112E+00
       5.934803  -2.094601E+01   5.735341E+01   2.445148E+00
       5.942966  -2.010623E+01   5.044743E+01   2.606201E+00
       5.951130  -1.939904E+01   3.395069E+01   2.591028E+00
       5.959293  -1.898906E+01   1.288986E+01   2.468483E+00
       5.967456  -1.893517E+01  -7.704047E+00   2.280183E+00
       5.975620  -1.920543E+01  -2.345973E+01   2.047035E+00
       5.983783  -1.969769E+01  -3.162566E+01   1.777589E+00
       5.991947  -2.026991E+01  -3.179066E+01   1.476443E+00
       6.000110  -2.076658E+01  -2.502216E+01   1.151073E+00
       6.008274  -2.102393E+01  -1.216485E+01   8.156182E-01
       6.016437  -2.086437E+01   6.616542E+00   4.901962E-01
       6.024600  -2.010908E+01   3.085387E+01   1.957249E-01
       6.032764  -1.862063E+01   5.875801E+01  -5.248503E-02
       6.040927  -1.636721E+01   8.681687E+01  -2.483583E-01
       6.049091  -1.348610E+01   1.101128E+02  -3.950580E-01
       6.057254  -1.029864E+01   1.238547E+02  -5.028090E-01
       6.065417  -7.224811E+00   1.256428E+02  -5.855154E-01
       6.073581  -4.621853E+00   1.164514E+02  -6.568718E-01
       6.081744  -2.660915E+00   9.958170E+01  -7.273380E-01
       6.089908  -1.323490E+00   7.907343E+01  -8.029529E-01
       6.098071  -4.841568E-01   5.857927E+01  -8.857674E-01
       6.106235   3.479254E-03   4.060140E+01  -9.751323E-01
       6.114398   2.613042E-01   2.619908E+01  -1.069102E+00
       6.122561   3.767714E-01   1.529385E+01  -1.165443E+00
       6.130725   4.089519E-01   7.272706E+00  -1.262093E+00
       6.138888   3.974160E-01   1.531503E+00  -1.357172E+00
       6.147052   3.691068E-01  -2.190742E+00  -1.448718E+00
       6.155215   3.428234E-01  -3.743196E+00  -1.534249E+00
       6.163378   3.326965E-01  -2.812889E+00  -1.610276E+00
       6.171542   3.520156E-01   5.931239E-01  -1.671940E+00
       6.179705   4.168689E-01   5.711395E+00  -1.713087E+00
       6.187869   5.469360E-01   1.083799E+01  -1.727165E+00
       6.196032   7.614247E-01   1.349293E+01  -1.709134E+00
       6.204196   1.071902E+00   1.125676E+01  -1.657913E+00
       6.212359   1.477480E+00   3.431890E+00  -1.578079E+00
       6.220522   1.967310E+00  -7.588531E+00  -1.479583E+00
       6.228686   2.529869E+00  -1.701742E+01  -1.375551E+00
       6.236849   3.164244E+00  -2.032756E+01  -1.279333E+00
       6.245013   3.889115E+00  -1.560748E+01  -1.201667E+00
       6.253176   4.744673E+00  -3.989237E+00  -1.148520E+00
       6.261339   5.780029E+00   1.139156E+01  -1.120492E+00
       6.269503   7.022012E+00   2.659597E+01  -1.114183E+00
       6.277666   8.437037E+00   3.781884E+01  -1.124631E+00
       6.285830   9.916345E+00   4.253380E+01  -1.147340E+00
       6.293993   1.130938E+01   4.060663E+01  -1.179037E+00
       6.302156   1.248856E+01   3.417844E+01  -1.217386E+00
       6.310320   1.339581E+01   2.616721E+01  -1.260459E+00
       6.318483   1.404361E+01   1.878320E+01  -1.306502E+00
       6.326647   1.448648E+01   1.305534E+01  -1.353991E+00
       6.334810   1.479118E+01   9.118448E+00  -1.401801E+00
       6.342974   1.501874E+01   6.648593E+00  -1.449387E+00
       6.351137   1.521699E+01   5.160047E+00  -1.496942E+00
       6.359300   1.541817E+01   4.182970E+00  -1.545378E+00
       6.367464   1.563849E+01   3.404186E+00  -1.595870E+00
       6.375627   1.587974E+01   2.744043E+00  -1.649001E+00
       6.383791   1.613456E+01   2.280432E+00  -1.704142E+00
       6.391954   1.639390E+01   2.077601E+00  -1.759775E+00
       6.400117   1.665280E+01   2.093906E+00  -1.814435E+00
       6.408281   1.691151E+01   2.211316E+00  -1.867375E+00
       6.416444   1.717293E+01   2.291876E+00  -1.918610E+00
       6.424608   1.743923E+01   2.195792E+00  -1.968622E+00
       6.432771   1.770905E+01   1.764288E+00  -2.018067E+00
       6.440935   1.797517E+01   7.875946E-01  -2.067621E+00
       6.449098   1.822222E+01  -1.030400E+00  -2.117918E+00
       6.457261   1.842363E+01  -4.102373E+00  -2.169535E+00
       6.465425   1.853796E+01  -8.961775E+00  -2.222943E+00
       6.473588   1.850534E+01  -1.618937E+01  -2.278334E+00
       6.481752   1.824701E+01  -2.616635E+01  -2.335177E+00
       6.489915   1.767397E+01  -3.855038E+01  -2.391334E+00
       6.498078   1.671300E+01  -5.154743E+01  -2.441735E+00
       6.506242   1.535378E+01  -6.157469E+01  -2.477391E+00
       6.514405   1.370021E+01  -6.439616E+01  -2.486736E+00
       6.522569   1.198220E+01  -5.789372E+01  -2.461035E+00
       6.530732   1.049071E+01  -4.412724E+01  -2.401466E+00
       6.538896   9.462608E+00  -2.808646E+01  -2.320925E+00
       6.547059   8.996189E+00  -1.448402E+01  -2.237214E+00
       6.555222   9.047813E+00  -5.961336E+00  -2.163560E+00
       6.563386   9.487549E+00  -3.218014E+00  -2.104102E+00
       6.571549   1.016303E+01  -5.491254E+00  -2.055414E+00
       6.579713   1.094078E+01  -1.078800E+01  -2.010690E+00
       6.587876   1.172108E+01  -1.630117E+01  -1.963902E+00
       6.596039   1.243485E+01  -1.925052E+01  -1.912758E+00
       6.604203   1.303187E+01  -1.785072E+01  -1.859256E+00
       6.612366   1.346611E+01  -1.181018E+01  -1.807177E+00
       6.620530   1.368303E+01  -1.988439E+00  -1.758346E+00
       6.628693   1.361404E+01   1.042303E+01  -1.710771E+00
       6.636857   1.317999E+01   2.450342E+01  -1.659724E+00
       6.645020   1.230181E+01   3.969233E+01  -1.600102E+00
       6.653183   1.091972E+01   5.534695E+01  -1.528289E+00
       6.661347   9.030125E+00   6.988989E+01  -1.443544E+00
       6.669510   6.740518E+00   8.034423E+01  -1.349748E+00
       6.677674   4.302674E+00   8.342615E+01  -1.256576E+00
       6.685837   2.062527E+00   7.786072E+01  -1.177416E+00
       6.694000   3.270737E-01   6.557715E+01  -1.123734E+00
       6.702164  -7.574647E-01   5.041606E+01  -1.099842E+00
       6.710327  -1.226242E+00   3.589414E+01  -1.102132E+00
       6.718491  -1.223949E+00   2.400464E+01  -1.122449E+00
       6.726654  -9.144918E-01   1.527161E+01  -1.152256E+00
       6.734817  -4.264705E-01   9.358479E+00  -1.185107E+00
       6.742981   1.590970E-01   5.697799E+00  -1.217145E+00
       6.751144   7.963872E-01   3.842834E+00  -1.246468E+00
       6.759308   1.455449E+00   3.473710E+00  -1.272198E+00
       6.767471   2.106652E+00   4.272635E+00  -1.293806E+00
       6.775635   2.712120E+00   5.891546E+00  -1.310768E+00
       6.783798   3.222290E+00   7.961900E+00  -1.322243E+00
       6.791961   3.575625E+00   9.920704E+00  -1.326655E+00
       6.800125   3.702051E+00   1.060683E+01  -1.321617E+00
       6.808288   3.531362E+00   7.999323E+00  -1.304905E+00
       6.816452   3.004730E+00  -3.033524E-01  -1.276722E+00
       6.824615   2.085552E+00  -1.564247E+01  -1.242626E+00
       6.832778   7.721113E-01  -3.649444E+01  -1.215206E+00
       6.840942  -8.800287E-01  -5.748402E+01  -1.211662E+00
       6.849105  -2.735467E+00  -7.066013E+01  -1.246126E+00
       6.857269  -4.591692E+00  -6.960619E+01  -1.320979E+00
       6.865432  -6.244130E+00  -5.368322E+01  -1.425019E+00
       6.873596  -7.562869E+00  -2.818254E+01  -1.540490E+00
       6.881759  -8.523638E+00  -4.168556E-01  -1.651950E+00
       6.889922  -9.183421E+00   2.410586E+01  -1.750388E+00
       6.898086  -9.632976E+00   4.266550E+01  -1.832712E+00
       6.906249  -9.954840E+00   5.421730E+01  -1.899796E+00
       6.914413  -1.019620E+01   5.827305E+01  -1.955033E+00
       6.922576  -1.035835E+01   5.474674E+01  -2.003625E+00
       6.930739  -1.040440E+01   4.435282E+01  -2.051990E+00
       6.938903  -1.028267E+01   2.877488E+01  -2.106735E+00
       6.947066  -9.953378E+00   1.022087E+01  -2.173225E+00
       6.955230  -9.405553E+00  -9.174868E+00  -2.253974E+00
       6.963393  -8.664293E+00  -2.741655E+01  -2.346538E+00
       6.971557  -7.796848E+00  -4.242365E+01  -2.440691E+00
       6.979720  -6.916024E+00  -5.247494E+01  -2.516280E+00
       6.987883  -6.167331E+00  -5.740491E+01  -2.544942E+00
       6.996047  -5.693270E+00  -5.891765E+01  -2.497749E+00
       7.004210  -5.589542E+00  -5.873016E+01  -2.356564E+00
       7.012374  -5.875947E+00  -5.637452E+01  -2.123696E+00
       7.020537  -6.494634E+00  -4.979357E+01  -1.824835E+00
       7.028700  -7.336540E+00  -3.832468E+01  -1.502828E+00
       7.036864  -8.283803E+00  -2.418020E+01  -1.204262E+00
       7.045027  -9.243614E+00  -1.069437E+01  -9.648879E-01
       7.053191  -1.015489E+01   1.690964E-01  -8.002802E-01
       7.061354  -1.097307E+01   8.525414E+00  -7.053570E-01
       7.069518  -1.165587E+01   1.560475E+01  -6.620753E-01
       7.077681  -1.216681E+01   2.229717E+01  -6.500164E-01
       7.085844  -1.249095E+01   2.810691E+01  -6.537394E-01
       7.094008  -1.264552E+01   3.121361E+01  -6.649138E-01
       7.102171  -1.267476E+01   2.981847E+01  -6.811902E-01
       7.110335  -1.263263E+01   2.380980E+01  -7.038892E-01
       7.118498  -1.256488E+01   1.522359E+01  -7.354020E-01
       7.126661  -1.249844E+01   7.142984E+00  -7.770946E-01
       7.134825  -1.243941E+01   2.112893E+00  -8.284228E-01
       7.142988  -1.237719E+01   1.079280E+00  -8.871624E-01
       7.151152  -1.229260E+01   3.200555E+00  -9.500390E-01
       7.159315  -1.216698E+01   6.512017E+00  -1.013117E+00
       7.167478  -1.198911E+01   9.034266E+00  -1.071868E+00
       7.175642  -1.175821E+01   9.660856E+00  -1.121453E+00
       7.183805  -1.148363E+01   8.356312E+00  -1.157732E+00
       7.191969  -1.118371E+01   5.713834E+00  -1.178798E+00
       7.200132  -1.088540E+01   2.438337E+00  -1.185992E+00
       7.208296  -1.062127E+01  -7.232670E-01  -1.183286E+00
       7.216459  -1.042067E+01  -2.732878E+00  -1.174858E+00
       7.224622  -1.029910E+01  -2.225470E+00  -1.162210E+00
       7.232786  -1.025473E+01   2.101412E+00  -1.142554E+00
       7.240949  -1.027474E+01   1.096273E+01  -1.109031E+00
       7.249113  -1.034553E+01   2.412570E+01  -1.052408E+00
       7.257276  -1.045993E+01   4.011472E+01  -9.641368E-01
       7.265439  -1.061917E+01   5.589804E+01  -8.409246E-01
       7.273603  -1.083111E+01   6.720522E+01  -6.897210E-01
       7.281766  -1.110539E+01   7.031051E+01  -5.294691E-01
       7.289930  -1.144554E+01   6.445044E+01  -3.857610E-01
       7.298093  -1.183903E+01   5.232600E+01  -2.799295E-01
       7.306257  -1.225129E+01   3.782061E+01  -2.203244E-01
       7.314420  -1.263154E+01   2.345474E+01  -2.019639E-01
       7.322583  -1.293186E+01   1.013180E+01  -2.130098E-01
       7.330747  -1.312865E+01  -1.427088E+00  -2.417655E-01
       7.338910  -1.323463E+01  -9.938972E+00  -2.798906E-01
       7.347074  -1.329647E+01  -1.430114E+01  -3.220943E-01
       7.355237  -1.337875E+01  -1.458329E+01  -3.646426E-01
       7.363400  -1.354083E+01  -1.214151E+01  -4.043160E-01
       7.371564  -1.381886E+01  -8.869012E+00  -4.382466E-01
       7.379727  -1.422061E+01  -6.298424E+00  -4.642372E-01
       7.387891  -1.473073E+01  -5.165249E+00  -4.810070E-01
       7.396054  -1.531954E+01  -5.471683E+00  -4.882914E-01
       7.404218  -1.595045E+01  -6.813858E+00  -4.869889E-01
       7.412381  -1.658337E+01  -8.814201E+00  -4.791738E-01
       7.420544  -1.717493E+01  -1.147526E+01  -4.675505E-01
       7.428708  -1.767768E+01  -1.517797E+01  -4.544121E-01
       7.436871  -1.804058E+01  -2.022256E+01  -4.407814E-01
       7.445035  -1.821333E+01  -2.613905E+01  -4.262353E-01
       7.453198  -1.815648E+01  -3.119596E+01  -4.092492E-01
       7.461361  -1.785309E+01  -3.266806E+01  -3.876190E-01
       7.469525  -1.730724E+01  -2.820045E+01  -3.587296E-01
       7.477688  -1.651831E+01  -1.754102E+01  -3.197566E-01
       7.485852  -1.544616E+01  -3.155130E+00  -2.681456E-01
       7.494015  -1.400512E+01   1.065010E+01  -2.027988E-01
       7.502179  -1.210958E+01   1.914038E+01  -1.261058E-01
       7.510342  -9.751255E+00   1.857424E+01  -4.611491E-02
       7.518505  -7.051739E+00   7.508347E+00   2.272057E-02
       7.526669  -4.234651E+00  -1.276715E+01   6.147372E-02
       7.534832  -1.520410E+00  -3.892713E+01   5.082425E-02
       7.542996   9.763831E-01  -6.621675E+01  -2.450240E-02
       7.551159   3.266772E+00  -8.840143E+01  -1.720507E-01
       7.559322   5.430248E+00  -9.860136E+01  -3.889822E-01
       7.567486   7.551476E+00  -9.216149E+01  -6.613260E-01
       7.575649   9.698948E+00  -6.966191E+01  -9.662934E-01
       7.583813   1.192741E+01  -3.699994E+01  -1.277336E+00
       7.591976   1.426048E+01  -2.585743E+00  -1.570216E+00
       7.600140   1.664832E+01   2.560591E+01  -1.827816E+00
       7.608303   1.894355E+01   4.193183E+01  -2.041053E+00
       7.616466   2.093811E+01   4.442523E+01  -2.205624E+00
       7.624630   2.244945E+01   3.501322E+01  -2.318737E+00
       7.632793   2.339108E+01   1.793971E+01  -2.379473E+00
       7.640957   2.378113E+01  -2.251697E+00  -2.391465E+00
       7.649120   2.370362E+01  -2.144350E+01  -2.364621E+00
       7.657283   2.326188E+01  -3.555688E+01  -2.314209E+00
       7.665447   2.254437E+01  -4.061339E+01  -2.257003E+00
       7.673610   2.160404E+01  -3.413947E+01  -2.205974E+00
       7.681774   2.045069E+01  -1.685839E+01  -2.166934E+00
       7.689937   1.905962E+01   7.159301E+00  -2.139238E+00
       7.698100   1.739830E+01   3.211121E+01  -2.118920E+00
       7.706264   1.546582E+01   5.262112E+01  -2.101641E+00
       7.714427   1.332985E+01   6.550807E+01  -2.084568E+00
       7.722591   1.113730E+01   7.057963E+01  -2.067320E+00
       7.730754   9.079296E+00   6.997491E+01  -2.051723E+00
       7.738918   7.322475E+00   6.635473E+01  -2.040377E+00
       7.747081   5.952338E+00   6.107701E+01  -2.034986E+00
       7.755244   4.963559E+00   5.363420E+01  -2.035494E+00
       7.763408   4.289659E+00   4.274143E+01  -2.040174E+00
       7.771571   3.842672E+00   2.795606E+01  -2.046114E+00
       7.779735   3.541493E+00   1.025277E+01  -2.049561E+00
       7.787898   3.322381E+00  -8.654335E+00  -2.045876E+00
       7.796061   3.135716E+00  -2.728858E+01  -2.029207E+00
       7.804225   2.938576E+00  -4.507218E+01  -1.992353E+00
       7.812388   2.692360E+00  -6.232318E+01  -1.927562E+00
       7.820552   2.369755E+00  -7.907568E+01  -1.828887E+00
       7.828715   1.968294E+00  -9.339133E+01  -1.695918E+00
       7.836879   1.520559E+00  -1.014561E+02  -1.536778E+00
       7.845042   1.087810E+00  -1.002801E+02  -1.367049E+00
       7.853205   7.324522E-01  -9.012345E+01  -1.203779E+00
       7.861369   4.828891E-01  -7.377605E+01  -1.058741E+00
       7.869532   3.136132E-01  -5.412385E+01  -9.359618E-01
       7.877696   1.549515E-01  -3.316717E+01  -8.337977E-01
       7.885859  -7.069885E-02  -1.283451E+01  -7.484022E-01
       7.894022  -4.056980E-01   4.335860E+00  -6.765038E-01
       7.902186  -8.305067E-01   1.587869E+01  -6.172572E-01
       7.910349  -1.265778E+00   2.099029E+01  -5.730540E-01
       7.918513  -1.598514E+00   2.148801E+01  -5.489968E-01
       7.926676  -1.711543E+00   2.104963E+01  -5.515116E-01
       7.934840  -1.493084E+00   2.342196E+01  -5.870491E-01
       7.943003  -8.267429E-01   3.097061E+01  -6.609339E-01
       7.951166   4.063171E-01   4.377750E+01  -7.754434E-01
       7.959330   2.278220E+00   5.892645E+01  -9.268152E-01
       7.967493   4.727031E+00   7.092381E+01  -1.102979E+00
       7.975657   7.506022E+00   7.455731E+01  -1.285074E+00
       7.983820   1.024676E+01   6.845198E+01  -1.453485E+00
       7.991983   1.260728E+01   5.560344E+01  -1.594664E+00
       8.000147   1.438772E+01   4.060120E+01  -1.704058E+00
       8.008310   1.554414E+01   2.681121E+01  -1.784331E+00
       8.016474   1.613078E+01   1.554679E+01  -1.841599E+00
       8.024637   1.623262E+01   6.660754E+00  -1.882329E+00
       8.032801   1.592280E+01  -5.596988E-01  -1.911763E+00
       8.040964   1.525169E+01  -6.691325E+00  -1.933593E+00
       8.049127   1.426166E+01  -1.177148E+01  -1.950334E+00
       8.057291   1.301568E+01  -1.528477E+01  -1.963940E+00
       8.065454   1.161854E+01  -1.660770E+01  -1.976262E+00
       8.073618   1.020790E+01  -1.565928E+01  -1.989162E+00
       8.081781   8.914269E+00  -1.316850E+01  -2.004291E+00
       8.089944   7.820957E+00  -1.030858E+01  -2.022812E+00
       8.098108   6.953895E+00  -8.152025E+00  -2.045308E+00
       8.106271   6.299904E+00  -7.434984E+00  -2.071904E+00
       8.114435   5.832275E+00  -8.628520E+00  -2.102441E+00
       8.122598   5.528325E+00  -1.206626E+01  -2.136549E+00
       8.130761   5.375348E+00  -1.795504E+01  -2.173582E+00
       8.138925   5.367054E+00  -2.624279E+01  -2.212389E+00
       8.147088   5.494229E+00  -3.644428E+01  -2.250938E+00
       8.155252   5.735503E+00  -4.758274E+01  -2.285871E+00
