 #calculated the component:  1  2  3
 #tolerance:    2.000000E-03
 #broadening:    2.000000E-03Ha
 #scissors shift:    0.000000E+00Ha
 #energy window:    1.089015E+02eV    4.002056E+00Ha
 # Energy      Tot-Im Chi(-w,w,0)  Tot-Im Chi(-w,w,0)
 # eV          *10^-7 esu        *10^-12 m/V SI units 
 # 
       0.008163   2.255774E+00   9.448965E+01
       0.016327   2.314555E+00   9.695184E+01
       0.024490   2.375465E+00   9.950325E+01
       0.032654   2.438607E+00   1.021481E+02
       0.040817   2.504087E+00   1.048909E+02
       0.048980   2.572018E+00   1.077365E+02
       0.057144   2.642522E+00   1.106897E+02
       0.065307   2.715724E+00   1.137560E+02
       0.073471   2.791762E+00   1.169411E+02
       0.081634   2.870779E+00   1.202509E+02
       0.089798   2.952928E+00   1.236920E+02
       0.097961   3.038372E+00   1.272710E+02
       0.106124   3.127286E+00   1.309955E+02
       0.114288   3.219855E+00   1.348730E+02
       0.122451   3.316275E+00   1.389118E+02
       0.130615   3.416760E+00   1.431209E+02
       0.138778   3.521533E+00   1.475096E+02
       0.146941   3.630837E+00   1.520881E+02
       0.155105   3.744930E+00   1.568673E+02
       0.163268   3.864089E+00   1.618586E+02
       0.171432   3.988612E+00   1.670746E+02
       0.179595   4.118817E+00   1.725286E+02
       0.187759   4.255048E+00   1.782350E+02
       0.195922   4.397674E+00   1.842093E+02
       0.204085   4.547093E+00   1.904682E+02
       0.212249   4.703733E+00   1.970295E+02
       0.220412   4.868057E+00   2.039127E+02
       0.228576   5.040567E+00   2.111388E+02
       0.236739   5.221803E+00   2.187304E+02
       0.244902   5.412353E+00   2.267121E+02
       0.253066   5.612854E+00   2.351107E+02
       0.261229   5.823996E+00   2.439550E+02
       0.269393   6.046534E+00   2.532766E+02
       0.277556   6.281286E+00   2.631099E+02
       0.285720   6.529147E+00   2.734923E+02
       0.293883   6.791096E+00   2.844648E+02
       0.302046   7.068201E+00   2.960721E+02
       0.310210   7.361636E+00   3.083635E+02
       0.318373   7.672688E+00   3.213928E+02
       0.326537   8.002775E+00   3.352194E+02
       0.334700   8.353457E+00   3.499088E+02
       0.342863   8.726457E+00   3.655330E+02
       0.351027   9.123683E+00   3.821719E+02
       0.359190   9.547247E+00   3.999141E+02
       0.367354   9.999498E+00   4.188580E+02
       0.375517   1.048305E+01   4.391129E+02
       0.383681   1.100081E+01   4.608010E+02
       0.391844   1.155605E+01   4.840589E+02
       0.400007   1.215243E+01   5.090397E+02
       0.408171   1.279404E+01   5.359156E+02
       0.416334   1.348553E+01   5.648805E+02
       0.424498   1.423212E+01   5.961537E+02
       0.432661   1.503975E+01   6.299836E+02
       0.440824   1.591516E+01   6.666528E+02
       0.448988   1.686604E+01   7.064832E+02
       0.457151   1.790119E+01   7.498434E+02
       0.465315   1.903071E+01   7.971566E+02
       0.473478   2.026624E+01   8.489102E+02
       0.481641   2.162123E+01   9.056678E+02
       0.489805   2.311130E+01   9.680838E+02
       0.497968   2.475466E+01   1.036921E+03
       0.506132   2.657264E+01   1.113072E+03
       0.514295   2.859027E+01   1.197586E+03
       0.522459   3.083715E+01   1.291704E+03
       0.530622   3.334838E+01   1.396894E+03
       0.538785   3.616581E+01   1.514910E+03
       0.546949   3.933958E+01   1.647852E+03
       0.555112   4.293007E+01   1.798251E+03
       0.563276   4.701038E+01   1.969166E+03
       0.571439   5.166942E+01   2.164324E+03
       0.579602   5.701596E+01   2.388279E+03
       0.587766   6.318364E+01   2.646630E+03
       0.595929   7.033746E+01   2.946289E+03
       0.604093   7.868190E+01   3.295820E+03
       0.612256   8.847109E+01   3.705868E+03
       0.620420   1.000213E+02   4.189681E+03
       0.628583   1.137253E+02   4.763716E+03
       0.636746   1.300689E+02   5.448314E+03
       0.644910   1.496447E+02   6.268303E+03
       0.653073   1.731594E+02   7.253283E+03
       0.661237   2.014179E+02   8.436975E+03
       0.669400   2.352579E+02   9.854460E+03
       0.677563   2.753781E+02   1.153501E+04
       0.685727   3.219673E+02   1.348654E+04
       0.693890   3.739903E+02   1.566567E+04
       0.702054   4.279831E+02   1.792731E+04
       0.710217   4.763995E+02   1.995538E+04
       0.718381   5.062393E+02   2.120530E+04
       0.726544   5.000660E+02   2.094671E+04
       0.734707   4.424961E+02   1.853523E+04
       0.742871   3.322317E+02   1.391649E+04
       0.751034   1.908541E+02   7.994478E+03
       0.759198   5.558843E+01   2.328483E+03
       0.767361  -4.173481E+01  -1.748184E+03
       0.775524  -8.976546E+01  -3.760087E+03
       0.783688  -9.543255E+01  -3.997469E+03
       0.791851  -7.280472E+01  -3.049637E+03
       0.800015  -3.448560E+01  -1.444529E+03
       0.808178   1.139923E+01   4.774898E+02
       0.816342   6.085465E+01   2.549073E+03
       0.824505   1.127189E+02   4.721557E+03
       0.832668   1.675308E+02   7.017514E+03
       0.840832   2.267991E+02   9.500137E+03
       0.848995   2.925790E+02   1.225552E+04
       0.857159   3.671909E+02   1.538086E+04
       0.865322   4.529005E+02   1.897105E+04
       0.873485   5.513443E+02   2.309465E+04
       0.881649   6.623997E+02   2.774654E+04
       0.889812   7.821038E+02   3.276069E+04
       0.897976   8.992880E+02   3.766929E+04
       0.906139   9.913157E+02   4.152414E+04
       0.914302   1.021507E+03   4.278878E+04
       0.922466   9.446091E+02   3.956769E+04
       0.930629   7.278220E+02   3.048694E+04
       0.938793   3.831591E+02   1.604973E+04
       0.946956  -1.731589E+01  -7.253264E+02
       0.955120  -3.725923E+02  -1.560711E+04
       0.963283  -6.104290E+02  -2.556959E+04
       0.971446  -7.171144E+02  -3.003842E+04
       0.979610  -7.220672E+02  -3.024588E+04
       0.987773  -6.668438E+02  -2.793269E+04
       0.995937  -5.853902E+02  -2.452077E+04
       1.004100  -4.989336E+02  -2.089928E+04
       1.012263  -4.183027E+02  -1.752182E+04
       1.020427  -3.477898E+02  -1.456818E+04
       1.028590  -2.881978E+02  -1.207200E+04
       1.036754  -2.387288E+02  -9.999850E+03
       1.044917  -1.980042E+02  -8.293980E+03
       1.053081  -1.645588E+02  -6.893021E+03
       1.061244  -1.370520E+02  -5.740821E+03
       1.069407  -1.143375E+02  -4.789358E+03
       1.077571  -9.546788E+01  -3.998949E+03
       1.085734  -7.967381E+01  -3.337369E+03
       1.093898  -6.633509E+01  -2.778638E+03
       1.102061  -5.495225E+01  -2.301834E+03
       1.110224  -4.512135E+01  -1.890039E+03
       1.118388  -3.651289E+01  -1.529448E+03
       1.126551  -2.885449E+01  -1.208654E+03
       1.134715  -2.191680E+01  -9.180489E+02
       1.142878  -1.550193E+01  -6.493431E+02
       1.151042  -9.433666E+00  -3.951565E+02
       1.159205  -3.549115E+00  -1.486650E+02
       1.167368   2.309036E+00   9.672065E+01
       1.175532   8.299877E+00   3.476644E+02
       1.183695   1.459181E+01   6.112202E+02
       1.191859   2.137059E+01   8.951693E+02
       1.200022   2.884830E+01   1.208395E+03
       1.208185   3.727331E+01   1.561301E+03
       1.216349   4.694120E+01   1.966269E+03
       1.224512   5.820573E+01   2.438116E+03
       1.232676   7.148713E+01   2.994446E+03
       1.240839   8.727205E+01   3.655643E+03
       1.249003   1.060925E+02   4.443993E+03
       1.257166   1.284595E+02   5.380901E+03
       1.265329   1.547067E+02   6.480339E+03
       1.273493   1.846713E+02   7.735495E+03
       1.281656   2.171195E+02   9.094682E+03
       1.289820   2.488621E+02   1.042431E+04
       1.297983   2.737470E+02   1.146669E+04
       1.306146   2.823165E+02   1.182565E+04
       1.314310   2.637172E+02   1.104656E+04
       1.322473   2.111470E+02   8.844503E+03
       1.330637   1.287950E+02   5.394951E+03
       1.338800   3.356438E+01   1.405942E+03
       1.346963  -5.336313E+01  -2.235269E+03
       1.355127  -1.195031E+02  -5.005735E+03
       1.363290  -1.666038E+02  -6.978685E+03
       1.371454  -2.043093E+02  -8.558088E+03
       1.379617  -2.389803E+02  -1.001038E+04
       1.387781  -2.679439E+02  -1.122361E+04
       1.395944  -2.834267E+02  -1.187215E+04
       1.404107  -2.806082E+02  -1.175409E+04
       1.412271  -2.612190E+02  -1.094192E+04
       1.420434  -2.311655E+02  -9.683037E+03
       1.428598  -1.966497E+02  -8.237241E+03
       1.436761  -1.620650E+02  -6.788561E+03
       1.444924  -1.297632E+02  -5.435507E+03
       1.453088  -1.006421E+02  -4.215688E+03
       1.461251  -7.482604E+01  -3.134306E+03
       1.469415  -5.220451E+01  -2.186737E+03
       1.477578  -3.284726E+01  -1.375903E+03
       1.485742  -1.736445E+01  -7.273602E+02
       1.493905  -7.203570E+00  -3.017424E+02
       1.502068  -4.647221E+00  -1.946624E+02
       1.510232  -1.191410E+01  -4.990567E+02
       1.518395  -2.867767E+01  -1.201247E+03
       1.526559  -4.854298E+01  -2.033364E+03
       1.534722  -5.770912E+01  -2.417314E+03
       1.542885  -3.943317E+01  -1.651773E+03
       1.551049   1.782886E+01   7.468136E+02
       1.559212   1.160341E+02   4.860425E+03
       1.567376   2.501014E+02   1.047622E+04
       1.575539   4.130715E+02   1.730270E+04
       1.583703   5.988550E+02   2.508478E+04
       1.591866   8.012216E+02   3.356149E+04
       1.600029   1.009890E+03   4.230217E+04
       1.608193   1.204967E+03   5.047354E+04
       1.616356   1.352014E+03   5.663303E+04
       1.624520   1.402901E+03   5.876457E+04
       1.632683   1.309589E+03   5.485592E+04
       1.640846   1.050578E+03   4.400650E+04
       1.649010   6.506339E+02   2.725369E+04
       1.657173   1.699355E+02   7.118240E+03
       1.665337  -3.257009E+02  -1.364293E+04
       1.673500  -7.770104E+02  -3.254733E+04
       1.681664  -1.128373E+03  -4.726519E+04
       1.689827  -1.340706E+03  -5.615938E+04
       1.697990  -1.412099E+03  -5.914987E+04
       1.706154  -1.375973E+03  -5.763664E+04
       1.714317  -1.278880E+03  -5.356958E+04
       1.722481  -1.160643E+03  -4.861690E+04
       1.730644  -1.047053E+03  -4.385887E+04
       1.738807  -9.511688E+02  -3.984247E+04
       1.746971  -8.769796E+02  -3.673483E+04
       1.755134  -8.220744E+02  -3.443497E+04
       1.763298  -7.784892E+02  -3.260928E+04
       1.771461  -7.323526E+02  -3.067672E+04
       1.779625  -6.642965E+02  -2.782599E+04
       1.787788  -5.540803E+02  -2.320926E+04
       1.795951  -3.921120E+02  -1.642475E+04
       1.804115  -1.933929E+02  -8.100824E+03
       1.812278   4.669017E-01   1.955753E+01
       1.820442   1.408247E+02   5.898853E+03
       1.828605   1.999925E+02   8.377266E+03
       1.836768   1.839811E+02   7.706583E+03
       1.844932   1.229516E+02   5.150183E+03
       1.853095   5.088519E+01   2.131474E+03
       1.861259  -1.003342E+01  -4.202789E+02
       1.869422  -5.263663E+01  -2.204838E+03
       1.877585  -7.926894E+01  -3.320410E+03
       1.885749  -9.529042E+01  -3.991516E+03
       1.893912  -1.054458E+02  -4.416903E+03
       1.902076  -1.128355E+02  -4.726440E+03
       1.910239  -1.191445E+02  -4.990712E+03
       1.918403  -1.252297E+02  -5.245610E+03
       1.926566  -1.316148E+02  -5.513068E+03
       1.934729  -1.386895E+02  -5.809413E+03
       1.942893  -1.466561E+02  -6.143118E+03
       1.951056  -1.554435E+02  -6.511202E+03
       1.959220  -1.648258E+02  -6.904205E+03
       1.967383  -1.748878E+02  -7.325685E+03
       1.975546  -1.866849E+02  -7.819840E+03
       1.983710  -2.024913E+02  -8.481934E+03
       1.991873  -2.251171E+02  -9.429683E+03
       2.000037  -2.567541E+02  -1.075489E+04
       2.008200  -2.983390E+02  -1.249680E+04
       2.016364  -3.495695E+02  -1.464273E+04
       2.024527  -4.088314E+02  -1.712509E+04
       2.032690  -4.724290E+02  -1.978906E+04
       2.040854  -5.330798E+02  -2.232959E+04
       2.049017  -5.782346E+02  -2.422103E+04
       2.057181  -5.897513E+02  -2.470344E+04
       2.065344  -5.478735E+02  -2.294927E+04
       2.073507  -4.420759E+02  -1.851763E+04
       2.081671  -2.844575E+02  -1.191533E+04
       2.089834  -1.113300E+02  -4.663381E+03
       2.097998   3.575810E+01   1.497832E+03
       2.106161   1.342378E+02   5.622942E+03
       2.114325   1.869239E+02   7.829851E+03
       2.122488   2.093461E+02   8.769070E+03
       2.130651   2.144781E+02   8.984039E+03
       2.138815   2.071955E+02   8.678985E+03
       2.146978   1.879727E+02   7.873781E+03
       2.155142   1.579706E+02   6.617057E+03
       2.163305   1.203494E+02   5.041186E+03
       2.171468   7.885580E+01   3.303104E+03
       2.179632   3.651828E+01   1.529674E+03
       2.187795  -4.486399E+00  -1.879258E+02
       2.195959  -4.213120E+01  -1.764787E+03
       2.204122  -7.357031E+01  -3.081706E+03
       2.212286  -9.447660E+01  -3.957427E+03
       2.220449  -9.955007E+01  -4.169944E+03
       2.228612  -8.517284E+01  -3.567712E+03
       2.236776  -5.369903E+01  -2.249340E+03
       2.244939  -1.562720E+01  -6.545906E+02
       2.253103   1.445480E+01   6.054811E+02
       2.261266   2.580539E+01   1.080934E+03
       2.269429   1.583973E+01   6.634929E+02
       2.277593  -1.193632E+01  -4.999874E+02
       2.285756  -5.239447E+01  -2.194694E+03
       2.293920  -1.017387E+02  -4.261619E+03
       2.302083  -1.583388E+02  -6.632479E+03
       2.310246  -2.224480E+02  -9.317880E+03
       2.318410  -2.956421E+02  -1.238383E+04
       2.326573  -3.802489E+02  -1.592783E+04
       2.334737  -4.786110E+02  -2.004801E+04
       2.342900  -5.917135E+02  -2.478564E+04
       2.351064  -7.165078E+02  -3.001301E+04
       2.359227  -8.415645E+02  -3.525137E+04
       2.367390  -9.421239E+02  -3.946359E+04
       2.375554  -9.780733E+02  -4.096944E+04
       2.383717  -9.006714E+02  -3.772724E+04
       2.391881  -6.739580E+02  -2.823069E+04
       2.400044  -3.074425E+02  -1.287812E+04
       2.408207   1.265989E+02   5.302963E+03
       2.416371   5.231810E+02   2.191496E+04
       2.424534   8.058163E+02   3.375395E+04
       2.432698   9.595378E+02   4.019303E+04
       2.440861   1.012508E+03   4.241182E+04
       2.449025   1.000760E+03   4.191974E+04
       2.457188   9.507955E+02   3.982683E+04
       2.465351   8.806184E+02   3.688726E+04
       2.473515   8.041553E+02   3.368438E+04
       2.481678   7.321213E+02   3.066702E+04
       2.489842   6.712140E+02   2.811575E+04
       2.498005   6.238164E+02   2.613036E+04
       2.506168   5.881423E+02   2.463605E+04
       2.514332   5.581537E+02   2.337989E+04
       2.522495   5.233101E+02   2.192036E+04
       2.530659   4.694847E+02   1.966573E+04
       2.538822   3.833744E+02   1.605875E+04
       2.546986   2.612828E+02   1.094459E+04
       2.555149   1.171512E+02   4.907217E+03
       2.563312  -2.034458E+01  -8.521917E+02
       2.571476  -1.236249E+02  -5.178386E+03
       2.579639  -1.810530E+02  -7.583932E+03
       2.587803  -1.980229E+02  -8.294762E+03
       2.595966  -1.880045E+02  -7.875115E+03
       2.604129  -1.640461E+02  -6.871546E+03
       2.612293  -1.351888E+02  -5.662776E+03
       2.620456  -1.064563E+02  -4.459231E+03
       2.628620  -8.007900E+01  -3.354341E+03
       2.636783  -5.668691E+01  -2.374496E+03
       2.644947  -3.612278E+01  -1.513107E+03
       2.653110  -1.791762E+01  -7.505316E+02
       2.661273  -1.552580E+00  -6.503433E+01
       2.669437   1.339223E+01   5.609726E+02
       2.677600   2.715068E+01   1.137285E+03
       2.685764   3.975582E+01   1.665288E+03
       2.693927   5.116924E+01   2.143372E+03
       2.702090   6.161244E+01   2.580816E+03
       2.710254   7.195789E+01   3.014165E+03
       2.718417   8.378595E+01   3.509618E+03
       2.726581   9.890769E+01   4.143035E+03
       2.734744   1.187742E+02   4.975202E+03
       2.742907   1.443063E+02   6.044688E+03
       2.751071   1.760955E+02   7.376271E+03
       2.759234   2.145537E+02   8.987206E+03
       2.767398   2.597064E+02   1.087856E+04
       2.775561   3.104824E+02   1.300545E+04
       2.783725   3.633599E+02   1.522038E+04
       2.791888   4.102800E+02   1.718577E+04
       2.800051   4.362492E+02   1.827356E+04
       2.808215   4.185337E+02   1.753150E+04
       2.816378   3.315793E+02   1.388916E+04
       2.824542   1.615478E+02   6.766899E+03
       2.832705  -7.452615E+01  -3.121744E+03
       2.840868  -3.242000E+02  -1.358006E+04
       2.849032  -5.239462E+02  -2.194701E+04
       2.857195  -6.339138E+02  -2.655332E+04
       2.865359  -6.507365E+02  -2.725799E+04
       2.873522  -5.950919E+02  -2.492715E+04
       2.881686  -4.953133E+02  -2.074764E+04
       2.889849  -3.801215E+02  -1.592249E+04
       2.898012  -2.765891E+02  -1.158574E+04
       2.906176  -2.056012E+02  -8.612205E+03
       2.914339  -1.749673E+02  -7.329015E+03
       2.922503  -1.769210E+02  -7.410848E+03
       2.930666  -1.939294E+02  -8.123297E+03
       2.938829  -2.092774E+02  -8.766191E+03
       2.946993  -2.149028E+02  -9.001828E+03
       2.955156  -2.118322E+02  -8.873208E+03
       2.963320  -2.053682E+02  -8.602443E+03
       2.971483  -2.004806E+02  -8.397710E+03
       2.979647  -2.000937E+02  -8.381506E+03
       2.987810  -2.053522E+02  -8.601773E+03
       2.995973  -2.161995E+02  -9.056145E+03
       3.004137  -2.314555E+02  -9.695187E+03
       3.012300  -2.482357E+02  -1.039807E+04
       3.020464  -2.608102E+02  -1.092479E+04
       3.028627  -2.593673E+02  -1.086435E+04
       3.036790  -2.300646E+02  -9.636921E+03
       3.044954  -1.589080E+02  -6.656321E+03
       3.053117  -4.110876E+01  -1.721960E+03
       3.061281   1.084648E+02   4.543362E+03
       3.069444   2.551002E+02   1.068561E+04
       3.077608   3.597429E+02   1.506888E+04
       3.085771   3.983823E+02   1.668740E+04
       3.093934   3.706629E+02   1.552629E+04
       3.102098   2.968594E+02   1.243482E+04
       3.110261   2.081402E+02   8.718558E+03
       3.118425   1.331425E+02   5.577059E+03
       3.126588   8.737241E+01   3.659847E+03
       3.134751   7.197224E+01   3.014766E+03
       3.142915   7.958720E+01   3.333741E+03
       3.151078   1.002805E+02   4.200541E+03
       3.159242   1.239510E+02   5.192049E+03
       3.167405   1.401148E+02   5.869114E+03
       3.175568   1.376436E+02   5.765600E+03
       3.183732   1.071518E+02   4.488362E+03
       3.191895   4.694849E+01   1.966574E+03
       3.200059  -3.155299E+01  -1.321689E+03
       3.208222  -1.068475E+02  -4.475616E+03
       3.216386  -1.595287E+02  -6.682321E+03
       3.224549  -1.824025E+02  -7.640456E+03
       3.232712  -1.799390E+02  -7.537268E+03
       3.240876  -1.613348E+02  -6.757978E+03
       3.249039  -1.348809E+02  -5.649878E+03
       3.257203  -1.060107E+02  -4.440566E+03
       3.265366  -7.763170E+01  -3.251829E+03
       3.273529  -5.114341E+01  -2.142290E+03
       3.281693  -2.742401E+01  -1.148734E+03
       3.289856  -7.634046E+00  -3.197742E+02
       3.298020   6.217650E+00   2.604443E+02
       3.306183   1.125163E+01   4.713073E+02
       3.314347   4.928833E+00   2.064585E+02
       3.322510  -1.206103E+01  -5.052111E+02
       3.330673  -3.286002E+01  -1.376437E+03
       3.338837  -4.579525E+01  -1.918267E+03
       3.347000  -4.191813E+01  -1.755862E+03
       3.355164  -2.211038E+01  -9.261572E+02
       3.363327   4.463626E+00   1.869719E+02
       3.371490   2.813362E+01   1.178459E+03
       3.379654   4.385866E+01   1.837147E+03
       3.387817   5.073686E+01   2.125261E+03
       3.395981   4.933954E+01   2.066730E+03
       3.404144   4.022767E+01   1.685053E+03
       3.412308   2.433740E+01   1.019443E+03
       3.420471   4.031613E+00   1.688758E+02
       3.428634  -1.697252E+01  -7.109432E+02
       3.436798  -3.527228E+01  -1.477482E+03
       3.444961  -4.941467E+01  -2.069877E+03
       3.453125  -5.998481E+01  -2.512638E+03
       3.461288  -6.856838E+01  -2.872186E+03
       3.469451  -7.676580E+01  -3.215558E+03
       3.477615  -8.574283E+01  -3.591587E+03
       3.485778  -9.616829E+01  -4.028288E+03
       3.493942  -1.083098E+02  -4.536871E+03
       3.502105  -1.222107E+02  -5.119150E+03
       3.510269  -1.379533E+02  -5.778575E+03
       3.518432  -1.558703E+02  -6.529079E+03
       3.526595  -1.762781E+02  -7.383921E+03
       3.534759  -1.983631E+02  -8.309014E+03
       3.542922  -2.185322E+02  -9.153856E+03
       3.551086  -2.292596E+02  -9.603204E+03
       3.559249  -2.197826E+02  -9.206232E+03
       3.567412  -1.801277E+02  -7.545170E+03
       3.575576  -1.084924E+02  -4.544517E+03
       3.583739  -1.720120E+01  -7.205223E+02
       3.591903   7.065175E+01   2.959454E+03
       3.600066   1.339803E+02   5.612155E+03
       3.608229   1.643922E+02   6.886043E+03
       3.616393   1.661235E+02   6.958567E+03
       3.624556   1.490767E+02   6.244510E+03
       3.632720   1.226403E+02   5.137143E+03
       3.640883   9.305383E+01   3.897830E+03
       3.649047   6.319226E+01   2.646991E+03
       3.657210   3.360957E+01   1.407834E+03
       3.665373   4.939502E+00   2.069054E+02
       3.673537  -1.863978E+01  -7.807812E+02
       3.681700  -2.756432E+01  -1.154611E+03
       3.689864  -9.976752E+00  -4.179052E+02
       3.698027   4.047675E+01   1.695486E+03
       3.706190   1.168812E+02   4.895909E+03
       3.714354   1.980728E+02   8.296855E+03
       3.722517   2.574982E+02   1.078606E+04
       3.730681   2.759551E+02   1.155918E+04
       3.738844   2.493001E+02   1.044266E+04
       3.747008   1.887250E+02   7.905296E+03
       3.755171   1.150297E+02   4.818351E+03
       3.763334   4.867557E+01   2.038917E+03
       3.771498   1.191828E+00   4.992319E+01
       3.779661  -2.627383E+01  -1.100556E+03
       3.787825  -3.856347E+01  -1.615343E+03
       3.795988  -4.166056E+01  -1.745073E+03
       3.804151  -4.022718E+01  -1.685032E+03
       3.812315  -3.716822E+01  -1.556899E+03
       3.820478  -3.404099E+01  -1.425905E+03
       3.828642  -3.157673E+01  -1.322683E+03
       3.836805  -3.006765E+01  -1.259471E+03
       3.844969  -2.960232E+01  -1.239979E+03
       3.853132  -3.019465E+01  -1.264791E+03
       3.861295  -3.185002E+01  -1.334131E+03
       3.869459  -3.459807E+01  -1.449240E+03
       3.877622  -3.850889E+01  -1.613057E+03
       3.885786  -4.370106E+01  -1.830546E+03
       3.893949  -5.034441E+01  -2.108822E+03
       3.902112  -5.865643E+01  -2.456995E+03
       3.910276  -6.888642E+01  -2.885507E+03
       3.918439  -8.127570E+01  -3.404468E+03
       3.926603  -9.597605E+01  -4.020235E+03
       3.934766  -1.129074E+02  -4.729454E+03
       3.942930  -1.315596E+02  -5.510757E+03
       3.951093  -1.508243E+02  -6.317713E+03
       3.959256  -1.690836E+02  -7.082558E+03
       3.967420  -1.848216E+02  -7.741791E+03
       3.975583  -1.975501E+02  -8.274959E+03
       3.983747  -2.078932E+02  -8.708210E+03
       3.991910  -2.156853E+02  -9.034606E+03
       4.000073  -2.169121E+02  -9.085994E+03
       4.008237  -2.020049E+02  -8.461563E+03
       4.016400  -1.578007E+02  -6.609939E+03
       4.024564  -7.479584E+01  -3.133041E+03
       4.032727   4.218000E+01   1.766832E+03
       4.040890   1.694280E+02   7.096984E+03
       4.049054   2.753232E+02   1.153271E+04
       4.057217   3.395601E+02   1.422346E+04
       4.065381   3.625708E+02   1.518733E+04
       4.073544   3.597470E+02   1.506905E+04
       4.081708   3.499929E+02   1.466047E+04
       4.089871   3.467118E+02   1.452303E+04
       4.098034   3.526006E+02   1.476970E+04
       4.106198   3.586821E+02   1.502444E+04
       4.114361   3.491145E+02   1.462368E+04
       4.122525   3.106004E+02   1.301040E+04
       4.130688   2.416106E+02   1.012056E+04
       4.138851   1.558129E+02   6.526674E+03
       4.147015   7.542728E+01   3.159491E+03
       4.155178   1.775436E+01   7.436929E+02
       4.163342  -1.313245E+01  -5.500906E+02
       4.171505  -2.347106E+01  -9.831535E+02
       4.179669  -2.229223E+01  -9.337747E+02
       4.187832  -1.668576E+01  -6.989315E+02
       4.195995  -1.071133E+01  -4.486751E+02
       4.204159  -5.968859E+00  -2.500230E+02
       4.212322  -2.577175E+00  -1.079525E+02
       4.220486  -1.019751E-01  -4.271524E+00
       4.228649   1.860216E+00   7.792053E+01
       4.236812   3.516048E+00   1.472799E+02
       4.244976   4.937474E+00   2.068204E+02
       4.253139   6.150546E+00   2.576335E+02
       4.261303   7.179970E+00   3.007539E+02
       4.269466   8.059030E+00   3.375759E+02
       4.277630   8.826483E+00   3.697229E+02
       4.285793   9.521962E+00   3.988550E+02
       4.293956   1.018324E+01   4.265544E+02
       4.302120   1.084537E+01   4.542898E+02
       4.310283   1.154110E+01   4.834323E+02
       4.318447   1.230185E+01   5.152988E+02
       4.326610   1.315916E+01   5.512095E+02
       4.334773   1.414623E+01   5.925559E+02
       4.342937   1.529993E+01   6.408821E+02
       4.351100   1.666321E+01   6.979870E+02
       4.359264   1.828845E+01   7.660648E+02
       4.367427   2.024246E+01   8.479143E+02
       4.375591   2.261440E+01   9.472697E+02
       4.383754   2.552864E+01   1.069341E+03
       4.391917   2.916596E+01   1.221701E+03
       4.400081   3.379666E+01   1.415671E+03
       4.408244   3.982644E+01   1.668246E+03
       4.416408   4.784173E+01   2.003990E+03
       4.424571   5.860371E+01   2.454787E+03
       4.432734   7.288146E+01   3.052852E+03
       4.440898   9.099585E+01   3.811625E+03
       4.449061   1.121050E+02   4.695842E+03
       4.457225   1.335752E+02   5.595187E+03
       4.465388   1.508250E+02   6.317742E+03
       4.473551   1.576757E+02   6.604704E+03
       4.481715   1.474191E+02   6.175077E+03
       4.489878   1.155596E+02   4.840547E+03
       4.498042   6.416158E+01   2.687594E+03
       4.506205   4.091341E+00   1.713777E+02
       4.514369  -4.932426E+01  -2.066090E+03
       4.522532  -8.483537E+01  -3.553575E+03
       4.530695  -9.997135E+01  -4.187590E+03
       4.538859  -9.893488E+01  -4.144175E+03
       4.547022  -8.791940E+01  -3.682759E+03
       4.555186  -7.201934E+01  -3.016739E+03
       4.563349  -5.438678E+01  -2.278148E+03
       4.571512  -3.657909E+01  -1.532221E+03
       4.579676  -1.919917E+01  -8.042131E+02
       4.587839  -2.480808E+00  -1.039159E+02
       4.596003   1.319652E+01   5.527744E+02
       4.604166   2.676457E+01   1.121112E+03
       4.612330   3.582431E+01   1.500605E+03
       4.620493   3.602992E+01   1.509218E+03
       4.628656   2.108210E+01   8.830848E+02
       4.636820  -1.552613E+01  -6.503572E+02
       4.644983  -7.623260E+01  -3.193224E+03
       4.653147  -1.545097E+02  -6.472086E+03
       4.661310  -2.343309E+02  -9.815630E+03
       4.669473  -2.962258E+02  -1.240828E+04
       4.677637  -3.249022E+02  -1.360947E+04
       4.685800  -3.133244E+02  -1.312450E+04
       4.693964  -2.643497E+02  -1.107306E+04
       4.702127  -1.911724E+02  -8.007812E+03
       4.710291  -1.136805E+02  -4.761837E+03
       4.718454  -5.000074E+01  -2.094426E+03
       4.726617  -8.955274E+00  -3.751176E+02
       4.734781   1.083967E+01   4.540509E+02
       4.742944   1.608409E+01   6.737289E+02
       4.751108   1.330052E+01   5.571309E+02
       4.759271   6.467667E+00   2.709170E+02
       4.767434  -2.139843E+00  -8.963355E+01
       4.775598  -9.791943E+00  -4.101639E+02
       4.783761  -1.159521E+01  -4.856990E+02
       4.791925  -1.804711E-01  -7.559556E+00
       4.800088   3.292430E+01   1.379130E+03
       4.808252   9.396504E+01   3.935998E+03
       4.816415   1.819142E+02   7.620002E+03
       4.824578   2.850214E+02   1.193895E+04
       4.832742   3.841513E+02   1.609129E+04
       4.840905   4.616298E+02   1.933670E+04
       4.849069   5.065186E+02   2.121700E+04
       4.857232   5.119887E+02   2.144613E+04
       4.865395   4.708474E+02   1.972281E+04
       4.873559   3.770346E+02   1.579319E+04
       4.881722   2.342931E+02   9.814045E+03
       4.889886   6.407553E+01   2.683990E+03
       4.898049  -9.853055E+01  -4.127238E+03
       4.906213  -2.218903E+02  -9.294520E+03
       4.914376  -2.940907E+02  -1.231884E+04
       4.922539  -3.246678E+02  -1.359965E+04
       4.930703  -3.334020E+02  -1.396551E+04
       4.938866  -3.377311E+02  -1.414685E+04
       4.947030  -3.461857E+02  -1.450099E+04
       4.955193  -3.580191E+02  -1.499667E+04
       4.963356  -3.667945E+02  -1.536425E+04
       4.971520  -3.655568E+02  -1.531241E+04
       4.979683  -3.510198E+02  -1.470348E+04
       4.987847  -3.247702E+02  -1.360394E+04
       4.996010  -2.915052E+02  -1.221054E+04
       5.004173  -2.563580E+02  -1.073830E+04
       5.012337  -2.232126E+02  -9.349906E+03
       5.020500  -1.943361E+02  -8.140332E+03
       5.028664  -1.707121E+02  -7.150772E+03
       5.036827  -1.525079E+02  -6.388236E+03
       5.044991  -1.393857E+02  -5.838574E+03
       5.053154  -1.304687E+02  -5.465061E+03
       5.061317  -1.240021E+02  -5.194187E+03
       5.069481  -1.172993E+02  -4.913421E+03
       5.077644  -1.076817E+02  -4.510561E+03
       5.085808  -9.401097E+01  -3.937922E+03
       5.093971  -7.718443E+01  -3.233094E+03
       5.102134  -5.883384E+01  -2.464426E+03
       5.110298  -4.001747E+01  -1.676248E+03
       5.118461  -2.171650E+01  -9.096586E+02
       5.126625  -5.679525E+00  -2.379034E+02
       5.134788   6.337117E+00   2.654486E+02
       5.142952   1.384922E+01   5.801149E+02
       5.151115   1.774668E+01   7.433713E+02
       5.159278   1.947865E+01   8.159199E+02
       5.167442   2.033295E+01   8.517047E+02
       5.175605   2.117002E+01   8.867678E+02
       5.183769   2.244438E+01   9.401479E+02
       5.191932   2.429309E+01   1.017586E+03
       5.200095   2.658033E+01   1.113394E+03
       5.208259   2.887705E+01   1.209599E+03
       5.216422   3.042300E+01   1.274356E+03
       5.224586   3.020281E+01   1.265132E+03
       5.232749   2.732844E+01   1.144731E+03
       5.240913   2.176020E+01   9.114892E+02
       5.249076   1.487483E+01   6.230752E+02
       5.257239   9.080215E+00   3.803511E+02
       5.265403   6.511991E+00   2.727736E+02
       5.273566   8.013124E+00   3.356529E+02
       5.281730   1.321865E+01   5.537016E+02
       5.289893   2.128395E+01   8.915401E+02
       5.298056   3.147518E+01   1.318429E+03
       5.306220   4.336466E+01   1.816454E+03
       5.314383   5.675522E+01   2.377357E+03
       5.322547   7.148775E+01   2.994472E+03
       5.330710   8.720196E+01   3.652707E+03
       5.338874   1.030734E+02   4.317530E+03
       5.347037   1.175618E+02   4.924419E+03
       5.355200   1.282799E+02   5.373376E+03
       5.363364   1.322334E+02   5.538979E+03
       5.371527   1.267499E+02   5.309286E+03
       5.379691   1.110514E+02   4.651712E+03
       5.387854   8.748020E+01   3.664362E+03
       5.396017   6.068467E+01   2.541954E+03
       5.404181   3.433756E+01   1.438328E+03
       5.412344   8.077795E+00   3.383619E+02
       5.420508  -2.149433E+01  -9.003524E+02
       5.428671  -5.567355E+01  -2.332048E+03
       5.436834  -8.969429E+01  -3.757106E+03
       5.444998  -1.149167E+02  -4.813621E+03
       5.453161  -1.246011E+02  -5.219279E+03
       5.461325  -1.171892E+02  -4.908810E+03
       5.469488  -9.595269E+01  -4.019257E+03
       5.477652  -6.730354E+01  -2.819204E+03
       5.485815  -3.849666E+01  -1.612544E+03
       5.493978  -1.490830E+01  -6.244775E+02
       5.502142   1.488006E+00   6.232947E+01
       5.510305   1.147856E+01   4.808127E+02
       5.518469   1.693088E+01   7.091991E+02
       5.526632   1.953177E+01   8.181450E+02
       5.534795   2.034253E+01   8.521057E+02
       5.542959   1.990618E+01   8.338282E+02
       5.551122   1.858176E+01   7.783509E+02
       5.559286   1.683180E+01   7.050490E+02
       5.567449   1.523990E+01   6.383674E+02
       5.575613   1.427796E+01   5.980738E+02
       5.583776   1.411409E+01   5.912096E+02
       5.591939   1.465415E+01   6.138315E+02
       5.600103   1.572402E+01   6.586461E+02
       5.608266   1.723910E+01   7.221099E+02
       5.616430   1.932721E+01   8.095764E+02
       5.624593   2.245263E+01   9.404938E+02
       5.632756   2.758539E+01   1.155494E+03
       5.640920   3.640539E+01   1.524945E+03
       5.649083   5.145163E+01   2.155201E+03
       5.657247   7.605808E+01   3.185913E+03
       5.665410   1.138701E+02   4.769778E+03
       5.673574   1.675943E+02   7.020174E+03
       5.681737   2.366038E+02   9.910836E+03
       5.689900   3.140382E+02   1.315440E+04
       5.698064   3.857772E+02   1.615940E+04
       5.706227   4.334431E+02   1.815602E+04
       5.714391   4.408347E+02   1.846564E+04
       5.722554   4.007149E+02   1.678510E+04
       5.730717   3.183980E+02   1.333702E+04
       5.738881   2.101007E+02   8.800679E+03
       5.747044   9.701795E+01   4.063878E+03
       5.755208  -1.549860E+00  -6.492037E+01
       5.763371  -7.285278E+01  -3.051650E+03
       5.771535  -1.120399E+02  -4.693117E+03
       5.779698  -1.212075E+02  -5.077129E+03
       5.787861  -1.075438E+02  -4.504783E+03
       5.796025  -8.117719E+01  -3.400342E+03
       5.804188  -5.268898E+01  -2.207031E+03
       5.812352  -3.037495E+01  -1.272343E+03
       5.820515  -1.832157E+01  -7.674520E+02
       5.828678  -1.654702E+01  -6.931201E+02
       5.836842  -2.283089E+01  -9.563382E+02
       5.845005  -3.452849E+01  -1.446326E+03
       5.853169  -4.924791E+01  -2.062892E+03
       5.861332  -6.484482E+01  -2.716214E+03
       5.869495  -7.974186E+01  -3.340219E+03
       5.877659  -9.334747E+01  -3.910130E+03
       5.885822  -1.057366E+02  -4.429085E+03
       5.893986  -1.166062E+02  -4.884388E+03
       5.902149  -1.240099E+02  -5.194514E+03
       5.910313  -1.240046E+02  -5.194292E+03
       5.918476  -1.128322E+02  -4.726304E+03
       5.926639  -9.070108E+01  -3.799278E+03
       5.934803  -6.297652E+01  -2.637954E+03
       5.942966  -3.710319E+01  -1.554175E+03
       5.951130  -1.883457E+01  -7.889405E+02
       5.959293  -1.099904E+01  -4.607268E+02
       5.967456  -1.399008E+01  -5.860150E+02
       5.975620  -2.612618E+01  -1.094371E+03
       5.983783  -4.402102E+01  -1.843948E+03
       5.991947  -6.396725E+01  -2.679454E+03
       6.000110  -8.352101E+01  -3.498520E+03
       6.008274  -1.014461E+02  -4.249366E+03
       6.016437  -1.163255E+02  -4.872630E+03
       6.024600  -1.257800E+02  -5.268658E+03
       6.032764  -1.269123E+02  -5.316088E+03
       6.040927  -1.173523E+02  -4.915640E+03
       6.049091  -9.664830E+01  -4.048395E+03
       6.057254  -6.745739E+01  -2.825648E+03
       6.065417  -3.508763E+01  -1.469747E+03
       6.073581  -5.233255E+00  -2.192101E+02
       6.081744   1.808216E+01   7.574237E+02
       6.089908   3.312454E+01   1.387517E+03
       6.098071   4.021870E+01   1.684677E+03
       6.106235   4.111265E+01   1.722123E+03
       6.114398   3.803029E+01   1.593009E+03
       6.122561   3.283783E+01   1.375508E+03
       6.130725   2.667587E+01   1.117396E+03
       6.138888   2.001775E+01   8.385017E+02
       6.147052   1.297495E+01   5.434933E+02
       6.155215   5.716678E+00   2.394597E+02
       6.163378  -1.161566E+00  -4.865556E+01
       6.171542  -6.558444E+00  -2.747195E+02
       6.179705  -9.170414E+00  -3.841294E+02
       6.187869  -8.049368E+00  -3.371711E+02
       6.196032  -3.339066E+00  -1.398665E+02
       6.204196   2.968368E+00   1.243387E+02
       6.212359   7.085769E+00   2.968080E+02
       6.220522   5.185863E+00   2.172249E+02
       6.228686  -4.020187E+00  -1.683972E+02
       6.236849  -1.822834E+01  -7.635470E+02
       6.245013  -3.290756E+01  -1.378429E+03
       6.253176  -4.359919E+01  -1.826278E+03
       6.261339  -4.740649E+01  -1.985758E+03
       6.269503  -4.341140E+01  -1.818413E+03
       6.277666  -3.276488E+01  -1.372452E+03
       6.285830  -1.856144E+01  -7.774996E+02
       6.293993  -4.759489E+00  -1.993650E+02
       6.302156   5.654818E+00   2.368684E+02
       6.310320   1.174558E+01   4.919978E+02
       6.318483   1.422965E+01   5.960503E+02
       6.326647   1.443984E+01   6.048546E+02
       6.334810   1.358772E+01   5.691613E+02
       6.342974   1.251016E+01   5.240242E+02
       6.351137   1.166839E+01   4.887643E+02
       6.359300   1.120437E+01   4.693277E+02
       6.367464   1.102925E+01   4.619920E+02
       6.375627   1.098866E+01   4.602918E+02
       6.383791   1.103682E+01   4.623092E+02
       6.391954   1.127149E+01   4.721390E+02
       6.400117   1.183678E+01   4.958180E+02
       6.408281   1.283882E+01   5.377914E+02
       6.416444   1.433875E+01   6.006200E+02
       6.424608   1.638140E+01   6.861824E+02
       6.432771   1.901444E+01   7.964751E+02
       6.440935   2.228396E+01   9.334283E+02
       6.449098   2.620385E+01   1.097624E+03
       6.457261   3.069052E+01   1.285561E+03
       6.465425   3.544620E+01   1.484767E+03
       6.473588   3.977963E+01   1.666285E+03
       6.481752   4.239938E+01   1.776021E+03
       6.489915   4.134908E+01   1.732026E+03
       6.498078   3.445987E+01   1.443452E+03
       6.506242   2.068373E+01   8.663982E+02
       6.514405   1.835736E+00   7.689512E+01
       6.522569  -1.713937E+01  -7.179325E+02
       6.530732  -3.075806E+01  -1.288390E+03
       6.538896  -3.635632E+01  -1.522890E+03
       6.547059  -3.482216E+01  -1.458627E+03
       6.555222  -2.892771E+01  -1.211721E+03
       6.563386  -2.180556E+01  -9.133893E+02
       6.571549  -1.633792E+01  -6.843614E+02
       6.579713  -1.470424E+01  -6.159299E+02
       6.587876  -1.779360E+01  -7.453365E+02
       6.596039  -2.486874E+01  -1.041699E+03
       6.604203  -3.388475E+01  -1.419361E+03
       6.612366  -4.243650E+01  -1.777576E+03
       6.620530  -4.872659E+01  -2.041055E+03
       6.628693  -5.188271E+01  -2.173258E+03
       6.636857  -5.161985E+01  -2.162247E+03
       6.645020  -4.767336E+01  -1.996937E+03
       6.653183  -3.936490E+01  -1.648913E+03
       6.661347  -2.578045E+01  -1.079889E+03
       6.669510  -6.953257E+00  -2.912573E+02
       6.677674   1.475217E+01   6.179373E+02
       6.685837   3.493538E+01   1.463370E+03
       6.694000   4.952245E+01   2.074392E+03
       6.702164   5.692631E+01   2.384523E+03
       6.710327   5.810839E+01   2.434038E+03
       6.718491   5.523105E+01   2.313513E+03
       6.726654   5.039883E+01   2.111101E+03
       6.734817   4.505915E+01   1.887433E+03
       6.742981   3.997977E+01   1.674669E+03
       6.751144   3.555485E+01   1.489318E+03
       6.759308   3.210262E+01   1.344711E+03
       6.767471   2.994699E+01   1.254416E+03
       6.775635   2.938754E+01   1.230982E+03
       6.783798   3.076023E+01   1.288481E+03
       6.791961   3.455409E+01   1.447398E+03
       6.800125   4.126705E+01   1.728590E+03
       6.808288   5.073098E+01   2.125014E+03
       6.816452   6.113280E+01   2.560725E+03
       6.824615   6.854111E+01   2.871043E+03
       6.832778   6.776151E+01   2.838388E+03
       6.840942   5.474808E+01   2.293282E+03
       6.849105   2.981145E+01   1.248739E+03
       6.857269  -8.694062E-01  -3.641760E+01
       6.865432  -2.799870E+01  -1.172807E+03
       6.873596  -4.446048E+01  -1.862356E+03
       6.881759  -4.828866E+01  -2.022711E+03
       6.889922  -4.152235E+01  -1.739284E+03
       6.898086  -2.741809E+01  -1.148486E+03
       6.906249  -8.812720E+00  -3.691464E+02
       6.914413   1.187528E+01   4.974305E+02
       6.922576   3.216618E+01   1.347374E+03
       6.930739   4.951982E+01   2.074282E+03
       6.938903   6.188881E+01   2.592393E+03
       6.947066   6.821548E+01   2.857403E+03
       6.955230   6.830792E+01   2.861276E+03
       6.963393   6.245015E+01   2.615906E+03
       6.971557   5.153230E+01   2.158580E+03
       6.979720   3.755884E+01   1.573261E+03
       6.987883   2.327575E+01   9.749723E+02
       6.996047   1.038825E+01   4.351418E+02
       7.004210  -1.721854E+00  -7.212487E+01
       7.012374  -1.455752E+01  -6.097839E+02
       7.020537  -2.767633E+01  -1.159303E+03
       7.028700  -3.824134E+01  -1.601849E+03
       7.036864  -4.366752E+01  -1.829141E+03
       7.045027  -4.391955E+01  -1.839698E+03
       7.053191  -4.104401E+01  -1.719248E+03
       7.061354  -3.718923E+01  -1.557779E+03
       7.069518  -3.317929E+01  -1.389811E+03
       7.077681  -2.833752E+01  -1.186999E+03
       7.085844  -2.142758E+01  -8.975563E+02
       7.094008  -1.215591E+01  -5.091857E+02
       7.102171  -2.117434E+00  -8.869486E+01
       7.110335   5.814291E+00   2.435484E+02
       7.118498   9.270632E+00   3.883273E+02
       7.126661   7.780654E+00   3.259153E+02
       7.134825   2.857937E+00   1.197130E+02
       7.142988  -2.908610E+00  -1.218356E+02
       7.151152  -7.124555E+00  -2.984327E+02
       7.159315  -8.613919E+00  -3.608190E+02
       7.167478  -7.695812E+00  -3.223614E+02
       7.175642  -5.661317E+00  -2.371407E+02
       7.183805  -3.901879E+00  -1.634415E+02
       7.191969  -3.334083E+00  -1.396578E+02
       7.200132  -4.441534E+00  -1.860465E+02
       7.208296  -7.582877E+00  -3.176308E+02
       7.216459  -1.298809E+01  -5.440438E+02
       7.224622  -2.037677E+01  -8.535400E+02
       7.232786  -2.863739E+01  -1.199560E+03
       7.240949  -3.588797E+01  -1.503272E+03
       7.249113  -3.978783E+01  -1.666629E+03
       7.257276  -3.792046E+01  -1.588409E+03
       7.265439  -2.852898E+01  -1.195019E+03
       7.273603  -1.185381E+01  -4.965313E+02
       7.281766   8.866589E+00   3.714028E+02
       7.289930   2.846413E+01   1.192303E+03
       7.298093   4.281464E+01   1.793416E+03
       7.306257   5.084345E+01   2.129726E+03
       7.314420   5.364991E+01   2.247282E+03
       7.322583   5.236885E+01   2.193621E+03
       7.330747   4.743832E+01   1.987092E+03
       7.338910   3.953267E+01   1.655941E+03
       7.347074   3.032439E+01   1.270225E+03
       7.355237   2.202051E+01   9.223930E+02
       7.363400   1.628576E+01   6.821763E+02
       7.371564   1.356097E+01   5.680407E+02
       7.379727   1.319269E+01   5.526143E+02
       7.387891   1.404703E+01   5.884007E+02
       7.396054   1.509157E+01   6.321540E+02
       7.404218   1.573364E+01   6.590492E+02
       7.412381   1.587260E+01   6.648698E+02
       7.420544   1.561639E+01   6.541379E+02
       7.428708   1.478320E+01   6.192374E+02
       7.436871   1.255381E+01   5.258526E+02
       7.445035   7.616427E+00   3.190362E+02
       7.453198  -1.072265E+00  -4.491494E+01
       7.461361  -1.312533E+01  -5.497926E+02
       7.469525  -2.599370E+01  -1.088821E+03
       7.477688  -3.566088E+01  -1.493759E+03
       7.485852  -3.849762E+01  -1.612585E+03
       7.494015  -3.281338E+01  -1.374484E+03
       7.502179  -1.942799E+01  -8.137977E+02
       7.510342  -1.591299E+00  -6.665616E+01
       7.518505   1.581531E+01   6.624700E+02
       7.526669   2.777558E+01   1.163461E+03
       7.534832   3.027291E+01   1.268069E+03
       7.542996   2.059285E+01   8.625912E+02
       7.551159  -1.977234E+00  -8.282219E+01
       7.559322  -3.448927E+01  -1.444683E+03
       7.567486  -6.963751E+01  -2.916969E+03
       7.575649  -9.809158E+01  -4.108850E+03
       7.583813  -1.125933E+02  -4.716299E+03
       7.591976  -1.104464E+02  -4.626368E+03
       7.600140  -9.346118E+01  -3.914893E+03
       7.608303  -6.690421E+01  -2.802477E+03
       7.616466  -3.791487E+01  -1.588175E+03
       7.624630  -1.310189E+01  -5.488107E+02
       7.632793   3.378911E+00   1.415355E+02
       7.640957   9.883124E+00   4.139833E+02
       7.649120   6.259189E+00   2.621843E+02
       7.657283  -6.512155E+00  -2.727805E+02
       7.665447  -2.561325E+01  -1.072885E+03
       7.673610  -4.595632E+01  -1.925014E+03
       7.681774  -6.143465E+01  -2.573369E+03
       7.689937  -6.733913E+01  -2.820695E+03
       7.698100  -6.211074E+01  -2.601688E+03
       7.706264  -4.757729E+01  -1.992913E+03
       7.714427  -2.790848E+01  -1.169028E+03
       7.722591  -7.679852E+00  -3.216929E+02
       7.730754   1.013126E+01   4.243771E+02
       7.738918   2.506419E+01   1.049886E+03
       7.747081   3.842850E+01   1.609689E+03
       7.755244   5.145431E+01   2.155313E+03
       7.763408   6.385161E+01   2.674610E+03
       7.771571   7.398372E+01   3.099023E+03
       7.779735   8.019354E+01   3.359139E+03
       7.787898   8.180832E+01   3.426779E+03
       7.796061   7.920437E+01   3.317705E+03
       7.804225   7.320107E+01   3.066239E+03
       7.812388   6.400446E+01   2.681013E+03
       7.820552   5.042207E+01   2.112075E+03
       7.828715   3.078214E+01   1.289399E+03
       7.836879   5.425995E+00   2.272836E+02
       7.845042  -2.207832E+01  -9.248146E+02
       7.853205  -4.695597E+01  -1.966887E+03
       7.861369  -6.614720E+01  -2.770768E+03
       7.869532  -7.882737E+01  -3.301913E+03
       7.877696  -8.496229E+01  -3.558892E+03
       7.885859  -8.450222E+01  -3.539621E+03
       7.894022  -7.807579E+01  -3.270431E+03
       7.902186  -6.797740E+01  -2.847431E+03
       7.910349  -5.799162E+01  -2.429147E+03
       7.918513  -5.172491E+01  -2.166648E+03
       7.926676  -5.072746E+01  -2.124867E+03
       7.934840  -5.388828E+01  -2.257267E+03
       7.943003  -5.801764E+01  -2.430237E+03
       7.951166  -5.876014E+01  -2.461339E+03
       7.959330  -5.201055E+01  -2.178613E+03
       7.967493  -3.633501E+01  -1.521997E+03
       7.975657  -1.476402E+01  -6.184338E+02
       7.983820   6.725084E+00   2.816997E+02
       7.991983   2.315988E+01   9.701189E+02
       8.000147   3.299557E+01   1.382115E+03
       8.008310   3.746040E+01   1.569137E+03
       8.016474   3.866413E+01   1.619559E+03
       8.024637   3.827800E+01   1.603385E+03
       8.032801   3.709485E+01   1.553825E+03
       8.040964   3.513786E+01   1.471851E+03
       8.049127   3.207670E+01   1.343626E+03
       8.057291   2.780111E+01   1.164530E+03
       8.065454   2.286348E+01   9.577032E+02
       8.073618   1.839612E+01   7.705748E+02
       8.081781   1.549576E+01   6.490851E+02
       8.089944   1.466517E+01   6.142933E+02
       8.098108   1.577312E+01   6.607031E+02
       8.106271   1.834567E+01   7.684615E+02
       8.114435   2.179761E+01   9.130563E+02
       8.122598   2.546779E+01   1.066792E+03
       8.130761   2.854491E+01   1.195687E+03
       8.138925   3.003298E+01   1.258018E+03
       8.147088   2.886407E+01   1.209055E+03
       8.155252   2.413102E+01   1.010798E+03
