 #calculated the component:  1  2  3
 #tolerance:    2.000000E-03
 #broadening:    2.000000E-03Ha
 #scissors shift:    0.000000E+00Ha
 #energy window:    1.089015E+02eV    4.002056E+00Ha
 # Energy(eV) Chi(w) Eta(w) Sigma(w)
 # in esu
 # 
       0.008163  -3.733455E-01   1.876542E+00   7.525777E-01
       0.016327  -3.772529E-01   1.923315E+00   7.684923E-01
       0.024490  -3.812310E-01   1.971781E+00   7.849147E-01
       0.032654  -3.852818E-01   2.022022E+00   8.018666E-01
       0.040817  -3.894073E-01   2.074123E+00   8.193712E-01
       0.048980  -3.936097E-01   2.128175E+00   8.374527E-01
       0.057144  -3.978913E-01   2.184276E+00   8.561367E-01
       0.065307  -4.022542E-01   2.242528E+00   8.754502E-01
       0.073471  -4.067009E-01   2.303041E+00   8.954219E-01
       0.081634  -4.112340E-01   2.365931E+00   9.160820E-01
       0.089798  -4.158560E-01   2.431321E+00   9.374626E-01
       0.097961  -4.205697E-01   2.499344E+00   9.595976E-01
       0.106124  -4.253779E-01   2.570141E+00   9.825229E-01
       0.114288  -4.302836E-01   2.643862E+00   1.006277E+00
       0.122451  -4.352899E-01   2.720666E+00   1.030899E+00
       0.130615  -4.404001E-01   2.800726E+00   1.056434E+00
       0.138778  -4.456176E-01   2.884225E+00   1.082926E+00
       0.146941  -4.509459E-01   2.971359E+00   1.110424E+00
       0.155105  -4.563889E-01   3.062339E+00   1.138980E+00
       0.163268  -4.619505E-01   3.157391E+00   1.168649E+00
       0.171432  -4.676347E-01   3.256757E+00   1.199489E+00
       0.179595  -4.734460E-01   3.360699E+00   1.231564E+00
       0.187759  -4.793889E-01   3.469496E+00   1.264941E+00
       0.195922  -4.854682E-01   3.583452E+00   1.299690E+00
       0.204085  -4.916890E-01   3.702892E+00   1.335890E+00
       0.212249  -4.980566E-01   3.828169E+00   1.373621E+00
       0.220412  -5.045768E-01   3.959662E+00   1.412972E+00
       0.228576  -5.112553E-01   4.097785E+00   1.454037E+00
       0.236739  -5.180987E-01   4.242984E+00   1.496918E+00
       0.244902  -5.251134E-01   4.395742E+00   1.541725E+00
       0.253066  -5.323067E-01   4.556586E+00   1.588574E+00
       0.261229  -5.396861E-01   4.726089E+00   1.637594E+00
       0.269393  -5.472594E-01   4.904873E+00   1.688920E+00
       0.277556  -5.550353E-01   5.093621E+00   1.742701E+00
       0.285720  -5.630227E-01   5.293074E+00   1.799096E+00
       0.293883  -5.712313E-01   5.504046E+00   1.858281E+00
       0.302046  -5.796714E-01   5.727430E+00   1.920442E+00
       0.310210  -5.883540E-01   5.964205E+00   1.985785E+00
       0.318373  -5.972910E-01   6.215446E+00   2.054533E+00
       0.326537  -6.064949E-01   6.482342E+00   2.126928E+00
       0.334700  -6.159794E-01   6.766201E+00   2.203235E+00
       0.342863  -6.257591E-01   7.068471E+00   2.283745E+00
       0.351027  -6.358497E-01   7.390758E+00   2.368774E+00
       0.359190  -6.462683E-01   7.734845E+00   2.458671E+00
       0.367354  -6.570333E-01   8.102713E+00   2.553818E+00
       0.375517  -6.681647E-01   8.496575E+00   2.654637E+00
       0.383681  -6.796841E-01   8.918903E+00   2.761594E+00
       0.391844  -6.916151E-01   9.372467E+00   2.875202E+00
       0.400007  -7.039835E-01   9.860380E+00   2.996031E+00
       0.408171  -7.168174E-01   1.038615E+01   3.124714E+00
       0.416334  -7.301477E-01   1.095372E+01   3.261955E+00
       0.424498  -7.440082E-01   1.156759E+01   3.408540E+00
       0.432661  -7.584362E-01   1.223284E+01   3.565347E+00
       0.440824  -7.734730E-01   1.295527E+01   3.733361E+00
       0.448988  -7.891642E-01   1.374152E+01   3.913690E+00
       0.457151  -8.055606E-01   1.459917E+01   4.107584E+00
       0.465315  -8.227186E-01   1.553697E+01   4.316456E+00
       0.473478  -8.407015E-01   1.656503E+01   4.541907E+00
       0.481641  -8.595803E-01   1.769504E+01   4.785763E+00
       0.489805  -8.794349E-01   1.894063E+01   5.050106E+00
       0.497968  -9.003554E-01   2.031770E+01   5.337323E+00
       0.506132  -9.224445E-01   2.184492E+01   5.650162E+00
       0.514295  -9.458189E-01   2.354430E+01   5.991791E+00
       0.522459  -9.706123E-01   2.544187E+01   6.365889E+00
       0.530622  -9.969783E-01   2.756862E+01   6.776734E+00
       0.538785  -1.025095E+00   2.996157E+01   7.229332E+00
       0.546949  -1.055167E+00   3.266519E+01   7.729562E+00
       0.555112  -1.087436E+00   3.573315E+01   8.284363E+00
       0.563276  -1.122184E+00   3.923060E+01   8.901965E+00
       0.571439  -1.159744E+00   4.323699E+01   9.592178E+00
       0.579602  -1.200510E+00   4.784971E+01   1.036676E+01
       0.587766  -1.244953E+00   5.318873E+01   1.123986E+01
       0.595929  -1.293637E+00   5.940247E+01   1.222863E+01
       0.604093  -1.347245E+00   6.667524E+01   1.335391E+01
       0.612256  -1.406601E+00   7.523649E+01   1.464121E+01
       0.620420  -1.472714E+00   8.537216E+01   1.612181E+01
       0.628583  -1.546814E+00   9.743787E+01   1.783428E+01
       0.636746  -1.630413E+00   1.118731E+02   1.982617E+01
       0.644910  -1.725362E+00   1.292140E+02   2.215611E+01
       0.653073  -1.833924E+00   1.500972E+02   2.489605E+01
       0.661237  -1.958837E+00   1.752435E+02   2.813331E+01
       0.669400  -2.103341E+00   2.053897E+02   3.197156E+01
       0.677563  -2.271133E+00   2.411203E+02   3.652894E+01
       0.685727  -2.466107E+00   2.825039E+02   4.192958E+01
       0.693890  -2.691726E+00   3.283999E+02   4.828217E+01
       0.702054  -2.949689E+00   3.752973E+02   5.563550E+01
       0.710217  -3.237582E+00   4.157375E+02   6.389955E+01
       0.718381  -3.545410E+00   4.370553E+02   7.272948E+01
       0.726544  -3.851996E+00   4.225128E+02   8.140511E+01
       0.734707  -4.124241E+00   3.578143E+02   8.880597E+01
       0.742871  -4.323660E+00   2.429256E+02   9.362969E+01
       0.751034  -4.421321E+00   1.003848E+02   9.489063E+01
       0.759198  -4.413144E+00  -3.242853E+01   9.243010E+01
       0.767361  -4.322841E+00  -1.244250E+02   8.701300E+01
       0.775524  -4.189749E+00  -1.654956E+02   7.991988E+01
       0.783688  -4.052447E+00  -1.637785E+02   7.239841E+01
       0.791851  -3.939117E+00  -1.342058E+02   6.534021E+01
       0.800015  -3.866343E+00  -8.985789E+01   5.923864E+01
       0.808178  -3.842296E+00  -3.905133E+01   5.429285E+01
       0.816342  -3.870606E+00   1.419180E+01   5.053345E+01
       0.824505  -3.953313E+00   6.875521E+01   4.791697E+01
       0.832668  -4.092739E+00   1.252402E+02   4.638332E+01
       0.840832  -4.292590E+00   1.852051E+02   4.588653E+01
       0.848995  -4.558580E+00   2.507280E+02   4.640955E+01
       0.857159  -4.898777E+00   3.241194E+02   4.797028E+01
       0.865322  -5.323662E+00   4.076022E+02   5.062201E+01
       0.873485  -5.845716E+00   5.027420E+02   5.444799E+01
       0.881649  -6.478077E+00   6.093316E+02   5.954625E+01
       0.889812  -7.231418E+00   7.233389E+02   6.599634E+01
       0.897976  -8.107746E+00   8.336006E+02   7.379515E+01
       0.906139  -9.089827E+00   9.176572E+02   8.274834E+01
       0.914302  -1.012648E+01   9.393132E+02   9.232013E+01
       0.922466  -1.111909E+01   8.542326E+02   1.014956E+02
       0.930629  -1.192331E+01   6.309479E+02   1.087974E+02
       0.938793  -1.238306E+01   2.829113E+02   1.126309E+02
       0.946956  -1.239503E+01  -1.168593E+02   1.119385E+02
       0.955120  -1.196348E+01  -4.673853E+02   1.067566E+02
       0.963283  -1.119772E+01  -6.974207E+02   9.818933E+01
       0.971446  -1.025464E+01  -7.946844E+02   8.782471E+01
       0.979610  -9.275544E+00  -7.898846E+02   7.709294E+01
       0.987773  -8.354854E+00  -7.254374E+02   6.694846E+01
       0.995937  -7.540180E+00  -6.357205E+02   5.787044E+01
       1.004100  -6.846224E+00  -5.420913E+02   5.000398E+01
       1.012263  -6.269237E+00  -4.553404E+02   4.330691E+01
       1.020427  -5.797195E+00  -3.796456E+02   3.765303E+01
       1.028590  -5.415665E+00  -3.156738E+02   3.289167E+01
       1.036754  -5.110695E+00  -2.624951E+02   2.887694E+01
       1.044917  -4.870002E+00  -2.186139E+02   2.547974E+01
       1.053081  -4.683284E+00  -1.824664E+02   2.259092E+01
       1.061244  -4.542139E+00  -1.526302E+02   2.012033E+01
       1.069407  -4.439835E+00  -1.278921E+02   1.799447E+01
       1.077571  -4.371048E+00  -1.072505E+02   1.615368E+01
       1.085734  -4.331615E+00  -8.989185E+01   1.454965E+01
       1.093898  -4.318328E+00  -7.515993E+01   1.314317E+01
       1.102061  -4.328766E+00  -6.252579E+01   1.190231E+01
       1.110224  -4.361161E+00  -5.156117E+01   1.080098E+01
       1.118388  -4.414300E+00  -4.191638E+01   9.817789E+00
       1.126551  -4.487448E+00  -3.330211E+01   8.935066E+00
       1.134715  -4.580300E+00  -2.547469E+01   8.138188E+00
       1.142878  -4.692943E+00  -1.822397E+01   7.414991E+00
       1.151042  -4.825846E+00  -1.136315E+01   6.755331E+00
       1.159205  -4.979856E+00  -4.720000E+00   6.150741E+00
       1.167368  -5.156211E+00   1.871090E+00   5.594157E+00
       1.175532  -5.356575E+00   8.576726E+00   5.079725E+00
       1.183695  -5.583080E+00   1.557223E+01   4.602655E+00
       1.191859  -5.838398E+00   2.304987E+01   4.159120E+00
       1.200022  -6.125822E+00   3.122792E+01   3.746208E+00
       1.208185  -6.449388E+00   4.036079E+01   3.361909E+00
       1.216349  -6.814023E+00   5.075008E+01   3.005143E+00
       1.224512  -7.225725E+00   6.275564E+01   2.675814E+00
       1.232676  -7.691808E+00   7.680406E+01   2.374878E+00
       1.240839  -8.221173E+00   9.338885E+01   2.104375E+00
       1.249003  -8.824649E+00   1.130498E+02   1.867334E+00
       1.257166  -9.515357E+00   1.363076E+02   1.667344E+00
       1.265329  -1.030906E+01   1.635083E+02   1.507423E+00
       1.273493  -1.122438E+01   1.945083E+02   1.387445E+00
       1.281656  -1.228275E+01   2.281033E+02   1.299006E+00
       1.289820  -1.350766E+01   2.611536E+02   1.216135E+00
       1.297983  -1.492299E+01   2.875893E+02   1.080680E+00
       1.306146  -1.655021E+01   2.980827E+02   7.840342E-01
       1.314310  -1.840524E+01   2.819683E+02   1.541147E-01
       1.322473  -2.049641E+01   2.326769E+02  -1.033548E+00
       1.330637  -2.282451E+01   1.546209E+02  -3.001412E+00
       1.338800  -2.538040E+01   6.482256E+01  -5.877781E+00
       1.346963  -2.813023E+01  -1.562220E+01  -9.610693E+00
       1.355127  -3.098174E+01  -7.458414E+01  -1.393723E+01
       1.363290  -3.374644E+01  -1.144385E+02  -1.841887E+01
       1.371454  -3.613932E+01  -1.456420E+02  -2.252796E+01
       1.379617  -3.785925E+01  -1.753371E+02  -2.578396E+01
       1.387781  -3.873611E+01  -2.012871E+02  -2.792064E+01
       1.395944  -3.884482E+01  -2.155870E+02  -2.899484E+01
       1.404107  -3.848588E+01  -2.127787E+02  -2.934366E+01
       1.412271  -3.805374E+01  -1.937433E+02  -2.942197E+01
       1.420434  -3.790580E+01  -1.636130E+02  -2.964671E+01
       1.428598  -3.830542E+01  -1.280158E+02  -3.032846E+01
       1.436761  -3.943066E+01  -9.095527E+01  -3.167903E+01
       1.444924  -4.140896E+01  -5.450468E+01  -3.384953E+01
       1.453088  -4.434986E+01  -1.932550E+01  -3.696677E+01
       1.461251  -4.836436E+01   1.469355E+01  -4.115524E+01
       1.469415  -5.356750E+01   4.790337E+01  -4.654037E+01
       1.477578  -6.005953E+01   8.044069E+01  -5.322842E+01
       1.485742  -6.787657E+01   1.117650E+02  -6.125290E+01
       1.493905  -7.689873E+01   1.401696E+02  -7.047440E+01
       1.502068  -8.671212E+01   1.624950E+02  -8.043009E+01
       1.510232  -9.646018E+01   1.747172E+02  -9.017110E+01
       1.518395  -1.047979E+02   1.743314E+02  -9.821115E+01
       1.526559  -1.101241E+02   1.643582E+02  -1.027771E+02
       1.534722  -1.111544E+02   1.558764E+02  -1.024311E+02
       1.542885  -1.075522E+02   1.648762E+02  -9.675711E+01
       1.551049  -1.001123E+02   2.045020E+02  -8.656087E+01
       1.559212  -9.032683E+01   2.797586E+02  -7.339767E+01
       1.567376  -7.972037E+01   3.886667E+02  -5.884500E+01
       1.575539  -6.941330E+01   5.265099E+02  -4.402506E+01
       1.583703  -6.003036E+01   6.883912E+02  -2.950586E+01
       1.591866  -5.180966E+01   8.684588E+02  -1.542752E+01
       1.600029  -4.475363E+01   1.056330E+03  -1.686280E+00
       1.608193  -3.874643E+01   1.231814E+03   1.189959E+01
       1.616356  -3.362525E+01   1.360189E+03   2.545039E+01
       1.624520  -2.921793E+01   1.393213E+03   3.890562E+01
       1.632683  -2.536373E+01   1.283014E+03   5.193804E+01
       1.640846  -2.193105E+01   1.008570E+03   6.393862E+01
       1.649010  -1.883793E+01   5.953799E+02   7.409200E+01
       1.657173  -1.606690E+01   1.044971E+02   8.150529E+01
       1.665337  -1.365641E+01  -3.974040E+02   8.535950E+01
       1.673500  -1.166019E+01  -8.504885E+02   8.513834E+01
       1.681664  -1.009399E+01  -1.199202E+03   8.092221E+01
       1.689827  -8.907248E+00  -1.405303E+03   7.350360E+01
       1.697990  -7.998068E+00  -1.468227E+03   6.412627E+01
       1.706154  -7.251626E+00  -1.422745E+03   5.402350E+01
       1.714317  -6.570161E+00  -1.316398E+03   4.408855E+01
       1.722481  -5.882421E+00  -1.189560E+03   3.479945E+01
       1.730644  -5.139143E+00  -1.068220E+03   2.630610E+01
       1.738807  -4.304578E+00  -9.654203E+02   1.855606E+01
       1.746971  -3.349798E+00  -8.850261E+02   1.139629E+01
       1.755134  -2.249765E+00  -8.244653E+02   4.640604E+00
       1.763298  -9.847905E-01  -7.756185E+02  -1.885921E+00
       1.771461   4.531711E-01  -7.244946E+02  -8.311249E+00
       1.779625   2.049591E+00  -6.516650E+02  -1.468105E+01
       1.787788   3.754432E+00  -5.369070E+02  -2.092772E+01
       1.795951   5.473588E+00  -3.707230E+02  -2.686261E+01
       1.804115   7.070869E+00  -1.682530E+02  -3.221076E+01
       1.812278   8.377083E+00   2.876376E+01  -3.667394E+01
       1.820442   9.195061E+00   1.716012E+02  -3.997151E+01
       1.828605   9.307997E+00   2.325313E+02  -4.184682E+01
       1.836768   8.525306E+00   2.175676E+02  -4.211173E+01
       1.844932   6.771039E+00   1.569508E+02  -4.077025E+01
       1.853095   4.146191E+00   8.485176E+01  -3.811276E+01
       1.861259   8.961093E-01   2.371920E+01  -3.464873E+01
       1.869422  -2.688878E+00  -1.903183E+01  -3.091592E+01
       1.877585  -6.353868E+00  -4.559919E+01  -2.731588E+01
       1.885749  -9.900248E+00  -6.133332E+01  -2.405686E+01
       1.893912  -1.317226E+01  -7.109117E+01  -2.118236E+01
       1.902076  -1.605392E+01  -7.814462E+01  -1.863692E+01
       1.910239  -1.849541E+01  -8.431264E+01  -1.633643E+01
       1.918403  -2.054468E+01  -9.046511E+01  -1.421993E+01
       1.926566  -2.234375E+01  -9.700480E+01  -1.226626E+01
       1.934729  -2.408425E+01  -1.041258E+02  -1.047947E+01
       1.942893  -2.595762E+01  -1.118334E+02  -8.865153E+00
       1.951056  -2.813127E+01  -1.198961E+02  -7.416093E+00
       1.959220  -3.075159E+01  -1.279644E+02  -6.109720E+00
       1.967383  -3.395788E+01  -1.360178E+02  -4.912212E+00
       1.975546  -3.789327E+01  -1.450069E+02  -3.784811E+00
       1.983710  -4.270850E+01  -1.570926E+02  -2.690163E+00
       1.991873  -4.856394E+01  -1.749565E+02  -1.596612E+00
       2.000037  -5.563602E+01  -2.006391E+02  -4.789650E-01
       2.008200  -6.412498E+01  -2.348969E+02   6.828679E-01
       2.016364  -7.425102E+01  -2.772222E+02   1.903709E+00
       2.024527  -8.622380E+01  -3.257963E+02   3.188649E+00
       2.032690  -1.001700E+02  -3.767832E+02   4.524182E+00
       2.040854  -1.160028E+02  -4.229447E+02   5.867758E+00
       2.049017  -1.332243E+02  -4.521514E+02   7.141186E+00
       2.057181  -1.506896E+02  -4.472949E+02   8.233213E+00
       2.065344  -1.664536E+02  -3.904318E+02   9.011924E+00
       2.073507  -1.779500E+02  -2.734717E+02   9.345827E+00
       2.081671  -1.827282E+02  -1.108677E+02   9.138376E+00
       2.089834  -1.795520E+02   5.984755E+01   8.374401E+00
       2.097998  -1.690872E+02   1.976956E+02   7.149693E+00
       2.106161  -1.535513E+02   2.821370E+02   5.652078E+00
       2.114325  -1.356374E+02   3.184576E+02   4.103740E+00
       2.122488  -1.175649E+02   3.242094E+02   2.701528E+00
       2.130651  -1.007109E+02   3.136131E+02   1.575984E+00
       2.138815  -8.570111E+01   2.921234E+02   7.732242E-01
       2.146978  -7.266235E+01   2.603711E+02   2.639614E-01
       2.155142  -6.145462E+01   2.194492E+02  -2.394169E-02
       2.163305  -5.182555E+01   1.723439E+02  -1.688585E-01
       2.171468  -4.349644E+01   1.225853E+02  -2.330299E-01
       2.179632  -3.620386E+01   7.297930E+01  -2.571629E-01
       2.187795  -2.971774E+01   2.549595E+01  -2.646055E-01
       2.195959  -2.385047E+01  -1.801273E+01  -2.679974E-01
       2.204122  -1.846530E+01  -5.482986E+01  -2.751467E-01
       2.212286  -1.348780E+01  -8.069531E+01  -2.934861E-01
       2.220449  -8.916250E+00  -9.030073E+01  -3.330902E-01
       2.228612  -4.816577E+00  -7.994858E+01  -4.076881E-01
       2.236776  -1.282423E+00  -5.188397E+01  -5.326393E-01
       2.244939   1.639959E+00  -1.654705E+01  -7.201073E-01
       2.253103   4.019738E+00   1.140969E+01  -9.746337E-01
       2.261266   6.047348E+00   2.105124E+01  -1.293197E+00
       2.269429   7.975938E+00   9.533763E+00  -1.669975E+00
       2.277593   1.005218E+01  -1.988655E+01  -2.101952E+00
       2.285756   1.248108E+01  -6.228337E+01  -2.592167E+00
       2.293920   1.542652E+01  -1.140147E+02  -3.150477E+00
       2.302083   1.902714E+01  -1.735726E+02  -3.793280E+00
       2.310246   2.340959E+01  -2.413142E+02  -4.543364E+00
       2.318410   2.868908E+01  -3.189009E+02  -5.430320E+00
       2.326573   3.495081E+01  -4.087083E+02  -6.491329E+00
       2.334737   4.220636E+01  -5.130458E+02  -7.771470E+00
       2.342900   5.032425E+01  -6.327163E+02  -9.321380E+00
       2.351064   5.894948E+01  -7.642695E+02  -1.118777E+01
       2.359227   6.745277E+01  -8.956274E+02  -1.338984E+01
       2.367390   7.495615E+01  -1.001204E+03  -1.587603E+01
       2.375554   8.042819E+01  -1.040036E+03  -1.846584E+01
       2.383717   8.277177E+01  -9.626409E+02  -2.080223E+01
       2.391881   8.087954E+01  -7.324747E+02  -2.236286E+01
       2.400044   7.381287E+01  -3.586703E+02  -2.258510E+01
       2.408207   6.126157E+01   8.644050E+01  -2.110315E+01
       2.416371   4.407375E+01   4.970785E+02  -1.797120E+01
       2.424534   2.435134E+01   7.951590E+02  -1.369404E+01
       2.432698   4.886506E+00   9.636778E+02  -9.026446E+00
       2.440861  -1.177899E+01   1.028966E+03  -4.679069E+00
       2.449025  -2.418787E+01   1.026041E+03  -1.093050E+00
       2.457188  -3.227981E+01   9.814447E+02   1.630634E+00
       2.465351  -3.705711E+01   9.140253E+02   3.650150E+00
       2.473515  -3.991643E+01   8.388384E+02   5.233357E+00
       2.481678  -4.210510E+01   7.675891E+02   6.637238E+00
       2.489842  -4.449290E+01   7.076533E+02   8.053609E+00
       2.498005  -4.756532E+01   6.617809E+02   9.600829E+00
       2.506168  -5.147905E+01   6.282931E+02   1.132827E+01
       2.514332  -5.608824E+01   6.010282E+02   1.321372E+01
       2.522495  -6.093439E+01   5.690933E+02   1.515119E+01
       2.530659  -6.526181E+01   5.178035E+02   1.694302E+01
       2.538822  -6.815459E+01   4.332069E+02   1.832210E+01
       2.546986  -6.883384E+01   3.110925E+02   1.902414E+01
       2.555149  -6.699227E+01   1.652508E+02   1.889261E+01
       2.563312  -6.293287E+01   2.463411E+01   1.795418E+01
       2.571476  -5.740013E+01  -8.263059E+01   1.640586E+01
       2.579639  -5.124345E+01  -1.443322E+02   1.452260E+01
       2.587803  -4.514498E+01  -1.654325E+02   1.255461E+01
       2.595966  -3.951968E+01  -1.591567E+02   1.067181E+01
       2.604129  -3.454723E+01  -1.384591E+02   8.960259E+00
       2.612293  -3.025109E+01  -1.123823E+02   7.444605E+00
       2.620456  -2.657059E+01  -8.599926E+01   6.113550E+00
       2.628620  -2.340912E+01  -6.160847E+01   4.938592E+00
       2.636783  -2.066150E+01  -3.991064E+01   3.885225E+00
       2.644947  -1.822817E+01  -2.081357E+01   2.918955E+00
       2.653110  -1.602392E+01  -3.902448E+00   2.008748E+00
       2.661273  -1.398711E+01   1.130446E+01   1.130069E+00
       2.669437  -1.209424E+01   2.521722E+01   2.692516E-01
       2.677600  -1.038318E+01   3.810362E+01  -5.697642E-01
       2.685764  -8.982149E+00   5.009501E+01  -1.357046E+00
       2.693927  -8.128566E+00   6.132923E+01  -2.031425E+00
       2.702090  -8.145381E+00   7.226580E+01  -2.507984E+00
       2.710254  -9.349480E+00   8.401330E+01  -2.705933E+00
       2.718417  -1.192327E+01   9.829676E+01  -2.587544E+00
       2.726581  -1.584565E+01   1.169329E+02  -2.179515E+00
       2.734744  -2.094791E+01   1.412793E+02  -1.557179E+00
       2.742907  -2.704492E+01   1.721575E+02  -8.062756E-01
       2.751071  -3.404115E+01   2.101288E+02   7.871821E-03
       2.759234  -4.196503E+01   2.556683E+02   8.504847E-01
       2.767398  -5.094784E+01   3.089419E+02   1.712375E+00
       2.775561  -6.117273E+01   3.690557E+02   2.599410E+00
       2.783725  -7.279992E+01   4.326387E+02   3.521135E+00
       2.791888  -8.585374E+01   4.916551E+02   4.478623E+00
       2.800051  -1.000525E+02   5.308518E+02   5.449836E+00
       2.808215  -1.145888E+02   5.267499E+02   6.372517E+00
       2.816378  -1.279505E+02   4.523989E+02   7.130847E+00
       2.824542  -1.379966E+02   2.919829E+02   7.561472E+00
       2.832705  -1.425167E+02   6.049463E+01   7.495915E+00
       2.840868  -1.401704E+02  -1.908622E+02   6.832562E+00
       2.849032  -1.311718E+02  -3.983674E+02   5.592965E+00
       2.857195  -1.171015E+02  -5.207304E+02   3.918169E+00
       2.865359  -1.000241E+02  -5.527290E+02   2.016547E+00
       2.873522  -8.166722E+01  -5.135365E+02   1.117528E-01
       2.881686  -6.315233E+01  -4.305746E+02  -1.586416E+00
       2.889849  -4.521287E+01  -3.320055E+02  -2.903072E+00
       2.898012  -2.857452E+01  -2.442907E+02  -3.723918E+00
       2.906176  -1.417899E+01  -1.874110E+02  -4.011265E+00
       2.914339  -3.080760E+00  -1.680942E+02  -3.792388E+00
       2.922503   3.925220E+00  -1.777160E+02  -3.130203E+00
       2.930666   6.675910E+00  -1.985051E+02  -2.100232E+00
       2.938829   5.723471E+00  -2.142209E+02  -7.799288E-01
       2.946993   2.067339E+00  -2.177293E+02   7.591440E-01
       2.955156  -3.256697E+00  -2.110368E+02   2.461298E+00
       2.963320  -9.472114E+00  -2.001917E+02   4.295637E+00
       2.971483  -1.614850E+01  -1.905921E+02   6.260069E+00
       2.979647  -2.314639E+01  -1.853270E+02   8.379677E+00
       2.987810  -3.051930E+01  -1.855339E+02   1.070097E+01
       2.995973  -3.842663E+01  -1.910565E+02   1.328356E+01
       3.004137  -4.706515E+01  -2.005790E+02   1.618865E+01
       3.012300  -5.660346E+01  -2.110935E+02   1.946130E+01
       3.020464  -6.709793E+01  -2.168132E+02   2.310090E+01
       3.028627  -7.837440E+01  -2.080094E+02   2.701647E+01
       3.036790  -8.988857E+01  -1.711491E+02   3.097317E+01
       3.044954  -1.006413E+02  -9.282793E+01   3.456123E+01
       3.053117  -1.092962E+02   3.094118E+01   3.724622E+01
       3.061281  -1.146038E+02   1.845268E+02   3.854176E+01
       3.069444  -1.159622E+02   3.328239E+02   3.823853E+01
       3.077608  -1.136695E+02   4.368984E+02   3.651399E+01
       3.085771  -1.086188E+02   4.731811E+02   3.381998E+01
       3.093934  -1.017419E+02   4.417502E+02   3.065456E+01
       3.102098  -9.369886E+01   3.631583E+02   2.740000E+01
       3.110261  -8.494766E+01   2.687968E+02   2.429114E+01
       3.118425  -7.593519E+01   1.876198E+02   2.145781E+01
       3.126588  -6.714798E+01   1.355512E+02   1.896921E+01
       3.134751  -5.901698E+01   1.141334E+02   1.685580E+01
       3.142915  -5.181973E+01   1.162887E+02   1.511828E+01
       3.151078  -4.565772E+01   1.322043E+02   1.373391E+01
       3.159242  -4.048623E+01   1.517761E+02   1.266116E+01
       3.167405  -3.615063E+01   1.644252E+02   1.184019E+01
       3.175568  -3.240924E+01   1.588631E+02   1.118973E+01
       3.183732  -2.895519E+01   1.255003E+02   1.060661E+01
       3.191895  -2.546603E+01   6.243606E+01   9.978463E+00
       3.200059  -2.169159E+01  -1.907592E+01   9.214517E+00
       3.208222  -1.753349E+01  -9.759315E+01   8.279164E+00
       3.216386  -1.304260E+01  -1.536853E+02   7.199277E+00
       3.224549  -8.330122E+00  -1.801091E+02   6.036739E+00
       3.232712  -3.471875E+00  -1.813180E+02   4.850875E+00
       3.240876   1.533188E+00  -1.665449E+02   3.676846E+00
       3.249039   6.756691E+00  -1.441609E+02   2.523338E+00
       3.257203   1.231807E+01  -1.197084E+02   1.379628E+00
       3.265366   1.836185E+01  -9.621745E+01   2.238979E-01
       3.273529   2.503421E+01  -7.520790E+01  -9.697140E-01
       3.281693   3.244897E+01  -5.764859E+01  -2.224396E+00
       3.289856   4.062957E+01  -4.471159E+01  -3.552026E+00
       3.298020   4.941580E+01  -3.825767E+01  -4.940476E+00
       3.306183   5.834210E+01  -4.075359E+01  -6.336876E+00
       3.314347   6.654440E+01  -5.398238E+01  -7.633191E+00
       3.322510   7.282620E+01  -7.621677E+01  -8.670455E+00
       3.330673   7.601795E+01  -9.959667E+01  -9.281299E+00
       3.338837   7.555130E+01  -1.119798E+02  -9.366720E+00
       3.347000   7.183859E+01  -1.047990E+02  -8.957738E+00
       3.355164   6.608119E+01  -7.998694E+01  -8.204628E+00
       3.363327   5.966187E+01  -4.789812E+01  -7.300120E+00
       3.371490   5.362737E+01  -1.909155E+01  -6.402193E+00
       3.379654   4.852557E+01   9.358174E-01  -5.602726E+00
       3.387817   4.448813E+01   1.118389E+01  -4.935162E+00
       3.395981   4.136516E+01   1.236874E+01  -4.394358E+00
       3.404144   3.883075E+01   5.350315E+00  -3.953399E+00
       3.412308   3.647988E+01  -8.566214E+00  -3.576266E+00
       3.420471   3.395253E+01  -2.669128E+01  -3.229632E+00
       3.428634   3.106082E+01  -4.514014E+01  -2.893189E+00
       3.436798   2.783779E+01  -6.054650E+01  -2.563566E+00
       3.444961   2.446916E+01  -7.163433E+01  -2.249496E+00
       3.453125   2.117111E+01  -7.919293E+01  -1.962999E+00
       3.461288   1.810233E+01  -8.495774E+01  -1.712964E+00
       3.469451   1.533827E+01  -9.060090E+01  -1.503175E+00
       3.477615   1.288364E+01  -9.729342E+01  -1.333049E+00
       3.485778   1.069282E+01  -1.056622E+02  -1.198933E+00
       3.493942   8.683857E+00  -1.158987E+02  -1.094924E+00
       3.502105   6.745634E+00  -1.279431E+02  -1.013216E+00
       3.510269   4.746494E+00  -1.417552E+02  -9.446483E-01
       3.518432   2.554501E+00  -1.575445E+02  -8.802442E-01
       3.526595   7.057478E-02  -1.755351E+02  -8.136367E-01
       3.534759  -2.739244E+00  -1.948810E+02  -7.428787E-01
       3.542922  -5.827186E+00  -2.120351E+02  -6.699155E-01
       3.551086  -9.058374E+00  -2.196034E+02  -5.978698E-01
       3.559249  -1.220313E+01  -2.070514E+02  -5.280700E-01
       3.567412  -1.493710E+01  -1.647320E+02  -4.585806E-01
       3.575576  -1.688953E+01  -9.121802E+01  -3.848119E-01
       3.583739  -1.776429E+01   8.648742E-01  -3.017882E-01
       3.591903  -1.747960E+01   8.833804E+01  -2.066948E-01
       3.600066  -1.621373E+01   1.502940E+02  -9.989194E-02
       3.608229  -1.431192E+01   1.786879E+02   1.620700E-02
       3.616393  -1.213687E+01   1.781213E+02   1.391381E-01
       3.624556  -9.969797E+00   1.587788E+02   2.676913E-01
       3.632720  -7.991744E+00   1.302300E+02   4.020260E-01
       3.640883  -6.311345E+00   9.882221E+01   5.429643E-01
       3.649047  -4.996850E+00   6.749817E+01   6.909456E-01
       3.657210  -4.087162E+00   3.685173E+01   8.449997E-01
       3.665373  -3.577316E+00   7.514745E+00   1.002073E+00
       3.673537  -3.392310E+00  -1.640437E+01   1.156905E+00
       3.681700  -3.369646E+00  -2.549676E+01   1.302086E+00
       3.689864  -3.263463E+00  -8.140888E+00   1.427599E+00
       3.698027  -2.779659E+00   4.173593E+01   1.520477E+00
       3.706190  -1.653968E+00   1.169681E+02   1.567053E+00
       3.714354   2.355886E-01   1.962784E+02   1.558818E+00
       3.722517   2.776921E+00   2.532234E+02   1.497899E+00
       3.730681   5.621124E+00   2.689372E+02   1.396692E+00
       3.738844   8.285601E+00   2.397428E+02   1.271743E+00
       3.747008   1.032151E+01   1.772661E+02   1.137458E+00
       3.755171   1.147477E+01   1.025512E+02   1.003661E+00
       3.763334   1.175695E+01   3.604231E+01   8.763085E-01
       3.771498   1.138469E+01  -1.095167E+01   7.588105E-01
       3.779661   1.064446E+01  -3.757106E+01   6.527618E-01
       3.787825   9.781310E+00  -4.890309E+01   5.583115E-01
       3.795988   8.956042E+00  -5.109116E+01   4.745579E-01
       3.804151   8.252915E+00  -4.888008E+01   3.999868E-01
       3.812315   7.704921E+00  -4.520598E+01   3.328364E-01
       3.820478   7.317045E+00  -4.162936E+01   2.713265E-01
       3.828642   7.081889E+00  -3.887239E+01   2.137679E-01
       3.836805   6.988567E+00  -3.721481E+01   1.585914E-01
       3.844969   7.027198E+00  -3.673385E+01   1.043313E-01
       3.853132   7.190966E+00  -3.743521E+01   4.958593E-02
       3.861295   7.476968E+00  -3.931996E+01  -7.033051E-03
       3.869459   7.886574E+00  -4.241768E+01  -6.695766E-02
       3.877622   8.425656E+00  -4.680282E+01  -1.317276E-01
       3.885786   9.104873E+00  -5.260287E+01  -2.030640E-01
       3.893949   9.940125E+00  -6.000157E+01  -2.829577E-01
       3.902112   1.095319E+01  -6.923584E+01  -3.737837E-01
       3.910276   1.217257E+01  -8.058054E+01  -4.784530E-01
       3.918439   1.363447E+01  -9.430954E+01  -6.006267E-01
       3.926603   1.538374E+01  -1.106148E+02  -7.450236E-01
       3.934766   1.747461E+01  -1.294641E+02  -9.178591E-01
       3.942930   1.997076E+01  -1.504030E+02  -1.127436E+00
       3.951093   2.294446E+01  -1.723840E+02  -1.384799E+00
       3.959256   2.647521E+01  -1.938547E+02  -1.704113E+00
       3.967420   3.064870E+01  -2.133684E+02  -2.101949E+00
       3.975583   3.555556E+01  -2.305112E+02  -2.594404E+00
       3.983747   4.128079E+01  -2.459825E+02  -3.191507E+00
       3.991910   4.786219E+01  -2.596579E+02  -3.889636E+00
       4.000073   5.519403E+01  -2.674432E+02  -4.662997E+00
       4.008237   6.288102E+01  -2.594318E+02  -5.454123E+00
       4.016400   7.010631E+01  -2.217416E+02  -6.165354E+00
       4.024564   7.564526E+01  -1.437797E+02  -6.661436E+00
       4.032727   7.816299E+01  -2.918428E+01  -6.798699E+00
       4.040890   7.676172E+01   9.914656E+01  -6.480274E+00
       4.049054   7.143764E+01   2.095881E+02  -5.702601E+00
       4.057217   6.305797E+01   2.810533E+02  -4.551193E+00
       4.065381   5.288768E+01   3.128311E+02  -3.147945E+00
       4.073544   4.207572E+01   3.192651E+02  -1.593825E+00
       4.081708   3.140675E+01   3.185271E+02   5.906821E-02
       4.089871   2.131019E+01   3.235974E+02   1.804126E+00
       4.098034   1.197676E+01   3.369662E+02   3.657676E+00
       4.106198   3.479035E+00   3.495764E+02   5.626694E+00
       4.114361  -4.119414E+00   3.455612E+02   7.672749E+00
       4.122525  -1.065023E+01   3.115707E+02   9.679881E+00
       4.130688  -1.575350E+01   2.459221E+02   1.144200E+01
       4.138851  -1.891251E+01   1.620301E+02   1.269533E+01
       4.147015  -1.966907E+01   8.188671E+01   1.320964E+01
       4.155178  -1.791718E+01   2.277187E+01   1.289967E+01
       4.163342  -1.405066E+01  -1.095580E+01   1.187401E+01
       4.171505  -8.853578E+00  -2.499820E+01   1.038072E+01
       4.179669  -3.255496E+00  -2.773822E+01   8.701485E+00
       4.187832   1.879541E+00  -2.563580E+01   7.070496E+00
       4.195995   5.896262E+00  -2.224966E+01   5.642072E+00
       4.204159   8.458045E+00  -1.891588E+01   4.488975E+00
       4.212322   9.591237E+00  -1.578357E+01   3.615155E+00
       4.220486   9.602829E+00  -1.268390E+01   2.979097E+00
       4.228649   8.906388E+00  -9.567902E+00   2.521730E+00
       4.236812   7.868075E+00  -6.539939E+00   2.187913E+00
       4.244976   6.739123E+00  -3.737634E+00   1.935985E+00
       4.253139   5.660026E+00  -1.247633E+00   1.738153E+00
       4.261303   4.693401E+00   9.094818E-01   1.577088E+00
       4.269466   3.856656E+00   2.760132E+00   1.442242E+00
       4.277630   3.144828E+00   4.354537E+00   1.327118E+00
       4.285793   2.543915E+00   5.750498E+00   1.227549E+00
       4.293956   2.037771E+00   7.004765E+00   1.140700E+00
       4.302120   1.611249E+00   8.169602E+00   1.064518E+00
       4.310283   1.251406E+00   9.292267E+00   9.974235E-01
       4.318447   9.477769E-01   1.041594E+01   9.381404E-01
       4.326610   6.922622E-01   1.158129E+01   8.856012E-01
       4.334773   4.788891E-01   1.282846E+01   8.388846E-01
       4.342937   3.035727E-01   1.419919E+01   7.971755E-01
       4.351100   1.639307E-01   1.573955E+01   7.597365E-01
       4.359264   5.917128E-02   1.750339E+01   7.258858E-01
       4.367427  -9.934728E-03   1.955742E+01   6.949820E-01
       4.375591  -4.099647E-02   2.198898E+01   6.664194E-01
       4.383754  -2.985467E-02   2.491885E+01   6.396419E-01
       4.391917   2.965896E-02   2.852211E+01   6.141933E-01
       4.400081   1.460509E-01   3.306078E+01   5.898321E-01
       4.408244   3.305596E-01   3.892913E+01   5.667559E-01
       4.416408   5.975374E-01   4.669822E+01   5.459712E-01
       4.424571   9.646216E-01   5.710931E+01   5.297858E-01
       4.432734   1.452246E+00   7.090701E+01   5.222118E-01
       4.440898   2.081611E+00   8.838546E+01   5.287779E-01
       4.449061   2.869617E+00   1.086802E+02   5.551761E-01
       4.457225   3.818789E+00   1.291516E+02   6.048559E-01
       4.465388   4.900325E+00   1.452478E+02   6.768838E-01
       4.473551   6.030790E+00   1.508793E+02   7.655428E-01
       4.481715   7.050299E+00   1.395071E+02   8.616685E-01
       4.489878   7.723352E+00   1.068815E+02   9.546964E-01
       4.498042   7.789982E+00   5.533653E+01   1.035064E+00
       4.506205   7.067036E+00  -4.072720E+00   1.097025E+00
       4.514369   5.538847E+00  -5.600387E+01   1.140760E+00
       4.522532   3.358880E+00  -8.936624E+01   1.171994E+00
       4.530695   7.602741E-01  -1.019309E+02   1.199231E+00
       4.538859  -2.047611E+00  -9.811802E+01   1.230746E+00
       4.547022  -4.933629E+00  -8.425883E+01   1.273062E+00
       4.555186  -7.847993E+00  -6.550227E+01   1.330924E+00
       4.563349  -1.080183E+01  -4.499293E+01   1.407970E+00
       4.571512  -1.384520E+01  -2.424134E+01   1.507457E+00
       4.579676  -1.705194E+01  -3.779995E+00   1.632759E+00
       4.587839  -2.051120E+01   1.624284E+01   1.787555E+00
       4.596003  -2.432319E+01   3.554406E+01   1.975643E+00
       4.604166  -2.859566E+01   5.316002E+01   2.200202E+00
       4.612330  -3.343816E+01   6.680021E+01   2.462257E+00
       4.620493  -3.895099E+01   7.222282E+01   2.758088E+00
       4.628656  -4.520750E+01   6.321371E+01   3.075889E+00
       4.636820  -5.223282E+01   3.331346E+01   3.393231E+00
       4.644983  -5.998790E+01  -1.992330E+01   3.678598E+00
       4.653147  -6.836369E+01  -9.004564E+01   3.899670E+00
       4.661310  -7.716532E+01  -1.612009E+02   4.035337E+00
       4.669473  -8.604200E+01  -2.142659E+02   4.082066E+00
       4.677637  -9.435985E+01  -2.345908E+02   4.048542E+00
       4.685800  -1.011261E+02  -2.161426E+02   3.944415E+00
       4.693964  -1.051408E+02  -1.629831E+02   3.774144E+00
       4.702127  -1.054322E+02  -8.928060E+01   3.540388E+00
       4.710291  -1.017562E+02  -1.517651E+01   3.252200E+00
       4.718454  -9.478356E+01   4.185265E+01   2.930178E+00
       4.726617  -8.582526E+01   7.426480E+01   2.605189E+00
       4.734781  -7.632883E+01   8.485448E+01   2.314014E+00
       4.742944  -6.749892E+01   8.148571E+01   2.097305E+00
       4.751108  -6.018535E+01   7.148446E+01   2.001409E+00
       4.759271  -5.495390E+01   5.934064E+01   2.080928E+00
       4.767434  -5.218777E+01   4.765192E+01   2.396012E+00
       4.775598  -5.211279E+01   3.932291E+01   2.997937E+00
       4.783761  -5.472456E+01   3.922667E+01   3.902680E+00
       4.791925  -5.969244E+01   5.444720E+01   5.064764E+00
       4.800088  -6.634341E+01   9.290012E+01   6.367591E+00
       4.808252  -7.376133E+01   1.600907E+02   7.635671E+00
       4.816415  -8.098665E+01   2.542325E+02   8.668303E+00
       4.824578  -8.729683E+01   3.630225E+02   9.295756E+00
       4.832742  -9.246574E+01   4.671751E+02   9.441923E+00
       4.840905  -9.680268E+01   5.492811E+02   9.151402E+00
       4.849069  -1.008842E+02   5.988473E+02   8.555487E+00
       4.857232  -1.051379E+02   6.093213E+02   7.805283E+00
       4.865395  -1.095099E+02   5.733366E+02   7.020633E+00
       4.873559  -1.133454E+02   4.841058E+02   6.274263E+00
       4.881722  -1.155441E+02   3.442370E+02   5.600125E+00
       4.889886  -1.149989E+02   1.740657E+02   5.008673E+00
       4.898049  -1.111468E+02   8.117420E+00   4.498813E+00
       4.906213  -1.042844E+02  -1.216698E+02   4.063911E+00
       4.914376  -9.541656E+01  -2.023681E+02   3.693956E+00
       4.922539  -8.578395E+01  -2.422609E+02   3.377002E+00
       4.930703  -7.642000E+01  -2.600835E+02   3.101452E+00
       4.938866  -6.794542E+01  -2.726441E+02   2.858446E+00
       4.947030  -6.057862E+01  -2.882499E+02   2.642770E+00
       4.955193  -5.425424E+01  -3.062168E+02   2.451955E+00
       4.963356  -4.877364E+01  -3.203058E+02   2.284914E+00
       4.971520  -4.394071E+01  -3.237573E+02   2.141258E+00
       4.979683  -3.963893E+01  -3.134021E+02   2.021221E+00
       4.987847  -3.583195E+01  -2.908638E+02   1.925644E+00
       4.996010  -3.251947E+01  -2.608416E+02   1.855940E+00
       5.004173  -2.969534E+01  -2.284769E+02   1.814256E+00
       5.012337  -2.732890E+01  -1.976875E+02   1.803825E+00
       5.020500  -2.536561E+01  -1.707995E+02   1.829049E+00
       5.028664  -2.373710E+01  -1.488698E+02   1.894796E+00
       5.036827  -2.237374E+01  -1.321390E+02   2.004857E+00
       5.044991  -2.121391E+01  -1.203323E+02   2.160494E+00
       5.053154  -2.020767E+01  -1.126214E+02   2.360301E+00
       5.061317  -1.932129E+01  -1.072823E+02   2.601496E+00
       5.069481  -1.854819E+01  -1.016321E+02   2.881001E+00
       5.077644  -1.791452E+01  -9.296105E+01   3.193850E+00
       5.085808  -1.745767E+01  -8.008068E+01   3.527378E+00
       5.093971  -1.717518E+01  -6.386253E+01   3.853286E+00
       5.102134  -1.697696E+01  -4.598120E+01   4.124318E+00
       5.110298  -1.668954E+01  -2.761159E+01   4.283655E+00
       5.118461  -1.613088E+01  -9.873372E+00   4.287750E+00
       5.126625  -1.520833E+01   5.399643E+00   4.129158E+00
       5.134788  -1.395916E+01   1.645575E+01   3.840530E+00
       5.142952  -1.250837E+01   2.288100E+01   3.476595E+00
       5.151115  -1.099447E+01   2.565084E+01   3.090318E+00
       5.159278  -9.520343E+00   2.628003E+01   2.718965E+00
       5.167442  -8.141830E+00   2.609248E+01   2.382300E+00
       5.175605  -6.877745E+00   2.596069E+01   2.087081E+00
       5.183769  -5.724371E+00   2.633628E+01   1.832472E+00
       5.191932  -4.666757E+00   2.734573E+01   1.614115E+00
       5.200095  -3.685552E+00   2.883921E+01   1.426674E+00
       5.208259  -2.760440E+00   3.037217E+01   1.265313E+00
       5.216422  -1.871506E+00   3.116788E+01   1.126622E+00
       5.224586  -9.994750E-01   3.019307E+01   1.009214E+00
       5.232749  -1.253986E-01   2.653997E+01   9.138736E-01
       5.240913   7.698721E-01   2.014750E+01   8.428256E-01
       5.249076   1.706286E+00   1.237056E+01   7.979761E-01
       5.257239   2.705273E+00   5.595991E+00   7.789508E-01
       5.265403   3.790633E+00   1.938894E+00   7.824637E-01
       5.273566   4.989689E+00   2.219888E+00   8.035470E-01
       5.281730   6.334573E+00   6.046576E+00   8.375035E-01
       5.289893   7.863424E+00   1.253932E+01   8.812115E-01
       5.298056   9.621187E+00   2.092052E+01   9.334721E-01
       5.306220   1.165944E+01   3.071033E+01   9.948769E-01
       5.314383   1.403421E+01   4.165328E+01   1.067740E+00
       5.322547   1.679968E+01   5.353165E+01   1.156424E+00
       5.330710   1.999496E+01   6.593879E+01   1.268218E+00
       5.338874   2.361991E+01   7.803886E+01   1.414675E+00
       5.347037   2.759739E+01   8.835170E+01   1.612748E+00
       5.355200   3.172459E+01   9.467140E+01   1.883930E+00
       5.363364   3.562969E+01   9.435476E+01   2.248931E+00
       5.371527   3.877058E+01   8.526175E+01   2.717533E+00
       5.379691   4.052419E+01   6.724850E+01   3.278753E+00
       5.387854   4.038576E+01   4.319577E+01   3.898678E+00
       5.396017   3.821044E+01   1.794818E+01   4.526046E+00
       5.404181   3.434365E+01  -5.103542E+00   5.097452E+00
       5.412344   2.952405E+01  -2.698554E+01   5.539284E+00
       5.420508   2.460711E+01  -5.187790E+01   5.776455E+00
       5.428671   2.027603E+01  -8.170651E+01   5.756930E+00
       5.436834   1.688287E+01  -1.120570E+02   5.479814E+00
       5.444998   1.446015E+01  -1.343778E+02   5.000909E+00
       5.453161   1.284395E+01  -1.418534E+02   4.408328E+00
       5.461325   1.180954E+01  -1.327875E+02   3.788803E+00
       5.469488   1.115724E+01  -1.103163E+02   3.206402E+00
       5.477652   1.074513E+01  -8.074596E+01   2.697292E+00
       5.485815   1.049062E+01  -5.126094E+01   2.273666E+00
       5.493978   1.035769E+01  -2.719717E+01   1.931176E+00
       5.502142   1.033860E+01  -1.050764E+01   1.657046E+00
       5.510305   1.043664E+01  -3.947252E-01   1.436639E+00
       5.518469   1.065422E+01   5.019532E+00   1.257132E+00
       5.526632   1.098584E+01   7.437335E+00   1.108601E+00
       5.534795   1.141434E+01   7.944460E+00   9.837291E-01
       5.542959   1.191087E+01   7.118188E+00   8.771216E-01
       5.551122   1.244208E+01   5.354940E+00   7.847345E-01
       5.559286   1.298567E+01   3.142589E+00   7.035438E-01
       5.567449   1.354690E+01   1.061629E+00   6.313740E-01
       5.575613   1.416324E+01  -4.520118E-01   5.667338E-01
       5.583776   1.489367E+01  -1.288165E+00   5.085870E-01
       5.591939   1.580305E+01  -1.605025E+00   4.561201E-01
       5.600103   1.695317E+01  -1.637732E+00   4.085827E-01
       5.608266   1.840242E+01  -1.528525E+00   3.652090E-01
       5.616430   2.021022E+01  -1.208192E+00   3.251835E-01
       5.624593   2.244152E+01  -2.765117E-01   2.876314E-01
       5.632756   2.516841E+01   2.165297E+00   2.516792E-01
       5.640920   2.846605E+01   7.722594E+00   2.167408E-01
       5.649083   3.239880E+01   1.886948E+01   1.833444E-01
       5.657247   3.699298E+01   3.891021E+01   1.548844E-01
       5.665410   4.219772E+01   7.153205E+01   1.403047E-01
       5.673574   4.784782E+01   1.195899E+02   1.565778E-01
       5.681737   5.365481E+01   1.827206E+02   2.284078E-01
       5.689900   5.924641E+01   2.544093E+02   3.824581E-01
       5.698064   6.424260E+01   3.208983E+02   6.363216E-01
       5.706227   6.832010E+01   3.641355E+02   9.875471E-01
       5.714391   7.121661E+01   3.682081E+02   1.410065E+00
       5.722554   7.268606E+01   3.261685E+02   1.860260E+00
       5.730717   7.249056E+01   2.436198E+02   2.287670E+00
       5.738881   7.048707E+01   1.369702E+02   2.643439E+00
       5.747044   6.675435E+01   2.738029E+01   2.883313E+00
       5.755208   6.165409E+01  -6.617102E+01   2.967071E+00
       5.763371   5.577143E+01  -1.314841E+02   2.859845E+00
       5.771535   4.975752E+01  -1.643372E+02   2.539731E+00
       5.779698   4.414958E+01  -1.673657E+02   2.008553E+00
       5.787861   3.925865E+01  -1.480968E+02   1.294383E+00
       5.796025   3.517619E+01  -1.167920E+02   4.385910E-01
       5.804188   3.186920E+01  -8.403319E+01  -5.249845E-01
       5.812352   2.928347E+01  -5.807374E+01  -1.584672E+00
       5.820515   2.739671E+01  -4.296546E+01  -2.752814E+00
       5.828678   2.621785E+01  -3.870787E+01  -4.057002E+00
       5.836842   2.575883E+01  -4.306442E+01  -5.525309E+00
       5.845005   2.599843E+01  -5.335900E+01  -7.167914E+00
       5.853169   2.684025E+01  -6.713350E+01  -8.954662E+00
       5.861332   2.806742E+01  -8.212182E+01  -1.079043E+01
       5.869495   2.931745E+01  -9.655925E+01  -1.250006E+01
       5.877659   3.011817E+01  -1.096205E+02  -1.384517E+01
       5.885822   3.001366E+01  -1.211601E+02  -1.459014E+01
       5.893986   2.875040E+01  -1.307557E+02  -1.460085E+01
       5.902149   2.641337E+01  -1.365091E+02  -1.391415E+01
       5.910313   2.339979E+01  -1.346849E+02  -1.271946E+01
       5.918476   2.024050E+01  -1.218057E+02  -1.126704E+01
       5.926639   1.739227E+01  -9.831904E+01  -9.774315E+00
       5.934803   1.511132E+01  -6.970692E+01  -8.380916E+00
       5.942966   1.343829E+01  -4.339097E+01  -7.150514E+00
       5.951130   1.225913E+01  -2.499951E+01  -6.094186E+00
       5.959293   1.138221E+01  -1.718607E+01  -5.195184E+00
       5.967456   1.059458E+01  -2.015734E+01  -4.427321E+00
       5.975620   9.698482E+00  -3.205802E+01  -3.766635E+00
       5.983783   8.539820E+00  -4.936326E+01  -3.197578E+00
       5.991947   7.023821E+00  -6.827666E+01  -2.714409E+00
       6.000110   5.109552E+00  -8.631199E+01  -2.318571E+00
       6.008274   2.798705E+00  -1.022317E+02  -2.013141E+00
       6.016437   1.437123E-01  -1.146729E+02  -1.796260E+00
       6.024600  -2.725909E+00  -1.213971E+02  -1.656959E+00
       6.032764  -5.583932E+00  -1.197523E+02  -1.576028E+00
       6.040927  -8.118472E+00  -1.077031E+02  -1.530636E+00
       6.049091  -9.993582E+00  -8.515539E+01  -1.499336E+00
       6.057254  -1.096577E+01  -5.502586E+01  -1.465757E+00
       6.065417  -1.100169E+01  -2.266520E+01  -1.420736E+00
       6.073581  -1.029907E+01   6.428229E+00  -1.362416E+00
       6.081744  -9.180641E+00   2.855712E+01  -1.294316E+00
       6.089908  -7.948760E+00   4.229580E+01  -1.222505E+00
       6.098071  -6.802442E+00   4.817432E+01  -1.153180E+00
       6.106235  -5.835271E+00   4.803916E+01  -1.091244E+00
       6.114398  -5.071812E+00   4.414201E+01  -1.039909E+00
       6.122561  -4.503345E+00   3.834219E+01  -1.001015E+00
       6.130725  -4.109608E+00   3.176109E+01  -9.756167E-01
       6.138888  -3.868776E+00   2.485103E+01  -9.645024E-01
       6.147052  -3.761113E+00   1.770459E+01  -9.685298E-01
       6.155215  -3.770279E+00   1.047565E+01  -9.886922E-01
       6.163378  -3.884135E+00   3.748423E+00  -1.025854E+00
       6.171542  -4.094644E+00  -1.383729E+00  -1.080071E+00
       6.179705  -4.395296E+00  -3.625620E+00  -1.149499E+00
       6.187869  -4.776017E+00  -2.044160E+00  -1.229191E+00
       6.196032  -5.218712E+00   3.190087E+00  -1.310441E+00
       6.204196  -5.697813E+00   1.004773E+01  -1.381553E+00
       6.212359  -6.187286E+00   1.470342E+01  -1.430367E+00
       6.220522  -6.669984E+00   1.330338E+01  -1.447536E+00
       6.228686  -7.142762E+00   4.551517E+00  -1.428942E+00
       6.236849  -7.614035E+00  -9.237854E+00  -1.376454E+00
       6.245013  -8.093696E+00  -2.351665E+01  -1.297214E+00
       6.253176  -8.575776E+00  -3.382187E+01  -1.201539E+00
       6.261339  -9.018156E+00  -3.728844E+01  -1.099893E+00
       6.269503  -9.333195E+00  -3.307796E+01  -1.000249E+00
       6.277666  -9.407537E+00  -2.245025E+01  -9.070875E-01
       6.285830  -9.153664E+00  -8.585664E+00  -8.221074E-01
       6.293993  -8.562188E+00   4.548324E+00  -7.456247E-01
       6.302156  -7.710820E+00   1.404323E+01  -6.775886E-01
       6.310320  -6.723294E+00   1.908673E+01  -6.178536E-01
       6.318483  -5.716143E+00   2.051184E+01  -5.660450E-01
       6.326647  -4.768476E+00   1.972974E+01  -5.214274E-01
       6.334810  -3.918533E+00   1.798917E+01  -4.829106E-01
       6.342974  -3.173282E+00   1.613261E+01  -4.491765E-01
       6.351137  -2.519504E+00   1.460685E+01  -4.189530E-01
       6.359300  -1.932467E+00   1.352832E+01  -3.914835E-01
       6.367464  -1.383143E+00   1.277941E+01  -3.670147E-01
       6.375627  -8.452879E-01   1.218074E+01  -3.467909E-01
       6.383791  -3.011223E-01   1.167019E+01  -3.322536E-01
       6.391954   2.574233E-01   1.133810E+01  -3.240387E-01
       6.400117   8.325723E-01   1.132590E+01  -3.216875E-01
       6.408281   1.426400E+00   1.173657E+01  -3.241407E-01
       6.416444   2.044731E+00   1.262439E+01  -3.303768E-01
       6.424608   2.698347E+00   1.402281E+01  -3.397537E-01
       6.432771   3.402568E+00   1.596394E+01  -3.520651E-01
       6.440935   4.176292E+00   1.847515E+01  -3.674826E-01
       6.449098   5.040745E+00   2.154962E+01  -3.865108E-01
       6.457261   6.017439E+00   2.508309E+01  -4.100102E-01
       6.465425   7.124135E+00   2.876137E+01  -4.393111E-01
       6.473588   8.367095E+00   3.188895E+01  -4.764150E-01
       6.481752   9.727786E+00   3.319582E+01  -5.242240E-01
       6.489915   1.114407E+01   3.079157E+01  -5.865521E-01
       6.498078   1.249213E+01   2.263507E+01  -6.673370E-01
       6.506242   1.358678E+01   7.865222E+00  -7.682688E-01
       6.514405   1.422365E+01  -1.150295E+01  -8.849656E-01
       6.522569   1.426606E+01  -3.040090E+01  -1.004543E+00
       6.530732   1.372853E+01  -4.337750E+01  -1.109091E+00
       6.538896   1.278686E+01  -4.795826E+01  -1.184925E+00
       6.547059   1.170160E+01  -4.529381E+01  -1.229942E+00
       6.555222   1.071617E+01  -3.839123E+01  -1.252644E+00
       6.563386   9.994304E+00  -3.053458E+01  -1.265286E+00
       6.571549   9.611192E+00  -2.467162E+01  -1.277496E+00
       6.579713   9.576880E+00  -2.298776E+01  -1.293358E+00
       6.587876   9.867068E+00  -2.634911E+01  -1.311560E+00
       6.596039   1.044751E+01  -3.398845E+01  -1.327797E+00
       6.604203   1.128817E+01  -4.383440E+01  -1.338520E+00
       6.612366   1.236710E+01  -5.345977E+01  -1.343835E+00
       6.620530   1.366439E+01  -6.104375E+01  -1.347238E+00
       6.628693   1.514909E+01  -6.567917E+01  -1.352626E+00
       6.636857   1.676443E+01  -6.702291E+01  -1.361367E+00
       6.645020   1.841468E+01  -6.471673E+01  -1.371307E+00
       6.653183   1.995269E+01  -5.794038E+01  -1.377211E+00
       6.661347   2.117395E+01  -4.558293E+01  -1.371471E+00
       6.669510   2.184344E+01  -2.745128E+01  -1.345416E+00
       6.677674   2.177970E+01  -5.734901E+00  -1.292631E+00
       6.685837   2.096255E+01   1.518618E+01  -1.213357E+00
       6.694000   1.957256E+01   3.106603E+01  -1.116139E+00
       6.702164   1.791286E+01   4.002781E+01  -1.014366E+00
       6.710327   1.627504E+01   4.275368E+01  -9.203291E-01
       6.718491   1.484834E+01   4.122394E+01  -8.412387E-01
       6.726654   1.370904E+01   3.746868E+01  -7.789024E-01
       6.734817   1.285925E+01   3.293155E+01  -7.316502E-01
       6.742981   1.227251E+01   2.840379E+01  -6.965185E-01
       6.751144   1.192401E+01   2.430152E+01  -6.706849E-01
       6.759308   1.180230E+01   2.095232E+01  -6.520002E-01
       6.767471   1.190787E+01   1.867804E+01  -6.389240E-01
       6.775635   1.224626E+01   1.777162E+01  -6.303361E-01
       6.783798   1.282029E+01   1.856532E+01  -6.253797E-01
       6.791961   1.362194E+01   2.155516E+01  -6.230046E-01
       6.800125   1.462377E+01   2.726422E+01  -6.209354E-01
       6.808288   1.577191E+01   3.557348E+01  -6.144171E-01
       6.816452   1.698390E+01   4.474463E+01  -5.957318E-01
       6.824615   1.815039E+01   5.094648E+01  -5.557546E-01
       6.832778   1.913699E+01   4.911283E+01  -4.883023E-01
       6.840942   1.979311E+01   3.535098E+01  -3.960060E-01
       6.849105   1.998738E+01   1.011735E+01  -2.932772E-01
       6.857269   1.966716E+01  -2.033496E+01  -2.016020E-01
       6.865432   1.889615E+01  -4.675588E+01  -1.389721E-01
       6.873596   1.782864E+01  -6.217687E+01  -1.122499E-01
       6.881759   1.663865E+01  -6.480951E+01  -1.177907E-01
       6.889922   1.545800E+01  -5.683354E+01  -1.468177E-01
       6.898086   1.435142E+01  -4.157950E+01  -1.900060E-01
       6.906249   1.332245E+01  -2.189564E+01  -2.395283E-01
       6.914413   1.233590E+01  -1.710605E-01  -2.895650E-01
       6.922576   1.134791E+01   2.115482E+01  -3.365500E-01
       6.930739   1.033552E+01   3.956403E+01  -3.797279E-01
       6.938903   9.314711E+00   5.299589E+01  -4.217877E-01
       6.947066   8.339382E+00   6.034522E+01  -4.691172E-01
       6.955230   7.487749E+00   6.135184E+01  -5.316658E-01
       6.963393   6.848142E+00   5.622438E+01  -6.223793E-01
       6.971557   6.505069E+00   4.578243E+01  -7.552002E-01
       6.979720   6.517099E+00   3.198191E+01  -9.401728E-01
       6.987883   6.887401E+00   1.756446E+01  -1.176114E+00
       6.996047   7.545109E+00   4.287881E+00  -1.444745E+00
       7.004210   8.354963E+00  -8.365743E+00  -1.711074E+00
       7.012374   9.153113E+00  -2.177904E+01  -1.931591E+00
       7.020537   9.793151E+00  -3.540180E+01  -2.067673E+00
       7.028700   1.018328E+01  -4.632583E+01  -2.098790E+00
       7.036864   1.029696E+01  -5.193526E+01  -2.029220E+00
       7.045027   1.015344E+01  -5.218790E+01  -1.885091E+00
       7.053191   9.786859E+00  -4.912741E+01  -1.703459E+00
       7.061354   9.229413E+00  -4.489994E+01  -1.518705E+00
       7.069518   8.516519E+00  -4.034308E+01  -1.352721E+00
       7.077681   7.699205E+00  -3.482376E+01  -1.212958E+00
       7.085844   6.844258E+00  -2.717498E+01  -1.096860E+00
       7.094008   6.018423E+00  -1.717653E+01  -9.978047E-01
       7.102171   5.268522E+00  -6.476523E+00  -9.094330E-01
       7.110335   4.611001E+00   2.031300E+00  -8.280101E-01
       7.118498   4.035071E+00   5.988685E+00  -7.531246E-01
       7.126661   3.514238E+00   4.953312E+00  -6.868959E-01
       7.134825   3.019164E+00   4.712084E-01  -6.324349E-01
       7.142988   2.528168E+00  -4.844209E+00  -5.925684E-01
       7.151152   2.033386E+00  -8.588652E+00  -5.692884E-01
       7.159315   1.541391E+00  -9.591633E+00  -5.636768E-01
       7.167478   1.069254E+00  -8.189345E+00  -5.757205E-01
       7.175642   6.386512E-01  -5.696227E+00  -6.037407E-01
       7.183805   2.708337E-01  -3.528806E+00  -6.439069E-01
       7.191969  -1.648065E-02  -2.626909E+00  -6.906941E-01
       7.200132  -2.126320E-01  -3.490246E+00  -7.386563E-01
       7.208296  -3.197917E-01  -6.478281E+00  -7.848050E-01
       7.216459  -3.565292E-01  -1.180156E+01  -8.300041E-01
       7.224622  -3.528306E-01  -1.914575E+01  -8.781900E-01
       7.232786  -3.381728E-01  -2.736538E+01  -9.338373E-01
       7.240949  -3.315096E-01  -3.455744E+01  -9.990249E-01
       7.249113  -3.393455E-01  -3.837754E+01  -1.070946E+00
       7.257276  -3.605577E-01  -3.641970E+01  -1.140203E+00
       7.265439  -3.932467E-01  -2.694489E+01  -1.190851E+00
       7.273603  -4.407682E-01  -1.020899E+01  -1.204051E+00
       7.281766  -5.162853E-01   1.054884E+01  -1.165970E+00
       7.289930  -6.445032E-01   3.018472E+01  -1.076091E+00
       7.298093  -8.572172E-01   4.462090E+01  -9.490412E-01
       7.306257  -1.180263E+00   5.283117E+01  -8.074585E-01
       7.314420  -1.616385E+00   5.593780E+01  -6.715080E-01
       7.322583  -2.135960E+00   5.505752E+01  -5.527041E-01
       7.330747  -2.683931E+00   5.057662E+01  -4.543742E-01
       7.338910  -3.199296E+00   4.310748E+01  -3.755191E-01
       7.347074  -3.637890E+00   3.427635E+01  -3.140743E-01
       7.355237  -3.989440E+00   2.627811E+01  -2.681641E-01
       7.363400  -4.280516E+00   2.080223E+01  -2.359504E-01
       7.371564  -4.562548E+00   1.833866E+01  -2.151384E-01
       7.379727  -4.894232E+00   1.828977E+01  -2.028423E-01
       7.387891  -5.328130E+00   1.957097E+01  -1.958019E-01
       7.396054  -5.904762E+00   2.118696E+01  -1.906267E-01
       7.404218  -6.652686E+00   2.257043E+01  -1.841045E-01
       7.412381  -7.591119E+00   2.363752E+01  -1.738073E-01
       7.420544  -8.731615E+00   2.450679E+01  -1.587781E-01
       7.428708  -1.007725E+01   2.500012E+01  -1.396661E-01
       7.436871  -1.161939E+01   2.429127E+01  -1.180756E-01
       7.445035  -1.333327E+01   2.104532E+01  -9.561706E-02
       7.453198  -1.517698E+01   1.417795E+01  -7.322943E-02
       7.461361  -1.710159E+01   4.027145E+00  -5.088196E-02
       7.469525  -1.907290E+01  -6.893386E+00  -2.740543E-02
       7.477688  -2.108616E+01  -1.457456E+01  -1.653694E-04
       7.485852  -2.314790E+01  -1.538525E+01   3.552768E-02
       7.494015  -2.522565E+01  -7.674718E+00   8.699163E-02
       7.502179  -2.720375E+01   7.611792E+00   1.639653E-01
       7.510342  -2.889171E+01   2.702369E+01   2.767198E-01
       7.518505  -3.010063E+01   4.548351E+01   4.324277E-01
       7.526669  -3.074600E+01   5.789029E+01   6.312901E-01
       7.534832  -3.089476E+01   6.030319E+01   8.644753E-01
       7.542996  -3.071217E+01   5.019046E+01   1.114556E+00
       7.551159  -3.035772E+01   2.702271E+01   1.357781E+00
       7.559322  -2.991882E+01  -6.138284E+00   1.567834E+00
       7.567486  -2.941296E+01  -4.194556E+01   1.721011E+00
       7.575649  -2.881639E+01  -7.107671E+01   1.801523E+00
       7.583813  -2.807082E+01  -8.632730E+01   1.804767E+00
       7.591976  -2.707282E+01  -8.511080E+01   1.737214E+00
       7.600140  -2.568864E+01  -6.938523E+01   1.612685E+00
       7.608303  -2.381479E+01  -4.453607E+01   1.446649E+00
       7.616466  -2.144959E+01  -1.771794E+01   1.252649E+00
       7.624630  -1.871347E+01   4.568360E+00   1.043224E+00
       7.632793  -1.579774E+01   1.834435E+01   8.323057E-01
       7.640957  -1.288758E+01   2.213555E+01   6.351543E-01
       7.649120  -1.011265E+01   1.590636E+01   4.654801E-01
       7.657283  -7.536660E+00   6.929943E-01   3.315101E-01
       7.665447  -5.169733E+00  -2.067669E+01   2.331726E-01
       7.673610  -2.990673E+00  -4.312837E+01   1.627278E-01
       7.681774  -9.751206E-01  -6.056860E+01   1.090714E-01
       7.689937   8.748649E-01  -6.827661E+01   6.261692E-02
       7.698100   2.509426E+00  -6.463790E+01   1.773611E-02
       7.706264   3.829832E+00  -5.137983E+01  -2.729008E-02
       7.714427   4.716932E+00  -3.255394E+01  -7.146475E-02
       7.722591   5.085749E+00  -1.265281E+01  -1.127910E-01
       7.730754   4.939496E+00   5.341941E+00  -1.501810E-01
       7.738918   4.383032E+00   2.086581E+01  -1.846524E-01
       7.747081   3.582370E+00   3.506527E+01  -2.191396E-01
       7.755244   2.702355E+00   4.900935E+01  -2.573958E-01
       7.763408   1.863345E+00   6.229121E+01  -3.029459E-01
       7.771571   1.130401E+00   7.321190E+01  -3.585811E-01
       7.779735   5.253908E-01   8.009446E+01  -4.263126E-01
       7.787898   4.633064E-02   8.226939E+01  -5.073966E-01
       7.796061  -3.185877E-01   8.012493E+01  -6.019759E-01
       7.804225  -5.876508E-01   7.449677E+01  -7.080531E-01
       7.812388  -7.904149E-01   6.561482E+01  -8.199427E-01
       7.820552  -9.727501E-01   5.232188E+01  -9.270639E-01
       7.828715  -1.193161E+00   3.299001E+01  -1.014713E+00
       7.836879  -1.505378E+00   7.999566E+00  -1.068193E+00
       7.845042  -1.932686E+00  -1.906661E+01  -1.079030E+00
       7.853205  -2.451513E+00  -4.345576E+01  -1.048695E+00
       7.861369  -3.000676E+00  -6.216009E+01  -9.864384E-01
       7.869532  -3.515334E+00  -7.440858E+01  -9.034508E-01
       7.877696  -3.967426E+00  -8.018668E+01  -8.081809E-01
       7.885859  -4.389278E+00  -7.940818E+01  -7.047682E-01
       7.894022  -4.866159E+00  -7.261612E+01  -5.935127E-01
       7.902186  -5.502550E+00  -6.200254E+01  -4.723105E-01
       7.910349  -6.381328E+00  -5.127156E+01  -3.387245E-01
       7.918513  -7.537747E+00  -4.399514E+01  -1.920257E-01
       7.926676  -8.959867E+00  -4.173325E+01  -3.434381E-02
       7.934840  -1.060334E+01  -4.341393E+01   1.289999E-01
       7.943003  -1.239116E+01  -4.591567E+01   2.891806E-01
       7.951166  -1.418398E+01  -4.500975E+01   4.335887E-01
       7.959330  -1.574859E+01  -3.680897E+01   5.470156E-01
       7.967493  -1.678337E+01  -2.016738E+01   6.157387E-01
       7.975657  -1.702979E+01   1.632426E+00   6.333440E-01
       7.983820  -1.640338E+01   2.252433E+01   6.041289E-01
       7.991983  -1.503015E+01   3.764907E+01   5.409632E-01
       8.000147  -1.316325E+01   4.569948E+01   4.593320E-01
       8.008310  -1.106367E+01   4.815203E+01   3.720421E-01
       8.016474  -8.927186E+00   4.730422E+01   2.870971E-01
       8.024637  -6.872868E+00   4.494267E+01   2.081989E-01
       8.032801  -4.968566E+00   4.192712E+01   1.362895E-01
       8.040964  -3.266120E+00   3.833294E+01   7.104418E-02
       8.049127  -1.827521E+00   3.389237E+01   1.185461E-02
       8.057291  -7.284245E-01   2.857132E+01  -4.179248E-02
       8.065454  -3.370383E-02   2.298761E+01  -9.042235E-02
       8.073618   2.400727E-01   1.829093E+01  -1.348889E-01
       8.081781   1.423981E-01   1.552994E+01  -1.765714E-01
       8.089944  -2.315307E-01   1.511398E+01  -2.172791E-01
       8.098108  -7.809146E-01   1.681302E+01  -2.589860E-01
       8.106271  -1.428504E+00   2.007781E+01  -3.036373E-01
       8.114435  -2.127325E+00   2.427808E+01  -3.531373E-01
       8.122598  -2.852172E+00   2.872944E+01  -4.094759E-01
       8.130761  -3.586443E+00   3.260626E+01  -4.749003E-01
       8.138925  -4.311357E+00   3.489638E+01  -5.520463E-01
       8.147088  -5.002012E+00   3.451002E+01  -6.439389E-01
       8.155252  -5.632852E+00   3.051765E+01  -7.537719E-01
