 #calculated the component:  1  2  3
 #tolerance:    2.000000E-03
 #broadening:    2.000000E-03Ha
 #scissors shift:    0.000000E+00Ha
 #energy window:    1.089015E+02eV    4.002056E+00Ha
 # Energy(eV)  |TotChi(-w,w,0)|   |Tot Chi(-w,w,0)|
 # eV          *10^-7 esu        *10^-12 m/V SI units 
 # 
       0.008163   1.920258E+01   8.043559E+02
       0.016327   1.954524E+01   8.187092E+02
       0.024490   1.989687E+01   8.334380E+02
       0.032654   2.025778E+01   8.485559E+02
       0.040817   2.062832E+01   8.640772E+02
       0.048980   2.100886E+01   8.800170E+02
       0.057144   2.139976E+01   8.963909E+02
       0.065307   2.180141E+01   9.132154E+02
       0.073471   2.221424E+01   9.305079E+02
       0.081634   2.263867E+01   9.482866E+02
       0.089798   2.307517E+01   9.665704E+02
       0.097961   2.352421E+01   9.853797E+02
       0.106124   2.398629E+01   1.004735E+03
       0.114288   2.446195E+01   1.024660E+03
       0.122451   2.495175E+01   1.045177E+03
       0.130615   2.545628E+01   1.066310E+03
       0.138778   2.597616E+01   1.088087E+03
       0.146941   2.651205E+01   1.110534E+03
       0.155105   2.706464E+01   1.133681E+03
       0.163268   2.763467E+01   1.157558E+03
       0.171432   2.822291E+01   1.182199E+03
       0.179595   2.883019E+01   1.207636E+03
       0.187759   2.945738E+01   1.233908E+03
       0.195922   3.010540E+01   1.261052E+03
       0.204085   3.077523E+01   1.289110E+03
       0.212249   3.146792E+01   1.318125E+03
       0.220412   3.218456E+01   1.348144E+03
       0.228576   3.292635E+01   1.379216E+03
       0.236739   3.369454E+01   1.411394E+03
       0.244902   3.449046E+01   1.444733E+03
       0.253066   3.531554E+01   1.479294E+03
       0.261229   3.617132E+01   1.515141E+03
       0.269393   3.705941E+01   1.552341E+03
       0.277556   3.798158E+01   1.590969E+03
       0.285720   3.893968E+01   1.631102E+03
       0.293883   3.993575E+01   1.672825E+03
       0.302046   4.097192E+01   1.716228E+03
       0.310210   4.205054E+01   1.761409E+03
       0.318373   4.317409E+01   1.808472E+03
       0.326537   4.434528E+01   1.857531E+03
       0.334700   4.556703E+01   1.908707E+03
       0.342863   4.684250E+01   1.962134E+03
       0.351027   4.817508E+01   2.017953E+03
       0.359190   4.956851E+01   2.076321E+03
       0.367354   5.102680E+01   2.137406E+03
       0.375517   5.255434E+01   2.201391E+03
       0.383681   5.415592E+01   2.268478E+03
       0.391844   5.583675E+01   2.338884E+03
       0.400007   5.760256E+01   2.412850E+03
       0.408171   5.945962E+01   2.490639E+03
       0.416334   6.141481E+01   2.572538E+03
       0.424498   6.347573E+01   2.658865E+03
       0.432661   6.565073E+01   2.749971E+03
       0.440824   6.794909E+01   2.846245E+03
       0.448988   7.038107E+01   2.948115E+03
       0.457151   7.295807E+01   3.056060E+03
       0.465315   7.569280E+01   3.170612E+03
       0.473478   7.859946E+01   3.292367E+03
       0.481641   8.169396E+01   3.421989E+03
       0.489805   8.499417E+01   3.560228E+03
       0.497968   8.852022E+01   3.707926E+03
       0.506132   9.229487E+01   3.866039E+03
       0.514295   9.634393E+01   4.035645E+03
       0.522459   1.006967E+02   4.217975E+03
       0.530622   1.053868E+02   4.414432E+03
       0.538785   1.104525E+02   4.626623E+03
       0.546949   1.159379E+02   4.856394E+03
       0.555112   1.218938E+02   5.105875E+03
       0.563276   1.283791E+02   5.377531E+03
       0.571439   1.354620E+02   5.674220E+03
       0.579602   1.432221E+02   5.999274E+03
       0.587766   1.517522E+02   6.356582E+03
       0.595929   1.611610E+02   6.750694E+03
       0.604093   1.715756E+02   7.186940E+03
       0.612256   1.831451E+02   7.671565E+03
       0.620420   1.960439E+02   8.211868E+03
       0.628583   2.104745E+02   8.816336E+03
       0.636746   2.266701E+02   9.494737E+03
       0.644910   2.448943E+02   1.025811E+04
       0.653073   2.654349E+02   1.111851E+04
       0.661237   2.885881E+02   1.208835E+04
       0.669400   3.146214E+02   1.317883E+04
       0.677563   3.437009E+02   1.439691E+04
       0.685727   3.757573E+02   1.573969E+04
       0.693890   4.102548E+02   1.718471E+04
       0.702054   4.458283E+02   1.867481E+04
       0.710217   4.797899E+02   2.009739E+04
       0.718381   5.076351E+02   2.126377E+04
       0.726544   5.229515E+02   2.190534E+04
       0.734707   5.184268E+02   2.171581E+04
       0.742871   4.884459E+02   2.045997E+04
       0.751034   4.324241E+02   1.811334E+04
       0.759198   3.563644E+02   1.492736E+04
       0.767361   2.708385E+02   1.134486E+04
       0.775524   1.871042E+02   7.837401E+03
       0.783688   1.157948E+02   4.850399E+03
       0.791851   7.463247E+01   3.126197E+03
       0.800015   8.690541E+01   3.640285E+03
       0.808178   1.276717E+02   5.347900E+03
       0.816342   1.734823E+02   7.266808E+03
       0.824505   2.200600E+02   9.217850E+03
       0.832668   2.678622E+02   1.122019E+04
       0.840832   3.183889E+02   1.333664E+04
       0.848995   3.734307E+02   1.564223E+04
       0.857159   4.349072E+02   1.821735E+04
       0.865322   5.048240E+02   2.114602E+04
       0.873485   5.852004E+02   2.451282E+04
       0.881649   6.778693E+02   2.839452E+04
       0.889812   7.840212E+02   3.284100E+04
       0.897976   9.033299E+02   3.783860E+04
       0.906139   1.032523E+03   4.325023E+04
       0.914302   1.163515E+03   4.873720E+04
       0.922466   1.281945E+03   5.369800E+04
       0.930629   1.368058E+03   5.730508E+04
       0.938793   1.401999E+03   5.872679E+04
       0.946956   1.372662E+03   5.749791E+04
       0.955120   1.284240E+03   5.379412E+04
       0.963283   1.154478E+03   4.835864E+04
       0.971446   1.005983E+03   4.213853E+04
       0.979610   8.577639E+02   3.592993E+04
       0.987773   7.216212E+02   3.022720E+04
       0.995937   6.027815E+02   2.524925E+04
       1.004100   5.021337E+02   2.103333E+04
       1.012263   4.183087E+02   1.752207E+04
       1.020427   3.490553E+02   1.462120E+04
       1.028590   2.919855E+02   1.223066E+04
       1.036754   2.449125E+02   1.025887E+04
       1.044917   2.059674E+02   8.627544E+03
       1.053081   1.736084E+02   7.272094E+03
       1.061244   1.465870E+02   6.140222E+03
       1.069407   1.239006E+02   5.189936E+03
       1.077571   1.047465E+02   4.387612E+03
       1.085734   8.848150E+01   3.706304E+03
       1.093898   7.458857E+01   3.124359E+03
       1.102061   6.265127E+01   2.624330E+03
       1.110224   5.233443E+01   2.192179E+03
       1.118388   4.337180E+01   1.816754E+03
       1.126551   3.556189E+01   1.489613E+03
       1.134715   2.877700E+01   1.205408E+03
       1.142878   2.299752E+01   9.633177E+02
       1.151042   1.839514E+01   7.705338E+02
       1.159205   1.546160E+01   6.476541E+02
       1.167368   1.492243E+01   6.250692E+02
       1.175532   1.701717E+01   7.128136E+02
       1.183695   2.118959E+01   8.875874E+02
       1.191859   2.683891E+01   1.124226E+03
       1.200022   3.370039E+01   1.411639E+03
       1.208185   4.176426E+01   1.749417E+03
       1.216349   5.117071E+01   2.143434E+03
       1.224512   6.216003E+01   2.603753E+03
       1.232676   7.505584E+01   3.143932E+03
       1.240839   9.026259E+01   3.780911E+03
       1.249003   1.082660E+02   4.535036E+03
       1.257166   1.296261E+02   5.429766E+03
       1.265329   1.549477E+02   6.490435E+03
       1.273493   1.848030E+02   7.741010E+03
       1.281656   2.195664E+02   9.197175E+03
       1.289820   2.591119E+02   1.085365E+04
       1.297983   3.023439E+02   1.266455E+04
       1.306146   3.466384E+02   1.451995E+04
       1.314310   3.875163E+02   1.623225E+04
       1.322473   4.191399E+02   1.755689E+04
       1.330637   4.361034E+02   1.826746E+04
       1.338800   4.360859E+02   1.826673E+04
       1.346963   4.217644E+02   1.766683E+04
       1.355127   4.002434E+02   1.676536E+04
       1.363290   3.795890E+02   1.590019E+04
       1.371454   3.641442E+02   1.525324E+04
       1.379617   3.522030E+02   1.475304E+04
       1.387781   3.384953E+02   1.417886E+04
       1.395944   3.189138E+02   1.335863E+04
       1.404107   2.929436E+02   1.227079E+04
       1.412271   2.628328E+02   1.100951E+04
       1.420434   2.315887E+02   9.700764E+03
       1.428598   2.016138E+02   8.445179E+03
       1.436761   1.743188E+02   7.301848E+03
       1.444924   1.502890E+02   6.295293E+03
       1.453088   1.295877E+02   5.428156E+03
       1.461251   1.119978E+02   4.691353E+03
       1.469415   9.715758E+01   4.069727E+03
       1.477578   8.460086E+01   3.543753E+03
       1.485742   7.375966E+01   3.089638E+03
       1.493905   6.411343E+01   2.685577E+03
       1.502068   5.609666E+01   2.349771E+03
       1.510232   5.406419E+01   2.264636E+03
       1.518395   6.826692E+01   2.859558E+03
       1.526559   1.046466E+02   4.383427E+03
       1.534722   1.607437E+02   6.733216E+03
       1.542885   2.324576E+02   9.737161E+03
       1.551049   3.159588E+02   1.323485E+04
       1.559212   4.085570E+02   1.711360E+04
       1.567376   5.095062E+02   2.134215E+04
       1.575539   6.200169E+02   2.597121E+04
       1.583703   7.425919E+02   3.110562E+04
       1.591866   8.800512E+02   3.686350E+04
       1.600029   1.034338E+03   4.332624E+04
       1.608193   1.204969E+03   5.047362E+04
       1.616356   1.387128E+03   5.810390E+04
       1.624520   1.570062E+03   6.576660E+04
       1.632683   1.737513E+03   7.278077E+04
       1.640846   1.872124E+03   7.841937E+04
       1.649010   1.962700E+03   8.221338E+04
       1.657173   2.007921E+03   8.410760E+04
       1.665337   2.011135E+03   8.424221E+04
       1.673500   1.972378E+03   8.261880E+04
       1.681664   1.889353E+03   7.914103E+04
       1.689827   1.765723E+03   7.396244E+04
       1.697990   1.614641E+03   6.763393E+04
       1.706154   1.453952E+03   6.090301E+04
       1.714317   1.299597E+03   5.443739E+04
       1.722481   1.162391E+03   4.869014E+04
       1.730644   1.048164E+03   4.390540E+04
       1.738807   9.591840E+02   4.017821E+04
       1.746971   8.953683E+02   3.750510E+04
       1.755134   8.547402E+02   3.580327E+04
       1.763298   8.331925E+02   3.490069E+04
       1.771461   8.239217E+02   3.451235E+04
       1.779625   8.170749E+02   3.422555E+04
       1.787788   8.003623E+02   3.352550E+04
       1.795951   7.614549E+02   3.189575E+04
       1.804115   6.921776E+02   2.899387E+04
       1.812278   5.925238E+02   2.481958E+04
       1.820442   4.714124E+02   1.974647E+04
       1.828605   3.433495E+02   1.438219E+04
       1.836768   2.235825E+02   9.365403E+03
       1.844932   1.249328E+02   5.233172E+03
       1.853095   6.046841E+01   2.532895E+03
       1.861259   5.246545E+01   2.197668E+03
       1.869422   7.387292E+01   3.094382E+03
       1.877585   9.178976E+01   3.844881E+03
       1.885749   1.037974E+02   4.347854E+03
       1.893912   1.122438E+02   4.701658E+03
       1.902076   1.191253E+02   4.989908E+03
       1.910239   1.255921E+02   5.260788E+03
       1.918403   1.322477E+02   5.539579E+03
       1.926566   1.394838E+02   5.842685E+03
       1.934729   1.475755E+02   6.181629E+03
       1.942893   1.565953E+02   6.559449E+03
       1.951056   1.663873E+02   6.969613E+03
       1.959220   1.767965E+02   7.405632E+03
       1.967383   1.881821E+02   7.882552E+03
       1.975546   2.019283E+02   8.458351E+03
       1.983710   2.203069E+02   9.228195E+03
       1.991873   2.454044E+02   1.027948E+04
       2.000037   2.780753E+02   1.164799E+04
       2.008200   3.180099E+02   1.332077E+04
       2.016364   3.644818E+02   1.526738E+04
       2.024527   4.167585E+02   1.745714E+04
       2.032690   4.738987E+02   1.985062E+04
       2.040854   5.341511E+02   2.237447E+04
       2.049017   5.941661E+02   2.488837E+04
       2.057181   6.482295E+02   2.715298E+04
       2.065344   6.880673E+02   2.882170E+04
       2.073507   7.042649E+02   2.950018E+04
       2.081671   6.899261E+02   2.889956E+04
       2.089834   6.449999E+02   2.701769E+04
       2.097998   5.777119E+02   2.419914E+04
       2.106161   5.011866E+02   2.099365E+04
       2.114325   4.274279E+02   1.790406E+04
       2.122488   3.626378E+02   1.519014E+04
       2.130651   3.065747E+02   1.284177E+04
       2.138815   2.558617E+02   1.071751E+04
       2.146978   2.079265E+02   8.709603E+03
       2.155142   1.624015E+02   6.802656E+03
       2.163305   1.203570E+02   5.041501E+03
       2.171468   8.357473E+01   3.500770E+03
       2.179632   5.566538E+01   2.331706E+03
       2.187795   4.534984E+01   1.899610E+03
       2.195959   5.633119E+01   2.359596E+03
       2.204122   7.597438E+01   3.182408E+03
       2.212286   9.490911E+01   3.975544E+03
       2.220449   1.082886E+02   4.535983E+03
       2.228612   1.123411E+02   4.705732E+03
       2.236776   1.042774E+02   4.367962E+03
       2.244939   8.352156E+01   3.498543E+03
       2.253103   5.304580E+01   2.221977E+03
       2.261266   2.630173E+01   1.101724E+03
       2.269429   4.705649E+01   1.971098E+03
       2.277593   8.959439E+01   3.752921E+03
       2.285756   1.353069E+02   5.667722E+03
       2.293920   1.827173E+02   7.653644E+03
       2.302083   2.327592E+02   9.749794E+03
       2.310246   2.872086E+02   1.203057E+04
       2.318410   3.483402E+02   1.459124E+04
       2.326573   4.188359E+02   1.754416E+04
       2.334737   5.017170E+02   2.101587E+04
       2.342900   6.001057E+02   2.513717E+04
       2.351064   7.165909E+02   3.001649E+04
       2.359227   8.520430E+02   3.569029E+04
       2.367390   1.003994E+03   4.205522E+04
       2.375554   1.164934E+03   4.879665E+04
       2.383717   1.320938E+03   5.533133E+04
       2.391881   1.451789E+03   6.081241E+04
       2.400044   1.535062E+03   6.430053E+04
       2.408207   1.555073E+03   6.513874E+04
       2.416371   1.511721E+03   6.332283E+04
       2.424534   1.421263E+03   5.953371E+04
       2.432698   1.307376E+03   5.476323E+04
       2.440861   1.189742E+03   4.983581E+04
       2.449025   1.078522E+03   4.517701E+04
       2.457188   9.766076E+02   4.090804E+04
       2.465351   8.847391E+02   3.705986E+04
       2.473515   8.043107E+02   3.369089E+04
       2.481678   7.373505E+02   3.088607E+04
       2.489842   6.856184E+02   2.871912E+04
       2.498005   6.499627E+02   2.722557E+04
       2.506168   6.299190E+02   2.638599E+04
       2.514332   6.232889E+02   2.610827E+04
       2.522495   6.256797E+02   2.620841E+04
       2.530659   6.302869E+02   2.640139E+04
       2.538822   6.284551E+02   2.632467E+04
       2.546986   6.116083E+02   2.561899E+04
       2.555149   5.744248E+02   2.406145E+04
       2.563312   5.175382E+02   2.167859E+04
       2.571476   4.473762E+02   1.873965E+04
       2.579639   3.729170E+02   1.562071E+04
       2.587803   3.019271E+02   1.264709E+04
       2.595966   2.390710E+02   1.001418E+04
       2.604129   1.860498E+02   7.793237E+03
       2.612293   1.426465E+02   5.975161E+03
       2.620456   1.077599E+02   4.513838E+03
       2.628620   8.012098E+01   3.356100E+03
       2.636783   5.875423E+01   2.461092E+03
       2.644947   4.336755E+01   1.816576E+03
       2.653110   3.463546E+01   1.450807E+03
       2.661273   3.326115E+01   1.393240E+03
       2.669437   3.768130E+01   1.578390E+03
       2.677600   4.501128E+01   1.885428E+03
       2.685764   5.332701E+01   2.233756E+03
       2.693927   6.179957E+01   2.588654E+03
       2.702090   7.040441E+01   2.949093E+03
       2.710254   7.988357E+01   3.346155E+03
       2.718417   9.155530E+01   3.835060E+03
       2.726581   1.067492E+02   4.471500E+03
       2.734744   1.263278E+02   5.291606E+03
       2.742907   1.507711E+02   6.315486E+03
       2.751071   1.805798E+02   7.564108E+03
       2.759234   2.165534E+02   9.070967E+03
       2.767398   2.598356E+02   1.088397E+04
       2.775561   3.117905E+02   1.306025E+04
       2.783725   3.737209E+02   1.565439E+04
       2.791888   4.463375E+02   1.869614E+04
       2.800051   5.288521E+02   2.215250E+04
       2.808215   6.176833E+02   2.587346E+04
       2.816378   7.052016E+02   2.953941E+04
       2.824542   7.796871E+02   3.265946E+04
       2.832705   8.279668E+02   3.468179E+04
       2.840868   8.405664E+02   3.520956E+04
       2.849032   8.160823E+02   3.418397E+04
       2.857195   7.609517E+02   3.187467E+04
       2.865359   6.849490E+02   2.869107E+04
       2.873522   5.965282E+02   2.498732E+04
       2.881686   5.012746E+02   2.099734E+04
       2.889849   4.036159E+02   1.690662E+04
       2.898012   3.100486E+02   1.298729E+04
       2.906176   2.320935E+02   9.721909E+03
       2.914339   1.860953E+02   7.795141E+03
       2.922503   1.794235E+02   7.515672E+03
       2.930666   1.947772E+02   8.158807E+03
       2.938829   2.108454E+02   8.831870E+03
       2.946993   2.190015E+02   9.173511E+03
       2.955156   2.196775E+02   9.201829E+03
       2.963320   2.167807E+02   9.080491E+03
       2.971483   2.144725E+02   8.983803E+03
       2.979647   2.159132E+02   9.044150E+03
       2.987810   2.231721E+02   9.348212E+03
       2.995973   2.375295E+02   9.949610E+03
       3.004137   2.597301E+02   1.087955E+04
       3.012300   2.900436E+02   1.214932E+04
       3.020464   3.280775E+02   1.374248E+04
       3.028627   3.723110E+02   1.559533E+04
       3.036790   4.194267E+02   1.756890E+04
       3.044954   4.638152E+02   1.942824E+04
       3.053117   4.979908E+02   2.085979E+04
       3.061281   5.145140E+02   2.155191E+04
       3.069444   5.087675E+02   2.131120E+04
       3.077608   4.805611E+02   2.012970E+04
       3.085771   4.333277E+02   1.815119E+04
       3.093934   3.722194E+02   1.559149E+04
       3.102098   3.031042E+02   1.269640E+04
       3.110261   2.325084E+02   9.739290E+03
       3.118425   1.673591E+02   7.010320E+03
       3.126588   1.148454E+02   4.810634E+03
       3.134751   8.402120E+01   3.519472E+03
       3.142915   8.253605E+01   3.457262E+03
       3.151078   1.017950E+02   4.263979E+03
       3.159242   1.283490E+02   5.376269E+03
       3.167405   1.562550E+02   6.545193E+03
       3.175568   1.829200E+02   7.662135E+03
       3.183732   2.059482E+02   8.626739E+03
       3.191895   2.225002E+02   9.320066E+03
       3.200059   2.300701E+02   9.637154E+03
       3.208222   2.277871E+02   9.541523E+03
       3.216386   2.170187E+02   9.090457E+03
       3.224549   2.006531E+02   8.404937E+03
       3.232712   1.817418E+02   7.612784E+03
       3.240876   1.625472E+02   6.808760E+03
       3.249039   1.443106E+02   6.044870E+03
       3.257203   1.274475E+02   5.338508E+03
       3.265366   1.118285E+02   4.684259E+03
       3.273529   9.699390E+01   4.062871E+03
       3.281693   8.228285E+01   3.446656E+03
       3.289856   6.691953E+01   2.803119E+03
       3.298020   5.012452E+01   2.099611E+03
       3.306183   3.133734E+01   1.312656E+03
       3.314347   1.077169E+01   4.512036E+02
       3.322510   1.221730E+01   5.117570E+02
       3.330673   3.289217E+01   1.377784E+03
       3.338837   4.993436E+01   2.091646E+03
       3.347000   6.084009E+01   2.548464E+03
       3.355164   6.495705E+01   2.720915E+03
       3.363327   6.357893E+01   2.663188E+03
       3.371490   5.918975E+01   2.479334E+03
       3.379654   5.444514E+01   2.280593E+03
       3.387817   5.149722E+01   2.157110E+03
       3.395981   5.161626E+01   2.162097E+03
       3.404144   5.489564E+01   2.299463E+03
       3.412308   6.030915E+01   2.526224E+03
       3.420471   6.630734E+01   2.777475E+03
       3.428634   7.158340E+01   2.998479E+03
       3.436798   7.559199E+01   3.166390E+03
       3.444961   7.860799E+01   3.292724E+03
       3.453125   8.139922E+01   3.409642E+03
       3.461288   8.481046E+01   3.552532E+03
       3.469451   8.949379E+01   3.748707E+03
       3.477615   9.582672E+01   4.013980E+03
       3.485778   1.039529E+02   4.354369E+03
       3.493942   1.138841E+02   4.770366E+03
       3.502105   1.256523E+02   5.263312E+03
       3.510269   1.395166E+02   5.844057E+03
       3.518432   1.561342E+02   6.540135E+03
       3.526595   1.764597E+02   7.391526E+03
       3.534759   2.012156E+02   8.428498E+03
       3.542922   2.301717E+02   9.641410E+03
       3.551086   2.616247E+02   1.095891E+04
       3.559249   2.921918E+02   1.223930E+04
       3.567412   3.169977E+02   1.327837E+04
       3.575576   3.306407E+02   1.384984E+04
       3.583739   3.291045E+02   1.378550E+04
       3.591903   3.117047E+02   1.305666E+04
       3.600066   2.814886E+02   1.179097E+04
       3.608229   2.436473E+02   1.020587E+04
       3.616393   2.032705E+02   8.514576E+03
       3.624556   1.639460E+02   6.867353E+03
       3.632720   1.274970E+02   5.340583E+03
       3.640883   9.427695E+01   3.949064E+03
       3.649047   6.351658E+01   2.660576E+03
       3.657210   3.443262E+01   1.442310E+03
       3.665373   2.059858E+01   8.628315E+02
       3.673537   5.094307E+01   2.133898E+03
       3.681700   9.461237E+01   3.963114E+03
       3.689864   1.422292E+02   5.957681E+03
       3.698027   1.887608E+02   7.906793E+03
       3.706190   2.289791E+02   9.591454E+03
       3.714354   2.583552E+02   1.082196E+04
       3.722517   2.741986E+02   1.148561E+04
       3.730681   2.759560E+02   1.155922E+04
       3.738844   2.646932E+02   1.108744E+04
       3.747008   2.426610E+02   1.016456E+04
       3.755171   2.132476E+02   8.932494E+03
       3.763334   1.806315E+02   7.566273E+03
       3.771498   1.487869E+02   6.232372E+03
       3.779661   1.204959E+02   5.047321E+03
       3.787825   9.704977E+01   4.065211E+03
       3.795988   7.858510E+01   3.291765E+03
       3.804151   6.461082E+01   2.706412E+03
       3.812315   5.442040E+01   2.279557E+03
       3.820478   4.731966E+01   1.982121E+03
       3.828642   4.271683E+01   1.789318E+03
       3.836805   4.013967E+01   1.681366E+03
       3.844969   3.922609E+01   1.643099E+03
       3.853132   3.971163E+01   1.663437E+03
       3.861295   4.141988E+01   1.734992E+03
       3.869459   4.425416E+01   1.853714E+03
       3.877622   4.818906E+01   2.018539E+03
       3.885786   5.326202E+01   2.231034E+03
       3.893949   5.956566E+01   2.495081E+03
       3.902112   6.724018E+01   2.816550E+03
       3.910276   7.646305E+01   3.202877E+03
       3.918439   8.743086E+01   3.662295E+03
       3.926603   1.003257E+02   4.202432E+03
       3.934766   1.152579E+02   4.827910E+03
       3.942930   1.321863E+02   5.537008E+03
       3.951093   1.508496E+02   6.318772E+03
       3.959256   1.708079E+02   7.154784E+03
       3.967420   1.917562E+02   8.032267E+03
       3.975583   2.141424E+02   8.969975E+03
       3.983747   2.396583E+02   1.003878E+04
       3.991910   2.708033E+02   1.134338E+04
       4.000073   3.093699E+02   1.295885E+04
       4.008237   3.548051E+02   1.486204E+04
       4.016400   4.032716E+02   1.689220E+04
       4.024564   4.477100E+02   1.875363E+04
       4.032727   4.794879E+02   2.008474E+04
       4.040890   4.917503E+02   2.059839E+04
       4.049054   4.827517E+02   2.022146E+04
       4.057217   4.567153E+02   1.913085E+04
       4.065381   4.218769E+02   1.767154E+04
       4.073544   3.876815E+02   1.623916E+04
       4.081708   3.624992E+02   1.518433E+04
       4.089871   3.512503E+02   1.471314E+04
       4.098034   3.529487E+02   1.478428E+04
       4.106198   3.608039E+02   1.511332E+04
       4.114361   3.657602E+02   1.532093E+04
       4.122525   3.602327E+02   1.508939E+04
       4.130688   3.400043E+02   1.424207E+04
       4.138851   3.050581E+02   1.277825E+04
       4.147015   2.596291E+02   1.087532E+04
       4.155178   2.106003E+02   8.821606E+03
       4.163342   1.646362E+02   6.896266E+03
       4.171505   1.260440E+02   5.279719E+03
       4.179669   9.644685E+01   4.039956E+03
       4.187832   7.548635E+01   3.161965E+03
       4.195995   6.151973E+01   2.576933E+03
       4.204159   5.228120E+01   2.189950E+03
       4.212322   4.574289E+01   1.916074E+03
       4.220486   4.067730E+01   1.703887E+03
       4.228649   3.655827E+01   1.531349E+03
       4.236812   3.318516E+01   1.390057E+03
       4.244976   3.043104E+01   1.274692E+03
       4.253139   2.816753E+01   1.179879E+03
       4.261303   2.627095E+01   1.100435E+03
       4.269466   2.463951E+01   1.032097E+03
       4.277630   2.320033E+01   9.718133E+02
       4.285793   2.190790E+01   9.176761E+02
       4.293956   2.073966E+01   8.687409E+02
       4.302120   1.969205E+01   8.248585E+02
       4.310283   1.877819E+01   7.865791E+02
       4.318447   1.802721E+01   7.551219E+02
       4.326610   1.748425E+01   7.323784E+02
       4.334773   1.721006E+01   7.208933E+02
       4.342937   1.727844E+01   7.237574E+02
       4.351100   1.777084E+01   7.443833E+02
       4.359264   1.876992E+01   7.862325E+02
       4.367427   2.035641E+01   8.526872E+02
       4.375591   2.261451E+01   9.472743E+02
       4.383754   2.564763E+01   1.074326E+03
       4.391917   2.960320E+01   1.240016E+03
       4.400081   3.470352E+01   1.453658E+03
       4.408244   4.127707E+01   1.729010E+03
       4.416408   4.977459E+01   2.084953E+03
       4.424571   6.073763E+01   2.544172E+03
       4.432734   7.467838E+01   3.128121E+03
       4.440898   9.186809E+01   3.848162E+03
       4.449061   1.121266E+02   4.696748E+03
       4.457225   1.347561E+02   5.644651E+03
       4.465388   1.586134E+02   6.643984E+03
       4.473551   1.820926E+02   7.627479E+03
       4.481715   2.029047E+02   8.499253E+03
       4.489878   2.180018E+02   9.131638E+03
       4.498042   2.242124E+02   9.391785E+03
       4.506205   2.196168E+02   9.199286E+03
       4.514369   2.047209E+02   8.575330E+03
       4.522532   1.823165E+02   7.636855E+03
       4.530695   1.561096E+02   6.539104E+03
       4.538859   1.292777E+02   5.415171E+03
       4.547022   1.038043E+02   4.348145E+03
       4.555186   8.055886E+01   3.374442E+03
       4.563349   5.973281E+01   2.502082E+03
       4.571512   4.149497E+01   1.738137E+03
       4.579676   2.760838E+01   1.156457E+03
       4.587839   2.533647E+01   1.061292E+03
       4.596003   3.854118E+01   1.614409E+03
       4.604166   6.021421E+01   2.522247E+03
       4.612330   8.740522E+01   3.661221E+03
       4.620493   1.197027E+02   5.014094E+03
       4.628656   1.566357E+02   6.561141E+03
       4.636820   1.966339E+02   8.236582E+03
       4.644983   2.366450E+02   9.912564E+03
       4.653147   2.726177E+02   1.141938E+04
       4.661310   3.007948E+02   1.259966E+04
       4.669473   3.188484E+02   1.335589E+04
       4.677637   3.258609E+02   1.364963E+04
       4.685800   3.215358E+02   1.346846E+04
       4.693964   3.058957E+02   1.281333E+04
       4.702127   2.798913E+02   1.172406E+04
       4.710291   2.461184E+02   1.030938E+04
       4.718454   2.087081E+02   8.742345E+03
       4.726617   1.723177E+02   7.218026E+03
       4.734781   1.408556E+02   5.900145E+03
       4.742944   1.166253E+02   4.885191E+03
       4.751108   1.003963E+02   4.205391E+03
       4.759271   9.253838E+01   3.876239E+03
       4.767434   9.427659E+01   3.949049E+03
       4.775598   1.073033E+02   4.494708E+03
       4.783761   1.321266E+02   5.534506E+03
       4.791925   1.677663E+02   7.027377E+03
       4.800088   2.124862E+02   8.900603E+03
       4.808252   2.638525E+02   1.105223E+04
       4.816415   3.184098E+02   1.333752E+04
       4.824578   3.721517E+02   1.558865E+04
       4.832742   4.220587E+02   1.767915E+04
       4.840905   4.674226E+02   1.957935E+04
       4.849069   5.094508E+02   2.133982E+04
       4.857232   5.492766E+02   2.300804E+04
       4.865395   5.858282E+02   2.453911E+04
       4.873559   6.149296E+02   2.575811E+04
       4.881722   6.303587E+02   2.640440E+04
       4.889886   6.266238E+02   2.624796E+04
       4.898049   6.020874E+02   2.522018E+04
       4.906213   5.606019E+02   2.348244E+04
       4.914376   5.106145E+02   2.138857E+04
       4.922539   4.622340E+02   1.936201E+04
       4.930703   4.237511E+02   1.775004E+04
       4.938866   3.989727E+02   1.671213E+04
       4.947030   3.863610E+02   1.618385E+04
       4.955193   3.805656E+02   1.594109E+04
       4.963356   3.754340E+02   1.572614E+04
       4.971520   3.665052E+02   1.535213E+04
       4.979683   3.519919E+02   1.474420E+04
       4.987847   3.324531E+02   1.392576E+04
       4.996010   3.097503E+02   1.297479E+04
       5.004173   2.859855E+02   1.197933E+04
       5.012337   2.628886E+02   1.101185E+04
       5.020500   2.416769E+02   1.012334E+04
       5.028664   2.231668E+02   9.347991E+03
       5.036827   2.079577E+02   8.710913E+03
       5.044991   1.965901E+02   8.234747E+03
       5.053154   1.895115E+02   7.938241E+03
       5.061317   1.866389E+02   7.817911E+03
       5.069481   1.867750E+02   7.823611E+03
       5.077644   1.877142E+02   7.862953E+03
       5.085808   1.873250E+02   7.846653E+03
       5.093971   1.846606E+02   7.735047E+03
       5.102134   1.799286E+02   7.536830E+03
       5.110298   1.734075E+02   7.263678E+03
       5.118461   1.648499E+02   6.905217E+03
       5.126625   1.541647E+02   6.457635E+03
       5.134788   1.421462E+02   5.954205E+03
       5.142952   1.302032E+02   5.453940E+03
       5.151115   1.195889E+02   5.009329E+03
       5.159278   1.109382E+02   4.646968E+03
       5.167442   1.042751E+02   4.367866E+03
       5.175605   9.924289E+01   4.157076E+03
       5.183769   9.532198E+01   3.992838E+03
       5.191932   9.195113E+01   3.851640E+03
       5.200095   8.856623E+01   3.709854E+03
       5.208259   8.461446E+01   3.544322E+03
       5.216422   7.961765E+01   3.335016E+03
       5.224586   7.337698E+01   3.073608E+03
       5.232749   6.639150E+01   2.781001E+03
       5.240913   6.034943E+01   2.527911E+03
       5.249076   5.789180E+01   2.424966E+03
       5.257239   6.062151E+01   2.539308E+03
       5.265403   6.737078E+01   2.822020E+03
       5.273566   7.569710E+01   3.170793E+03
       5.281730   8.390223E+01   3.514488E+03
       5.289893   9.135097E+01   3.826501E+03
       5.298056   9.803037E+01   4.106286E+03
       5.306220   1.041490E+02   4.362585E+03
       5.314383   1.099160E+02   4.604149E+03
       5.322547   1.154395E+02   4.835517E+03
       5.330710   1.206831E+02   5.055163E+03
       5.338874   1.254443E+02   5.254597E+03
       5.347037   1.293425E+02   5.417885E+03
       5.355200   1.318274E+02   5.521972E+03
       5.363364   1.322453E+02   5.539478E+03
       5.371527   1.300261E+02   5.446519E+03
       5.379691   1.250155E+02   5.236638E+03
       5.387854   1.178746E+02   4.937520E+03
       5.396017   1.102930E+02   4.619944E+03
       5.404181   1.046334E+02   4.382875E+03
       5.412344   1.028335E+02   4.307480E+03
       5.420508   1.052033E+02   4.406744E+03
       5.428671   1.103443E+02   4.622089E+03
       5.436834   1.162542E+02   4.869644E+03
       5.444998   1.213433E+02   5.082818E+03
       5.453161   1.246534E+02   5.221470E+03
       5.461325   1.255737E+02   5.260017E+03
       5.469488   1.236274E+02   5.178494E+03
       5.477652   1.186306E+02   4.969188E+03
       5.485815   1.110177E+02   4.650297E+03
       5.493978   1.018693E+02   4.267093E+03
       5.502142   9.250274E+01   3.874746E+03
       5.510305   8.396205E+01   3.516994E+03
       5.518469   7.676564E+01   3.215552E+03
       5.526632   7.096590E+01   2.972613E+03
       5.534795   6.639107E+01   2.780982E+03
       5.542959   6.292770E+01   2.635909E+03
       5.551122   6.070652E+01   2.542869E+03
       5.559286   6.004021E+01   2.514958E+03
       5.567449   6.111319E+01   2.559903E+03
       5.575613   6.375476E+01   2.670553E+03
       5.583776   6.757950E+01   2.830764E+03
       5.591939   7.229618E+01   3.028335E+03
       5.600103   7.788106E+01   3.262274E+03
       5.608266   8.459509E+01   3.543511E+03
       5.616430   9.295395E+01   3.893646E+03
       5.624593   1.037025E+02   4.343879E+03
       5.632756   1.177740E+02   4.933304E+03
       5.640920   1.361925E+02   5.704818E+03
       5.649083   1.599063E+02   6.698141E+03
       5.657247   1.895914E+02   7.941586E+03
       5.665410   2.254418E+02   9.443286E+03
       5.673574   2.668583E+02   1.117814E+04
       5.681737   3.120237E+02   1.307002E+04
       5.689900   3.577077E+02   1.498363E+04
       5.698064   3.996643E+02   1.674110E+04
       5.706227   4.334715E+02   1.815721E+04
       5.714391   4.553807E+02   1.907494E+04
       5.722554   4.629497E+02   1.939199E+04
       5.730717   4.554070E+02   1.907604E+04
       5.738881   4.336628E+02   1.816523E+04
       5.747044   3.999455E+02   1.675288E+04
       5.755208   3.572172E+02   1.496308E+04
       5.763371   3.085910E+02   1.292623E+04
       5.771535   2.569972E+02   1.076507E+04
       5.779698   2.052304E+02   8.596669E+03
       5.787861   1.563490E+02   6.549134E+03
       5.796025   1.144592E+02   4.794457E+03
       5.804188   8.569346E+01   3.589519E+03
       5.812352   7.609288E+01   3.187371E+03
       5.820515   8.251638E+01   3.456438E+03
       5.828678   9.481773E+01   3.971716E+03
       5.836842   1.068345E+02   4.475073E+03
       5.845005   1.166158E+02   4.884790E+03
       5.853169   1.237586E+02   5.183990E+03
       5.861332   1.283588E+02   5.376682E+03
       5.869495   1.309282E+02   5.484309E+03
       5.877659   1.322458E+02   5.539499E+03
       5.885822   1.328966E+02   5.566762E+03
       5.893986   1.327776E+02   5.561777E+03
       5.902149   1.307636E+02   5.477412E+03
       5.910313   1.249035E+02   5.231944E+03
       5.918476   1.134418E+02   4.751840E+03
       5.926639   9.602548E+01   4.022306E+03
       5.934803   7.399704E+01   3.099581E+03
       5.942966   4.962034E+01   2.078492E+03
       5.951130   2.546787E+01   1.066796E+03
       5.959293   1.158279E+01   4.851788E+02
       5.967456   2.809065E+01   1.176658E+03
       5.975620   4.829502E+01   2.022977E+03
       5.983783   6.627694E+01   2.776202E+03
       5.991947   8.155098E+01   3.415999E+03
       6.000110   9.470100E+01   3.966826E+03
       6.008274   1.064863E+02   4.460490E+03
       6.016437   1.171362E+02   4.906590E+03
       6.024600   1.262549E+02   5.288551E+03
       6.032764   1.330921E+02   5.574951E+03
       6.040927   1.367471E+02   5.728050E+03
       6.049091   1.363871E+02   5.712968E+03
       6.057254   1.316493E+02   5.514513E+03
       6.065417   1.229456E+02   5.149934E+03
       6.073581   1.112957E+02   4.661945E+03
       6.081744   9.787821E+01   4.099913E+03
       6.089908   8.377395E+01   3.509115E+03
       6.098071   6.993177E+01   2.929295E+03
       6.106235   5.710312E+01   2.391930E+03
       6.114398   4.572767E+01   1.915436E+03
       6.122561   3.589879E+01   1.503725E+03
       6.130725   2.743744E+01   1.149297E+03
       6.138888   2.002592E+01   8.388437E+02
       6.147052   1.338075E+01   5.604915E+02
       6.155215   7.551880E+00   3.163324E+02
       6.163378   4.252195E+00   1.781155E+02
       6.171542   6.598593E+00   2.764012E+02
       6.179705   1.017793E+01   4.263322E+02
       6.187869   1.257238E+01   5.266305E+02
       6.196032   1.298199E+01   5.437881E+02
       6.204196   1.107593E+01   4.639474E+02
       6.212359   7.829790E+00   3.279735E+02
       6.220522   8.792871E+00   3.683149E+02
       6.228686   1.636459E+01   6.854785E+02
       6.236849   2.593075E+01   1.086185E+03
       6.245013   3.535300E+01   1.480863E+03
       6.253176   4.360096E+01   1.826353E+03
       6.261339   5.005010E+01   2.096494E+03
       6.269503   5.423142E+01   2.271640E+03
       6.277666   5.577066E+01   2.336116E+03
       6.285830   5.455735E+01   2.285293E+03
       6.293993   5.095972E+01   2.134596E+03
       6.302156   4.580004E+01   1.918468E+03
       6.310320   4.006301E+01   1.678155E+03
       6.318483   3.458342E+01   1.448627E+03
       6.326647   2.990504E+01   1.252659E+03
       6.334810   2.629123E+01   1.101284E+03
       6.342974   2.377539E+01   9.959013E+02
       6.351137   2.219480E+01   9.296936E+02
       6.359300   2.124967E+01   8.901042E+02
       6.367464   2.064062E+01   8.645923E+02
       6.375627   2.022112E+01   8.470205E+02
       6.383791   2.002658E+01   8.388713E+02
       6.391954   2.015758E+01   8.443588E+02
       6.400117   2.065941E+01   8.653795E+02
       6.408281   2.150781E+01   9.009172E+02
       6.416444   2.265985E+01   9.491734E+02
       6.424608   2.409257E+01   1.009187E+03
       6.432771   2.581154E+01   1.081191E+03
       6.440935   2.784426E+01   1.166337E+03
       6.449098   3.023019E+01   1.266279E+03
       6.457261   3.300867E+01   1.382664E+03
       6.465425   3.620087E+01   1.516379E+03
       6.473588   3.977965E+01   1.666286E+03
       6.481752   4.362182E+01   1.827226E+03
       6.489915   4.744612E+01   1.987419E+03
       6.498078   5.076411E+01   2.126402E+03
       6.506242   5.290881E+01   2.216239E+03
       6.514405   5.321436E+01   2.229038E+03
       6.522569   5.131922E+01   2.149654E+03
       6.530732   4.737927E+01   1.984618E+03
       6.538896   4.195791E+01   1.757529E+03
       6.547059   3.566874E+01   1.494089E+03
       6.555222   2.894243E+01   1.212337E+03
       6.563386   2.219985E+01   9.299052E+02
       6.571549   1.654609E+01   6.930810E+02
       6.579713   1.482115E+01   6.208270E+02
       6.587876   1.895880E+01   7.941443E+02
       6.596039   2.635602E+01   1.103998E+03
       6.604203   3.453655E+01   1.446664E+03
       6.612366   4.243677E+01   1.777587E+03
       6.620530   4.972937E+01   2.083059E+03
       6.628693   5.648256E+01   2.365936E+03
       6.636857   6.294692E+01   2.636714E+03
       6.645020   6.937080E+01   2.905797E+03
       6.653183   7.576710E+01   3.173725E+03
       6.661347   8.165314E+01   3.420279E+03
       6.669510   8.601650E+01   3.603051E+03
       6.677674   8.772158E+01   3.674473E+03
       6.685837   8.614747E+01   3.608537E+03
       6.694000   8.154131E+01   3.415594E+03
       6.702164   7.482350E+01   3.134200E+03
       6.710327   6.710622E+01   2.810939E+03
       6.718491   5.932578E+01   2.485032E+03
       6.726654   5.210000E+01   2.182360E+03
       6.734817   4.572025E+01   1.915125E+03
       6.742981   4.024810E+01   1.685909E+03
       6.751144   3.571635E+01   1.496083E+03
       6.759308   3.231024E+01   1.353408E+03
       6.767471   3.037571E+01   1.272375E+03
       6.775635   3.027894E+01   1.268321E+03
       6.783798   3.230247E+01   1.353083E+03
       6.791961   3.663449E+01   1.534542E+03
       6.800125   4.326244E+01   1.812173E+03
       6.808288   5.175132E+01   2.167754E+03
       6.816452   6.114940E+01   2.561420E+03
       6.824615   7.012068E+01   2.937208E+03
       6.832778   7.717515E+01   3.232705E+03
       6.840942   8.091117E+01   3.389199E+03
       6.849105   8.037480E+01   3.366732E+03
       6.857269   7.552387E+01   3.163536E+03
       6.865432   6.743916E+01   2.824885E+03
       6.873596   5.802562E+01   2.430571E+03
       6.881759   4.943677E+01   2.070803E+03
       6.889922   4.356155E+01   1.824702E+03
       6.898086   4.153528E+01   1.739826E+03
       6.906249   4.326962E+01   1.812473E+03
       6.914413   4.762608E+01   1.994957E+03
       6.922576   5.320837E+01   2.228787E+03
       6.930739   5.890327E+01   2.467334E+03
       6.938903   6.402116E+01   2.681712E+03
       6.947066   6.824210E+01   2.858518E+03
       6.955230   7.141459E+01   2.991408E+03
       6.963393   7.332588E+01   3.071467E+03
       6.971557   7.368024E+01   3.086311E+03
       6.979720   7.240976E+01   3.033093E+03
       6.987883   7.009452E+01   2.936113E+03
       6.996047   6.790794E+01   2.844521E+03
       7.004210   6.669850E+01   2.793860E+03
       7.012374   6.599965E+01   2.764587E+03
       7.020537   6.436695E+01   2.696197E+03
       7.028700   6.071942E+01   2.543409E+03
       7.036864   5.513986E+01   2.309693E+03
       7.045027   4.864008E+01   2.037431E+03
       7.053191   4.243761E+01   1.777622E+03
       7.061354   3.732265E+01   1.563368E+03
       7.069518   3.334169E+01   1.396613E+03
       7.077681   2.988130E+01   1.251665E+03
       7.085844   2.613445E+01   1.094717E+03
       7.094008   2.164001E+01   9.064545E+02
       7.102171   1.659813E+01   6.952610E+02
       7.110335   1.197896E+01   5.017737E+02
       7.118498   9.468036E+00   3.965962E+02
       7.126661   9.906905E+00   4.149794E+02
       7.134825   1.151523E+01   4.823487E+02
       7.142988   1.252741E+01   5.247468E+02
       7.151152   1.231270E+01   5.157533E+02
       7.159315   1.089325E+01   4.562953E+02
       7.167478   8.685617E+00   3.638223E+02
       7.175642   6.512392E+00   2.727904E+02
       7.183805   5.795369E+00   2.427559E+02
       7.191969   7.437807E+00   3.115541E+02
       7.200132   1.060768E+01   4.443335E+02
       7.208296   1.464399E+01   6.134060E+02
       7.216459   1.933892E+01   8.100668E+02
       7.224622   2.454670E+01   1.028210E+03
       7.232786   3.010836E+01   1.261176E+03
       7.240949   3.589044E+01   1.503375E+03
       7.249113   4.177401E+01   1.749825E+03
       7.257276   4.755118E+01   1.991819E+03
       7.265439   5.280751E+01   2.211996E+03
       7.273603   5.693210E+01   2.384766E+03
       7.281766   5.934179E+01   2.485703E+03
       7.289930   5.982458E+01   2.505926E+03
       7.298093   5.873415E+01   2.460250E+03
       7.306257   5.681222E+01   2.379745E+03
       7.314420   5.469116E+01   2.290898E+03
       7.322583   5.245546E+01   2.197249E+03
       7.330747   4.969265E+01   2.081521E+03
       7.338910   4.596627E+01   1.925431E+03
       7.347074   4.121988E+01   1.726614E+03
       7.355237   3.587902E+01   1.502897E+03
       7.363400   3.075288E+01   1.288174E+03
       7.371564   2.680890E+01   1.122969E+03
       7.379727   2.478598E+01   1.038233E+03
       7.387891   2.474956E+01   1.036707E+03
       7.396054   2.608780E+01   1.092763E+03
       7.404218   2.807437E+01   1.175976E+03
       7.412381   3.035696E+01   1.271590E+03
       7.420544   3.304110E+01   1.384023E+03
       7.428708   3.644315E+01   1.526527E+03
       7.436871   4.068896E+01   1.704375E+03
       7.445035   4.542174E+01   1.902621E+03
       7.453198   4.977324E+01   2.084897E+03
       7.461361   5.257354E+01   2.202195E+03
       7.469525   5.272002E+01   2.208331E+03
       7.477688   4.953403E+01   2.074877E+03
       7.485852   4.287333E+01   1.795874E+03
       7.494015   3.300570E+01   1.382539E+03
       7.502179   2.061848E+01   8.636647E+02
       7.510342   8.919964E+00   3.736386E+02
       7.518505   1.582257E+01   6.627742E+02
       7.526669   3.253395E+01   1.362779E+03
       7.534832   5.048112E+01   2.114548E+03
       7.542996   6.843660E+01   2.866666E+03
       7.551159   8.532962E+01   3.574279E+03
       7.559322   9.971460E+01   4.176835E+03
       7.567486   1.100935E+02   4.611587E+03
       7.575649   1.154744E+02   4.836979E+03
       7.583813   1.156355E+02   4.843730E+03
       7.591976   1.109077E+02   4.645689E+03
       7.600140   1.018297E+02   4.265433E+03
       7.608303   8.909350E+01   3.731940E+03
       7.616466   7.366434E+01   3.085645E+03
       7.624630   5.667904E+01   2.374166E+03
       7.632793   3.909760E+01   1.637717E+03
       7.640957   2.153922E+01   9.022326E+02
       7.649120   6.260061E+00   2.622208E+02
       7.657283   1.599491E+01   6.699930E+02
       7.665447   3.269841E+01   1.369668E+03
       7.673610   4.826274E+01   2.021625E+03
       7.681774   6.145118E+01   2.574061E+03
       7.689937   7.151496E+01   2.995612E+03
       7.698100   7.812562E+01   3.272518E+03
       7.706264   8.134899E+01   3.407539E+03
       7.714427   8.166982E+01   3.420978E+03
       7.722591   8.001900E+01   3.351828E+03
       7.730754   7.766611E+01   3.253270E+03
       7.738918   7.589498E+01   3.179082E+03
       7.747081   7.550507E+01   3.162749E+03
       7.755244   7.646461E+01   3.202942E+03
       7.763408   7.811025E+01   3.271874E+03
       7.771571   7.974214E+01   3.340231E+03
       7.779735   8.104901E+01   3.394973E+03
       7.787898   8.214033E+01   3.440686E+03
       7.796061   8.341962E+01   3.494273E+03
       7.804225   8.547219E+01   3.580251E+03
       7.812388   8.880318E+01   3.719779E+03
       7.820552   9.332792E+01   3.909311E+03
       7.828715   9.807487E+01   4.108151E+03
       7.836879   1.016173E+02   4.256536E+03
       7.845042   1.029546E+02   4.312551E+03
       7.853205   1.020406E+02   4.274265E+03
       7.861369   9.951713E+01   4.168564E+03
       7.869532   9.597343E+01   4.020126E+03
       7.877696   9.145569E+01   3.830887E+03
       7.885859   8.559817E+01   3.585528E+03
       7.894022   7.814355E+01   3.273269E+03
       7.902186   6.949229E+01   2.910886E+03
       7.910349   6.107214E+01   2.558184E+03
       7.918513   5.522247E+01   2.313153E+03
       7.926676   5.409446E+01   2.265903E+03
       7.934840   5.796050E+01   2.427844E+03
       7.943003   6.507911E+01   2.726027E+03
       7.951166   7.305505E+01   3.060123E+03
       7.959330   7.961480E+01   3.334897E+03
       7.967493   8.293140E+01   3.473822E+03
       7.975657   8.211640E+01   3.439684E+03
       7.983820   7.753745E+01   3.247881E+03
       7.991983   7.052714E+01   2.954234E+03
       8.000147   6.267363E+01   2.625267E+03
       8.008310   5.522036E+01   2.313065E+03
       8.016474   4.883749E+01   2.045700E+03
       8.024637   4.366542E+01   1.829053E+03
       8.032801   3.945841E+01   1.652830E+03
       8.040964   3.575729E+01   1.497798E+03
       8.049127   3.208124E+01   1.343816E+03
       8.057291   2.812152E+01   1.177952E+03
       8.065454   2.390096E+01   1.001161E+03
       8.073618   1.984386E+01   8.312178E+02
       8.081781   1.671191E+01   7.000267E+02
       8.089944   1.534312E+01   6.426911E+02
       8.098108   1.610315E+01   6.745270E+02
       8.106271   1.862386E+01   7.801145E+02
       8.114435   2.234129E+01   9.358296E+02
       8.122598   2.690456E+01   1.126975E+03
       8.130761   3.213209E+01   1.345946E+03
       8.138925   3.788194E+01   1.586795E+03
       8.147088   4.399364E+01   1.842801E+03
       8.155252   5.029948E+01   2.106939E+03
