 #calculated the component:  1  2  3
 #tolerance:    2.000000E-03
 #broadening:    2.000000E-03Ha
 #scissors shift:    0.000000E+00Ha
 #energy window:    1.089015E+02eV    4.002056E+00Ha
 # Energy      Tot-Re Chi(-w,w,0)  Tot-Re Chi(-w,w,0)
 # eV          *10^-7 esu        *10^-12 m/V SI units 
 # 
       0.008163   1.906963E+01   7.987867E+02
       0.016327   1.940771E+01   8.129484E+02
       0.024490   1.975456E+01   8.274769E+02
       0.032654   2.011047E+01   8.423852E+02
       0.040817   2.047577E+01   8.576872E+02
       0.048980   2.085082E+01   8.733972E+02
       0.057144   2.123598E+01   8.895304E+02
       0.065307   2.163161E+01   9.061026E+02
       0.073471   2.203812E+01   9.231304E+02
       0.081634   2.245592E+01   9.406312E+02
       0.089798   2.288545E+01   9.586234E+02
       0.097961   2.332716E+01   9.771260E+02
       0.106124   2.378155E+01   9.961593E+02
       0.114288   2.424912E+01   1.015745E+03
       0.122451   2.473039E+01   1.035904E+03
       0.130615   2.522594E+01   1.056662E+03
       0.138778   2.573635E+01   1.078042E+03
       0.146941   2.626225E+01   1.100071E+03
       0.155105   2.680430E+01   1.122776E+03
       0.163268   2.736318E+01   1.146186E+03
       0.171432   2.793965E+01   1.170333E+03
       0.179595   2.853446E+01   1.195249E+03
       0.187759   2.914844E+01   1.220967E+03
       0.195922   2.978247E+01   1.247525E+03
       0.204085   3.043746E+01   1.274961E+03
       0.212249   3.111438E+01   1.303316E+03
       0.220412   3.181428E+01   1.332633E+03
       0.228576   3.253825E+01   1.362959E+03
       0.236739   3.328746E+01   1.394342E+03
       0.244902   3.406315E+01   1.426834E+03
       0.253066   3.486665E+01   1.460491E+03
       0.261229   3.569937E+01   1.495372E+03
       0.269393   3.656281E+01   1.531540E+03
       0.277556   3.745858E+01   1.569062E+03
       0.285720   3.838840E+01   1.608010E+03
       0.293883   3.935410E+01   1.648461E+03
       0.302046   4.035764E+01   1.690497E+03
       0.310210   4.140113E+01   1.734207E+03
       0.318373   4.248684E+01   1.779685E+03
       0.326537   4.361720E+01   1.827033E+03
       0.334700   4.479480E+01   1.876360E+03
       0.342863   4.602248E+01   1.927785E+03
       0.351027   4.730325E+01   1.981434E+03
       0.359190   4.864039E+01   2.037444E+03
       0.367354   5.003743E+01   2.095963E+03
       0.375517   5.149820E+01   2.157152E+03
       0.383681   5.302684E+01   2.221183E+03
       0.391844   5.462784E+01   2.288245E+03
       0.400007   5.630607E+01   2.358543E+03
       0.408171   5.806685E+01   2.432298E+03
       0.416334   5.991594E+01   2.509753E+03
       0.424498   6.185963E+01   2.591170E+03
       0.432661   6.390481E+01   2.676838E+03
       0.440824   6.605896E+01   2.767071E+03
       0.448988   6.833031E+01   2.862213E+03
       0.457151   7.072784E+01   2.962641E+03
       0.465315   7.326139E+01   3.068766E+03
       0.473478   7.594179E+01   3.181042E+03
       0.481641   7.878087E+01   3.299966E+03
       0.489805   8.179167E+01   3.426081E+03
       0.497968   8.498845E+01   3.559988E+03
       0.506132   8.838687E+01   3.702341E+03
       0.514295   9.200407E+01   3.853858E+03
       0.522459   9.585877E+01   4.015323E+03
       0.530622   9.997131E+01   4.187589E+03
       0.538785   1.043637E+02   4.371577E+03
       0.546949   1.090596E+02   4.568276E+03
       0.555112   1.140838E+02   4.778730E+03
       0.563276   1.194622E+02   5.004020E+03
       0.571439   1.252207E+02   5.245234E+03
       0.579602   1.313840E+02   5.503401E+03
       0.587766   1.379731E+02   5.779402E+03
       0.595929   1.450017E+02   6.073817E+03
       0.604093   1.524708E+02   6.386680E+03
       0.612256   1.603590E+02   6.717102E+03
       0.620420   1.686089E+02   7.062673E+03
       0.628583   1.771047E+02   7.418544E+03
       0.636746   1.856379E+02   7.775983E+03
       0.644910   1.938547E+02   8.120167E+03
       0.653073   2.011753E+02   8.426811E+03
       0.661237   2.066734E+02   8.657114E+03
       0.669400   2.089027E+02   8.750494E+03
       0.677563   2.056629E+02   8.614786E+03
       0.685727   1.937281E+02   8.114865E+03
       0.693890   1.686423E+02   7.064074E+03
       0.702054   1.248733E+02   5.230680E+03
       0.710217   5.693719E+01   2.384980E+03
       0.718381  -3.761814E+01  -1.575745E+03
       0.726544  -1.530109E+02  -6.409307E+03
       0.734707  -2.701178E+02  -1.131467E+04
       0.742871  -3.580524E+02  -1.499806E+04
       0.751034  -3.880275E+02  -1.625366E+04
       0.759198  -3.520022E+02  -1.474463E+04
       0.767361  -2.676036E+02  -1.120935E+04
       0.775524  -1.641650E+02  -6.876526E+03
       0.783688  -6.558241E+01  -2.747110E+03
       0.791851   1.641577E+01   6.876222E+02
       0.800015   7.977026E+01   3.341409E+03
       0.808178   1.271618E+02   5.326541E+03
       0.816342   1.624586E+02   6.805051E+03
       0.824505   1.889996E+02   7.916796E+03
       0.832668   2.090062E+02   8.754831E+03
       0.840832   2.234584E+02   9.360202E+03
       0.848995   2.320517E+02   9.720159E+03
       0.857159   2.330561E+02   9.762229E+03
       0.865322   2.229985E+02   9.340939E+03
       0.873485   1.961605E+02   8.216754E+03
       0.881649   1.439909E+02   6.031475E+03
       0.889812   5.479754E+01   2.295354E+03
       0.897976  -8.535881E+01  -3.575501E+03
       0.906139  -2.887858E+02  -1.209663E+04
       0.914302  -5.570374E+02  -2.333313E+04
       0.922466  -8.666586E+02  -3.630251E+04
       0.930629  -1.158386E+03  -4.852236E+04
       0.938793  -1.348625E+03  -5.649108E+04
       0.946956  -1.372552E+03  -5.749334E+04
       0.955120  -1.229003E+03  -5.148034E+04
       0.963283  -9.798953E+02  -4.104576E+04
       0.971446  -7.055137E+02  -2.955249E+04
       0.979610  -4.630096E+02  -1.939450E+04
       0.987773  -2.757835E+02  -1.155199E+04
       0.995937  -1.437492E+02  -6.021354E+03
       1.004100  -5.659952E+01  -2.370835E+03
       1.012263  -2.226491E+00  -9.326305E+01
       1.020427   2.969673E+01   1.243934E+03
       1.028590   4.687842E+01   1.963639E+03
       1.036754   5.468728E+01   2.290735E+03
       1.044917   5.671793E+01   2.375795E+03
       1.053081   5.532004E+01   2.317240E+03
       1.061244   5.200477E+01   2.178371E+03
       1.069407   4.773149E+01   1.999372E+03
       1.077571   4.310126E+01   1.805421E+03
       1.085734   3.848455E+01   1.612037E+03
       1.093898   3.410441E+01   1.428562E+03
       1.102061   3.009039E+01   1.260423E+03
       1.110224   2.651333E+01   1.110588E+03
       1.118388   2.340773E+01   9.805009E+02
       1.126551   2.078621E+01   8.706908E+02
       1.134715   1.864858E+01   7.811497E+02
       1.142878   1.698753E+01   7.115719E+02
       1.151042   1.579199E+01   6.614935E+02
       1.159205   1.504875E+01   6.303607E+02
       1.167368   1.474270E+01   6.175408E+02
       1.175532   1.485584E+01   6.222802E+02
       1.183695   1.536483E+01   6.436003E+02
       1.191859   1.623654E+01   6.801144E+02
       1.200022   1.742101E+01   7.297296E+02
       1.208185   1.884022E+01   7.891775E+02
       1.216349   2.037068E+01   8.532852E+02
       1.224512   2.181655E+01   9.138497E+02
       1.232676   2.286853E+01   9.579149E+02
       1.240839   2.304179E+01   9.651724E+02
       1.249003   2.158476E+01   9.041405E+02
       1.257166   1.735143E+01   7.268152E+02
       1.265329   8.639207E+00   3.618782E+02
       1.273493  -6.974697E+00  -2.921554E+02
       1.281656  -3.268790E+01  -1.369227E+03
       1.289820  -7.215698E+01  -3.022504E+03
       1.297983  -1.283528E+02  -5.376429E+03
       1.306146  -2.011357E+02  -8.425151E+03
       1.314310  -2.839404E+02  -1.189367E+04
       1.322473  -3.620708E+02  -1.516638E+04
       1.330637  -4.166509E+02  -1.745263E+04
       1.338800  -4.347923E+02  -1.821254E+04
       1.346963  -4.183750E+02  -1.752485E+04
       1.355127  -3.819866E+02  -1.600062E+04
       1.363290  -3.410733E+02  -1.428685E+04
       1.371454  -3.014278E+02  -1.262618E+04
       1.379617  -2.587187E+02  -1.083718E+04
       1.387781  -2.068457E+02  -8.664334E+03
       1.395944  -1.462030E+02  -6.124137E+03
       1.404107  -8.411297E+01  -3.523316E+03
       1.412271  -2.908063E+01  -1.218126E+03
       1.420434   1.399434E+01   5.861934E+02
       1.428598   4.446393E+01   1.862501E+03
       1.436761   6.420268E+01   2.689316E+03
       1.444924   7.581766E+01   3.175843E+03
       1.453088   8.163410E+01   3.419481E+03
       1.461251   8.333410E+01   3.490691E+03
       1.469415   8.194074E+01   3.432326E+03
       1.477578   7.796386E+01   3.265742E+03
       1.485742   7.168657E+01   3.002800E+03
       1.493905   6.370746E+01   2.668572E+03
       1.502068   5.590384E+01   2.341694E+03
       1.510232   5.273510E+01   2.208963E+03
       1.518395   6.195131E+01   2.595010E+03
       1.526559   9.270649E+01   3.883281E+03
       1.534722   1.500273E+02   6.284329E+03
       1.542885   2.290885E+02   9.596038E+03
       1.551049   3.154554E+02   1.321377E+04
       1.559212   3.917332E+02   1.640888E+04
       1.567376   4.438985E+02   1.859398E+04
       1.575539   4.623773E+02   1.936802E+04
       1.583703   4.391075E+02   1.839329E+04
       1.591866   3.640523E+02   1.524939E+04
       1.600029   2.235558E+02   9.364284E+03
       1.608193   2.179284E+00   9.128565E+01
       1.616356  -3.101346E+02  -1.299089E+04
       1.624520  -7.049564E+02  -2.952914E+04
       1.632683  -1.141897E+03  -4.783166E+04
       1.640846  -1.549560E+03  -6.490782E+04
       1.649010  -1.851720E+03  -7.756466E+04
       1.657173  -2.000717E+03  -8.380584E+04
       1.665337  -1.984586E+03  -8.313014E+04
       1.673500  -1.812879E+03  -7.593771E+04
       1.681664  -1.515397E+03  -6.347680E+04
       1.689827  -1.149037E+03  -4.813073E+04
       1.697990  -7.829700E+02  -3.279697E+04
       1.706154  -4.697601E+02  -1.967727E+04
       1.714317  -2.311266E+02  -9.681408E+03
       1.722481  -6.372911E+01  -2.669479E+03
       1.730644   4.824630E+01   2.020936E+03
       1.738807   1.237412E+02   5.183258E+03
       1.746971   1.805305E+02   7.562042E+03
       1.755134   2.340392E+02   9.803413E+03
       1.763298   2.969247E+02   1.243755E+04
       1.771461   3.775004E+02   1.581270E+04
       1.779625   4.757326E+02   1.992744E+04
       1.787788   5.775593E+02   2.419275E+04
       1.795951   6.527340E+02   2.734166E+04
       1.804115   6.646119E+02   2.783920E+04
       1.812278   5.925237E+02   2.481957E+04
       1.820442   4.498867E+02   1.884481E+04
       1.828605   2.790911E+02   1.169054E+04
       1.836768   1.270437E+02   5.321593E+03
       1.844932   2.216097E+01   9.282766E+02
       1.853095  -3.266689E+01  -1.368348E+03
       1.861259  -5.149713E+01  -2.157107E+03
       1.869422  -5.183236E+01  -2.171149E+03
       1.877585  -4.627954E+01  -1.938553E+03
       1.885749  -4.115373E+01  -1.723843E+03
       1.893912  -3.846897E+01  -1.611384E+03
       1.902076  -3.819675E+01  -1.599982E+03
       1.910239  -3.972350E+01  -1.663934E+03
       1.918403  -4.250856E+01  -1.780595E+03
       1.926566  -4.618748E+01  -1.934697E+03
       1.934729  -5.043561E+01  -2.112642E+03
       1.942893  -5.490050E+01  -2.299667E+03
       1.951056  -5.934675E+01  -2.485911E+03
       1.959220  -6.394885E+01  -2.678683E+03
       1.967383  -6.947465E+01  -2.910147E+03
       1.975546  -7.696595E+01  -3.223942E+03
       1.983710  -8.678956E+01  -3.635432E+03
       1.991873  -9.770173E+01  -4.092520E+03
       2.000037  -1.067858E+02  -4.473033E+03
       2.008200  -1.101097E+02  -4.612263E+03
       2.016364  -1.031898E+02  -4.322405E+03
       2.024527  -8.089839E+01  -3.388664E+03
       2.032690  -3.729352E+01  -1.562147E+03
       2.040854   3.381284E+01   1.416349E+03
       2.049017   1.366678E+02   5.724728E+03
       2.057181   2.690632E+02   1.127049E+04
       2.065344   4.162586E+02   1.743620E+04
       2.073507   5.482316E+02   2.296427E+04
       2.081671   6.285555E+02   2.632887E+04
       2.089834   6.353192E+02   2.661219E+04
       2.097998   5.766042E+02   2.415274E+04
       2.106161   4.828749E+02   2.022662E+04
       2.114325   3.843879E+02   1.610120E+04
       2.122488   2.961087E+02   1.240337E+04
       2.130651   2.190598E+02   9.175955E+03
       2.138815   1.501175E+02   6.288106E+03
       2.146978   8.888020E+01   3.723005E+03
       2.155142   3.767650E+01   1.578190E+03
       2.163305  -1.345115E+00  -5.634404E+01
       2.171468  -2.768568E+01  -1.159695E+03
       2.179632  -4.201250E+01  -1.759816E+03
       2.187795  -4.512738E+01  -1.890291E+03
       2.195959  -3.739206E+01  -1.566275E+03
       2.204122  -1.896094E+01  -7.942338E+02
       2.212286   9.050501E+00   3.791065E+02
       2.220449   4.261699E+01   1.785136E+03
       2.228612   7.325369E+01   3.068444E+03
       2.236776   8.938788E+01   3.744271E+03
       2.244939   8.204659E+01   3.436759E+03
       2.253103   5.103838E+01   2.137891E+03
       2.261266   5.085544E+00   2.130228E+02
       2.269429  -4.431045E+01  -1.856072E+03
       2.277593  -8.879572E+01  -3.719466E+03
       2.285756  -1.247509E+02  -5.225552E+03
       2.293920  -1.517724E+02  -6.357427E+03
       2.302083  -1.706039E+02  -7.146237E+03
       2.310246  -1.816746E+02  -7.609969E+03
       2.318410  -1.842190E+02  -7.716549E+03
       2.326573  -1.755970E+02  -7.355392E+03
       2.334737  -1.505041E+02  -6.304299E+03
       2.342900  -1.000104E+02  -4.189225E+03
       2.351064  -1.090922E+01  -4.569642E+02
       2.359227   1.332156E+02   5.580123E+03
       2.367390   3.469976E+02   1.453500E+04
       2.375554   6.328066E+02   2.650694E+04
       2.383717   9.662655E+02   4.047483E+04
       2.391881   1.285874E+03   5.386258E+04
       2.400044   1.503960E+03   6.299772E+04
       2.408207   1.549911E+03   6.492252E+04
       2.416371   1.418303E+03   5.940973E+04
       2.424534   1.170747E+03   4.904012E+04
       2.432698   8.879859E+02   3.719587E+04
       2.440861   6.247521E+02   2.616955E+04
       2.449025   4.021045E+02   1.684331E+04
       2.457188   2.230477E+02   9.342999E+03
       2.465351   8.529078E+01   3.572652E+03
       2.473515  -1.580826E+01  -6.621750E+02
       2.481678  -8.765978E+01  -3.671884E+03
       2.489842  -1.398008E+02  -5.855961E+03
       2.498005  -1.824955E+02  -7.644353E+03
       2.506168  -2.255805E+02  -9.449095E+03
       2.514332  -2.774050E+02  -1.161991E+04
       2.522495  -3.429601E+02  -1.436588E+04
       2.530659  -4.205302E+02  -1.761513E+04
       2.538822  -4.979758E+02  -2.085916E+04
       2.546986  -5.529883E+02  -2.316352E+04
       2.555149  -5.623517E+02  -2.355573E+04
       2.563312  -5.171381E+02  -2.166183E+04
       2.571476  -4.299562E+02  -1.800997E+04
       2.579639  -3.260167E+02  -1.365616E+04
       2.587803  -2.279187E+02  -9.547035E+03
       2.595966  -1.476795E+02  -6.185985E+03
       2.604129  -8.776914E+01  -3.676465E+03
       2.612293  -4.551918E+01  -1.906703E+03
       2.620456  -1.671112E+01  -6.999940E+02
       2.628620   2.593419E+00   1.086329E+02
       2.636783   1.544842E+01   6.471019E+02
       2.644947   2.399768E+01   1.005213E+03
       2.653110   2.964075E+01   1.241589E+03
       2.661273   3.322489E+01   1.391721E+03
       2.669437   3.522113E+01   1.475339E+03
       2.677600   3.590064E+01   1.503802E+03
       2.685764   3.554215E+01   1.488786E+03
       2.693927   3.465394E+01   1.451581E+03
       2.702090   3.406887E+01   1.427074E+03
       2.710254   3.469075E+01   1.453123E+03
       2.718417   3.690920E+01   1.546049E+03
       2.726581   4.015793E+01   1.682131E+03
       2.734744   4.302794E+01   1.802350E+03
       2.742907   4.367638E+01   1.829512E+03
       2.751071   3.999288E+01   1.675218E+03
       2.759234   2.936090E+01   1.229866E+03
       2.767398   8.191515E+00   3.431254E+02
       2.775561  -2.853127E+01  -1.195115E+03
       2.783725  -8.738936E+01  -3.660557E+03
       2.791888  -1.757483E+02  -7.361726E+03
       2.800051  -2.989501E+02  -1.252239E+04
       2.808215  -4.542712E+02  -1.902847E+04
       2.816378  -6.223861E+02  -2.607045E+04
       2.824542  -7.627675E+02  -3.195073E+04
       2.832705  -8.246059E+02  -3.454101E+04
       2.840868  -7.755296E+02  -3.248531E+04
       2.849032  -6.256761E+02  -2.620826E+04
       2.857195  -4.209522E+02  -1.763280E+04
       2.865359  -2.137688E+02  -8.954325E+03
       2.873522  -4.137050E+01  -1.732923E+03
       2.881686   7.707764E+01   3.228621E+03
       2.889849   1.356960E+02   5.684022E+03
       2.898012   1.401021E+02   5.868582E+03
       2.906176   1.076825E+02   4.510593E+03
       2.914339   6.338677E+01   2.655139E+03
       2.922503   2.986210E+01   1.250861E+03
       2.930666   1.815272E+01   7.603794E+02
       2.938829   2.566591E+01   1.075091E+03
       2.946993   4.217122E+01   1.766464E+03
       2.955156   5.818338E+01   2.437180E+03
       2.963320   6.941035E+01   2.907454E+03
       2.971483   7.619712E+01   3.191738E+03
       2.979647   8.112340E+01   3.398089E+03
       2.987810   8.738572E+01   3.660404E+03
       2.995973   9.837683E+01   4.120799E+03
       3.004137   1.178476E+02   4.936390E+03
       3.012300   1.500145E+02   6.283793E+03
       3.020464   1.990299E+02   8.336944E+03
       3.028627   2.671031E+02   1.118839E+04
       3.036790   3.506979E+02   1.469000E+04
       3.044954   4.357439E+02   1.825240E+04
       3.053117   4.962912E+02   2.078860E+04
       3.061281   5.029513E+02   2.106758E+04
       3.069444   4.401912E+02   1.843868E+04
       3.077608   3.186284E+02   1.334667E+04
       3.085771   1.704829E+02   7.141171E+03
       3.093934   3.400496E+01   1.424397E+03
       3.102098  -6.121007E+01  -2.563962E+03
       3.110261  -1.036234E+02  -4.340567E+03
       3.118425  -1.014009E+02  -4.247470E+03
       3.126588  -7.453546E+01  -3.122134E+03
       3.134751  -4.335389E+01  -1.816003E+03
       3.142915  -2.186497E+01  -9.158777E+02
       3.151078  -1.749391E+01  -7.327831E+02
       3.159242  -3.331058E+01  -1.395310E+03
       3.167405  -6.916260E+01  -2.897076E+03
       3.175568  -1.204739E+02  -5.046401E+03
       3.183732  -1.758783E+02  -7.367173E+03
       3.191895  -2.174906E+02  -9.110226E+03
       3.200059  -2.278962E+02  -9.546092E+03
       3.208222  -2.011730E+02  -8.426714E+03
       3.216386  -1.471316E+02  -6.163035E+03
       3.224549  -8.361223E+01  -3.502341E+03
       3.232712  -2.553496E+01  -1.069606E+03
       3.240876   1.981551E+01   8.300300E+02
       3.249039   5.130989E+01   2.149264E+03
       3.257203   7.074315E+01   2.963282E+03
       3.265366   8.049175E+01   3.371631E+03
       3.273529   8.241462E+01   3.452176E+03
       3.281693   7.757829E+01   3.249592E+03
       3.289856   6.648267E+01   2.784819E+03
       3.298020   4.973740E+01   2.083395E+03
       3.306183   2.924773E+01   1.225126E+03
       3.314347   9.577888E+00   4.011977E+02
       3.322510  -1.947826E+00  -8.159033E+01
       3.330673   1.453823E+00   6.089761E+01
       3.338837   1.990567E+01   8.338068E+02
       3.347000   4.409520E+01   1.847055E+03
       3.355164   6.107822E+01   2.558439E+03
       3.363327   6.342205E+01   2.656617E+03
       3.371490   5.207615E+01   2.181361E+03
       3.379654   3.225975E+01   1.351293E+03
       3.387817   8.816723E+00   3.693140E+02
       3.395981  -1.516073E+01  -6.350511E+02
       3.404144  -3.735326E+01  -1.564650E+03
       3.412308  -5.518047E+01  -2.311394E+03
       3.420471  -6.618466E+01  -2.772337E+03
       3.428634  -6.954220E+01  -2.912977E+03
       3.436798  -6.685818E+01  -2.800549E+03
       3.444961  -6.113434E+01  -2.560789E+03
       3.453125  -5.502413E+01  -2.304845E+03
       3.461288  -4.991184E+01  -2.090702E+03
       3.469451  -4.600162E+01  -1.926912E+03
       3.477615  -4.278935E+01  -1.792356E+03
       3.485778  -3.946983E+01  -1.653309E+03
       3.493942  -3.519331E+01  -1.474174E+03
       3.502105  -2.920700E+01  -1.223420E+03
       3.510269  -2.082691E+01  -8.723954E+02
       3.518432  -9.074636E+00  -3.801175E+02
       3.526595   8.002504E+00   3.352081E+02
       3.534759   3.376071E+01   1.414165E+03
       3.542922   7.226822E+01   3.027164E+03
       3.551086   1.260458E+02   5.279794E+03
       3.559249   1.925400E+02   8.065098E+03
       3.567412   2.608478E+02   1.092637E+04
       3.575576   3.123342E+02   1.308303E+04
       3.583739   3.286547E+02   1.376666E+04
       3.591903   3.035921E+02   1.271684E+04
       3.600066   2.475583E+02   1.036970E+04
       3.608229   1.798311E+02   7.532747E+03
       3.616393   1.171404E+02   4.906766E+03
       3.624556   6.822333E+01   2.857732E+03
       3.632720   3.485482E+01   1.459995E+03
       3.640883   1.513699E+01   6.340567E+02
       3.649047   6.410413E+00   2.685187E+02
       3.657210   7.483458E+00   3.134663E+02
       3.665373   1.999758E+01   8.376565E+02
       3.673537   4.741049E+01   1.985926E+03
       3.681700   9.050806E+01   3.791193E+03
       3.689864   1.418788E+02   5.943006E+03
       3.698027   1.843699E+02   7.722868E+03
       3.706190   1.969015E+02   8.247791E+03
       3.714354   1.658752E+02   6.948164E+03
       3.722517   9.423146E+01   3.947158E+03
       3.730681   7.171947E-01   3.004178E+01
       3.738844  -8.894912E+01  -3.725892E+03
       3.747008  -1.525360E+02  -6.389415E+03
       3.755171  -1.795626E+02  -7.521499E+03
       3.763334  -1.739495E+02  -7.286378E+03
       3.771498  -1.487822E+02  -6.232172E+03
       3.779661  -1.175966E+02  -4.925873E+03
       3.787825  -8.905907E+01  -3.730497E+03
       3.795988  -6.663345E+01  -2.791135E+03
       3.804151  -5.056018E+01  -2.117860E+03
       3.812315  -3.975052E+01  -1.665066E+03
       3.820478  -3.286885E+01  -1.376807E+03
       3.828642  -2.876868E+01  -1.205060E+03
       3.836805  -2.659191E+01  -1.113879E+03
       3.844969  -2.573691E+01  -1.078065E+03
       3.853132  -2.579334E+01  -1.080429E+03
       3.861295  -2.647985E+01  -1.109185E+03
       3.869459  -2.759356E+01  -1.155836E+03
       3.877622  -2.896983E+01  -1.213485E+03
       3.885786  -3.044767E+01  -1.275389E+03
       3.893949  -3.183566E+01  -1.333529E+03
       3.902112  -3.287347E+01  -1.377001E+03
       3.910276  -3.318522E+01  -1.390059E+03
       3.918439  -3.222446E+01  -1.349815E+03
       3.926603  -2.922050E+01  -1.223986E+03
       3.934766  -2.315801E+01  -9.700405E+02
       3.942930  -1.285644E+01  -5.385292E+02
       3.951093   2.761370E+00   1.156680E+02
       3.959256   2.420877E+01   1.014055E+03
       3.967420   5.110203E+01   2.140557E+03
       3.975583   8.264938E+01   3.462009E+03
       3.983747   1.192331E+02   4.994423E+03
       3.991910   1.637507E+02   6.859173E+03
       4.000073   2.205875E+02   9.239947E+03
       4.008237   2.916859E+02   1.221811E+04
       4.016400   3.711158E+02   1.554526E+04
       4.024564   4.414180E+02   1.849007E+04
       4.032727   4.776290E+02   2.000688E+04
       4.040890   4.616411E+02   1.933718E+04
       4.049054   3.965430E+02   1.661035E+04
       4.057217   3.054306E+02   1.279385E+04
       4.065381   2.156907E+02   9.034832E+03
       4.073544   1.444959E+02   6.052630E+03
       4.081708   9.439603E+01   3.954052E+03
       4.089871   5.628239E+01   2.357551E+03
       4.098034   1.567104E+01   6.564271E+02
       4.106198  -3.907115E+01  -1.636608E+03
       4.114361  -1.090852E+02  -4.569349E+03
       4.122525  -1.824691E+02  -7.643248E+03
       4.130688  -2.392221E+02  -1.002051E+04
       4.138851  -2.622648E+02  -1.098572E+04
       4.147015  -2.484310E+02  -1.040626E+04
       4.155178  -2.098506E+02  -8.790202E+03
       4.163342  -1.641116E+02  -6.874292E+03
       4.171505  -1.238394E+02  -5.187373E+03
       4.179669  -9.383524E+01  -3.930561E+03
       4.187832  -7.361911E+01  -3.083750E+03
       4.195995  -6.058007E+01  -2.537572E+03
       4.204159  -5.193935E+01  -2.175631E+03
       4.212322  -4.567024E+01  -1.913030E+03
       4.220486  -4.067718E+01  -1.703882E+03
       4.228649  -3.651091E+01  -1.529366E+03
       4.236812  -3.299836E+01  -1.382232E+03
       4.244976  -3.002781E+01  -1.257802E+03
       4.253139  -2.748782E+01  -1.151407E+03
       4.261303  -2.527075E+01  -1.058539E+03
       4.269466  -2.328428E+01  -9.753295E+02
       4.277630  -2.145574E+01  -8.987359E+02
       4.285793  -1.973039E+01  -8.264648E+02
       4.293956  -1.806752E+01  -7.568104E+02
       4.302120  -1.643638E+01  -6.884855E+02
       4.310283  -1.481295E+01  -6.204835E+02
       4.318447  -1.317743E+01  -5.519748E+02
       4.326610  -1.151241E+01  -4.822306E+02
       4.334773  -9.801549E+00  -4.105663E+02
       4.342937  -8.028472E+00  -3.362959E+02
       4.351100  -6.175771E+00  -2.586901E+02
       4.359264  -4.224025E+00  -1.769356E+02
       4.367427  -2.150805E+00  -9.009271E+01
       4.375591   7.003989E-02   2.933824E+00
       4.383754   2.467689E+00   1.033663E+02
       4.391917   5.069123E+00   2.123349E+02
       4.400081   7.881650E+00   3.301458E+02
       4.408244   1.084669E+01   4.543450E+02
       4.416408   1.373606E+01   5.753745E+02
       4.424571   1.595820E+01   6.684555E+02
       4.432734   1.628352E+01   6.820823E+02
       4.440898   1.262938E+01   5.290182E+02
       4.449061   2.201326E+00   9.220891E+01
       4.457225  -1.780071E+01  -7.456344E+02
       4.465388  -4.909224E+01  -2.056371E+03
       4.473551  -9.108299E+01  -3.815275E+03
       4.481715  -1.394200E+02  -5.840011E+03
       4.489878  -1.848534E+02  -7.743120E+03
       4.498042  -2.148359E+02  -8.999026E+03
       4.506205  -2.195787E+02  -9.197690E+03
       4.514369  -1.986902E+02  -8.322714E+03
       4.522532  -1.613761E+02  -6.759708E+03
       4.530695  -1.198997E+02  -5.022347E+03
       4.538859  -8.321423E+01  -3.485670E+03
       4.547022  -5.518619E+01  -2.311634E+03
       4.555186  -3.609633E+01  -1.511999E+03
       4.563349  -2.469992E+01  -1.034628E+03
       4.571512  -1.959090E+01  -8.206216E+02
       4.579676  -1.983973E+01  -8.310445E+02
       4.587839  -2.521473E+01  -1.056192E+03
       4.596003  -3.621153E+01  -1.516825E+03
       4.604166  -5.393894E+01  -2.259389E+03
       4.612330  -7.972635E+01  -3.339570E+03
       4.620493  -1.141516E+02  -4.781569E+03
       4.628656  -1.552105E+02  -6.501441E+03
       4.636820  -1.960200E+02  -8.210866E+03
       4.644983  -2.240301E+02  -9.384149E+03
       4.653147  -2.246044E+02  -9.408209E+03
       4.661310  -1.885909E+02  -7.899676E+03
       4.669473  -1.179601E+02  -4.941102E+03
       4.677637  -2.497868E+01  -1.046305E+03
       4.685800   7.220204E+01   3.024392E+03
       4.693964   1.539202E+02   6.447393E+03
       4.702127   2.044315E+02   8.563205E+03
       4.710291   2.182911E+02   9.143755E+03
       4.718454   2.026302E+02   8.487755E+03
       4.726617   1.720848E+02   7.208272E+03
       4.734781   1.404379E+02   5.882648E+03
       4.742944   1.155109E+02   4.838510E+03
       4.751108   9.951138E+01   4.168323E+03
       4.759271   9.231208E+01   3.866760E+03
       4.767434   9.425230E+01   3.948031E+03
       4.775598   1.068555E+02   4.475954E+03
       4.783761   1.316168E+02   5.513153E+03
       4.791925   1.677662E+02   7.027373E+03
       4.800088   2.099200E+02   8.793107E+03
       4.808252   2.465536E+02   1.032761E+04
       4.816415   2.613275E+02   1.094646E+04
       4.824578   2.392900E+02   1.002335E+04
       4.832742   1.748181E+02   7.322764E+03
       4.840905   7.336081E+01   3.072930E+03
       4.849069  -5.458007E+01  -2.286244E+03
       4.857232  -1.989279E+02  -8.332674E+03
       4.865395  -3.485648E+02  -1.460065E+04
       4.873559  -4.857812E+02  -2.034835E+04
       4.881722  -5.851998E+02  -2.451279E+04
       4.889886  -6.233392E+02  -2.611037E+04
       4.898049  -5.939705E+02  -2.488018E+04
       4.906213  -5.148195E+02  -2.156471E+04
       4.914376  -4.174181E+02  -1.748477E+04
       4.922539  -3.290154E+02  -1.378176E+04
       4.930703  -2.615493E+02  -1.095575E+04
       4.938866  -2.124074E+02  -8.897302E+03
       4.947030  -1.715526E+02  -7.185977E+03
       4.955193  -1.290444E+02  -5.405398E+03
       4.963356  -8.007765E+01  -3.354285E+03
       4.971520  -2.634967E+01  -1.103732E+03
       4.979683   2.614070E+01   1.094979E+03
       4.987847   7.105910E+01   2.976516E+03
       4.996010   1.047377E+02   4.387242E+03
       5.004173   1.267607E+02   5.309742E+03
       5.012337   1.388762E+02   5.817231E+03
       5.020500   1.436704E+02   6.018054E+03
       5.028664   1.437387E+02   6.020912E+03
       5.036827   1.413781E+02   5.922031E+03
       5.044991   1.386337E+02   5.807075E+03
       5.053154   1.374501E+02   5.757497E+03
       5.061317   1.394903E+02   5.842958E+03
       5.069481   1.453470E+02   6.088282E+03
       5.077644   1.537571E+02   6.440564E+03
       5.085808   1.620266E+02   6.786953E+03
       5.093971   1.677561E+02   7.026952E+03
       5.102134   1.700378E+02   7.122528E+03
       5.110298   1.687269E+02   7.067617E+03
       5.118461   1.634133E+02   6.845038E+03
       5.126625   1.540600E+02   6.453251E+03
       5.134788   1.420049E+02   5.948285E+03
       5.142952   1.294646E+02   5.423000E+03
       5.151115   1.182648E+02   4.953865E+03
       5.159278   1.092148E+02   4.574777E+03
       5.167442   1.022735E+02   4.284023E+03
       5.175605   9.695865E+01   4.061395E+03
       5.183769   9.264195E+01   3.880577E+03
       5.191932   8.868402E+01   3.714788E+03
       5.200095   8.448351E+01   3.538837E+03
       5.208259   7.953441E+01   3.331530E+03
       5.216422   7.357588E+01   3.081939E+03
       5.224586   6.687280E+01   2.801161E+03
       5.232749   6.050609E+01   2.534473E+03
       5.240913   5.628985E+01   2.357864E+03
       5.249076   5.594819E+01   2.343552E+03
       5.257239   5.993761E+01   2.510661E+03
       5.265403   6.705532E+01   2.808806E+03
       5.273566   7.527178E+01   3.152977E+03
       5.281730   8.285440E+01   3.470597E+03
       5.289893   8.883689E+01   3.721191E+03
       5.298056   9.284000E+01   3.888873E+03
       5.306220   9.469177E+01   3.966439E+03
       5.314383   9.412952E+01   3.942888E+03
       5.322547   9.064089E+01   3.796757E+03
       5.330710   8.342803E+01   3.494625E+03
       5.338874   7.149914E+01   2.994949E+03
       5.347037   5.393227E+01   2.259110E+03
       5.355200   3.037633E+01   1.272401E+03
       5.363364   1.775854E+00   7.438682E+01
       5.371527  -2.900429E+01  -1.214929E+03
       5.379691  -5.741478E+01  -2.404985E+03
       5.387854  -7.900404E+01  -3.309314E+03
       5.396017  -9.209737E+01  -3.857766E+03
       5.404181  -9.883869E+01  -4.140146E+03
       5.412344  -1.025158E+02  -4.294170E+03
       5.420508  -1.029841E+02  -4.313787E+03
       5.428671  -9.526967E+01  -3.990647E+03
       5.436834  -7.395924E+01  -3.097997E+03
       5.444998  -3.896603E+01  -1.632205E+03
       5.453161   3.611388E+00   1.512735E+02
       5.461325   4.511580E+01   1.889806E+03
       5.469488   7.795397E+01   3.265328E+03
       5.477652   9.769062E+01   4.092055E+03
       5.485815   1.041294E+02   4.361762E+03
       5.493978   1.007725E+02   4.221150E+03
       5.502142   9.249078E+01   3.874245E+03
       5.510305   8.317372E+01   3.483973E+03
       5.518469   7.487529E+01   3.136369E+03
       5.526632   6.822513E+01   2.857808E+03
       5.534795   6.319775E+01   2.647221E+03
       5.542959   5.969623E+01   2.500550E+03
       5.551122   5.779273E+01   2.420816E+03
       5.559286   5.763260E+01   2.414109E+03
       5.567449   5.918250E+01   2.479031E+03
       5.575613   6.213541E+01   2.602722E+03
       5.583776   6.608920E+01   2.768338E+03
       5.591939   7.079544E+01   2.965472E+03
       5.600103   7.627722E+01   3.195093E+03
       5.608266   8.281994E+01   3.469153E+03
       5.616430   9.092247E+01   3.808552E+03
       5.624593   1.012427E+02   4.240844E+03
       5.632756   1.144978E+02   4.796074E+03
       5.640920   1.312366E+02   5.497226E+03
       5.649083   1.514027E+02   6.341940E+03
       5.657247   1.736665E+02   7.274527E+03
       5.665410   1.945704E+02   8.150145E+03
       5.673574   2.076668E+02   8.698728E+03
       5.681737   2.034145E+02   8.520606E+03
       5.689900   1.712742E+02   7.174315E+03
       5.698064   1.044390E+02   4.374731E+03
       5.706227   4.958469E+00   2.076999E+02
       5.714391  -1.141766E+02  -4.782618E+03
       5.722554  -2.318405E+02  -9.711311E+03
       5.730717  -3.256044E+02  -1.363888E+04
       5.738881  -3.793694E+02  -1.589099E+04
       5.747044  -3.879999E+02  -1.625250E+04
       5.755208  -3.572138E+02  -1.496294E+04
       5.763371  -2.998681E+02  -1.256085E+04
       5.771535  -2.312891E+02  -9.688214E+03
       5.779698  -1.656147E+02  -6.937253E+03
       5.787861  -1.134873E+02  -4.753744E+03
       5.796025  -8.069188E+01  -3.380013E+03
       5.804188  -6.758136E+01  -2.830842E+03
       5.812352  -6.976739E+01  -2.922410E+03
       5.820515  -8.045665E+01  -3.370160E+03
       5.828678  -9.336273E+01  -3.910769E+03
       5.836842  -1.043665E+02  -4.371693E+03
       5.845005  -1.113868E+02  -4.665760E+03
       5.853169  -1.135379E+02  -4.755863E+03
       5.861332  -1.107752E+02  -4.640139E+03
       5.869495  -1.038433E+02  -4.349779E+03
       5.877659  -9.367605E+01  -3.923893E+03
       5.885822  -8.050644E+01  -3.372246E+03
       5.893986  -6.350515E+01  -2.660098E+03
       5.902149  -4.148088E+01  -1.737547E+03
       5.910313  -1.495781E+01  -6.265515E+02
       5.918476   1.174471E+01   4.919611E+02
       5.926639   3.153105E+01   1.320769E+03
       5.934803   3.885255E+01   1.627452E+03
       5.942966   3.294740E+01   1.380097E+03
       5.951130   1.714268E+01   7.180707E+02
       5.959293  -3.630716E+00  -1.520831E+02
       5.967456  -2.435903E+01  -1.020349E+03
       5.975620  -4.061813E+01  -1.701408E+03
       5.983783  -4.954576E+01  -2.075368E+03
       5.991947  -5.058412E+01  -2.118863E+03
       6.000110  -4.463767E+01  -1.869778E+03
       6.008274  -3.237316E+01  -1.356044E+03
       6.016437  -1.375764E+01  -5.762785E+02
       6.024600   1.094052E+01   4.582753E+02
       6.032764   4.008490E+01   1.679072E+03
       6.040927   7.020130E+01   2.940585E+03
       6.049091   9.623168E+01   4.030943E+03
       6.057254   1.130533E+02   4.735564E+03
       6.065417   1.178324E+02   4.935753E+03
       6.073581   1.111726E+02   4.656788E+03
       6.081744   9.619345E+01   4.029342E+03
       6.089908   7.694699E+01   3.223148E+03
       6.098071   5.720935E+01   2.396379E+03
       6.106235   3.962975E+01   1.660007E+03
       6.114398   2.539128E+01   1.063587E+03
       6.122561   1.450518E+01   6.075914E+02
       6.130725   6.419565E+00   2.689021E+02
       6.138888   5.717467E-01   2.394927E+01
       6.147052  -3.270353E+00  -1.369882E+02
       6.155215  -4.934621E+00  -2.067009E+02
       6.163378  -4.090468E+00  -1.713411E+02
       6.171542  -7.268008E-01  -3.044416E+01
       6.179705   4.415177E+00   1.849425E+02
       6.187869   9.657760E+00   4.045433E+02
       6.196032   1.254522E+01   5.254930E+02
       6.204196   1.067075E+01   4.469755E+02
       6.212359   3.331291E+00   1.395408E+02
       6.220522  -7.100803E+00  -2.974378E+02
       6.228686  -1.586310E+01  -6.644721E+02
       6.236849  -1.844265E+01  -7.725241E+02
       6.245013  -1.292004E+01  -5.411932E+02
       6.253176  -3.930837E-01  -1.646545E+01
       6.261339   1.605110E+01   6.723468E+02
       6.269503   3.250380E+01   1.361516E+03
       6.277666   4.513125E+01   1.890453E+03
       6.285830   5.130281E+01   2.148967E+03
       6.293993   5.073698E+01   2.125265E+03
       6.302156   4.544961E+01   1.903789E+03
       6.310320   3.830256E+01   1.604414E+03
       6.318483   3.152031E+01   1.320320E+03
       6.326647   2.618783E+01   1.096953E+03
       6.334810   2.250783E+01   9.428057E+02
       6.342974   2.021795E+01   8.468873E+02
       6.351137   1.888009E+01   7.908474E+02
       6.359300   1.805576E+01   7.563180E+02
       6.367464   1.744680E+01   7.308099E+02
       6.375627   1.697478E+01   7.110381E+02
       6.383791   1.671085E+01   6.999823E+02
       6.391954   1.671172E+01   7.000189E+02
       6.400117   1.693228E+01   7.092575E+02
       6.408281   1.725545E+01   7.227948E+02
       6.416444   1.754620E+01   7.349733E+02
       6.424608   1.766640E+01   7.400086E+02
       6.432771   1.745527E+01   7.311645E+02
       6.440935   1.669514E+01   6.993245E+02
       6.449098   1.507390E+01   6.314140E+02
       6.457261   1.215173E+01   5.090103E+02
       6.465425   7.353246E+00   3.080121E+02
       6.473588   3.763712E-02   1.576540E+00
       6.481752  -1.025452E+01  -4.295402E+02
       6.489915  -2.326775E+01  -9.746372E+02
       6.498078  -3.727617E+01  -1.561420E+03
       6.506242  -4.869830E+01  -2.039870E+03
       6.514405  -5.318268E+01  -2.227711E+03
       6.522569  -4.837255E+01  -2.026225E+03
       6.530732  -3.603800E+01  -1.509556E+03
       6.538896  -2.094478E+01  -8.773329E+02
       6.547059  -7.725047E+00  -3.235860E+02
       6.555222   9.229170E-01   3.865906E+01
       6.563386   4.165433E+00   1.744813E+02
       6.571549   2.616359E+00   1.095938E+02
       6.579713  -1.857908E+00  -7.782387E+01
       6.587876  -6.543998E+00  -2.741143E+02
       6.596039  -8.728431E+00  -3.656156E+02
       6.604203  -6.678104E+00  -2.797318E+02
       6.612366  -1.512507E-01  -6.335574E+00
       6.620530   9.936242E+00   4.162083E+02
       6.628693   2.232631E+01   9.352022E+02
       6.636857   3.602369E+01   1.508957E+03
       6.645020   5.039404E+01   2.110900E+03
       6.653183   6.473838E+01   2.711755E+03
       6.661347   7.747647E+01   3.245327E+03
       6.669510   8.573500E+01   3.591259E+03
       6.677674   8.647225E+01   3.622141E+03
       6.685837   7.874583E+01   3.298498E+03
       6.694000   6.478049E+01   2.713519E+03
       6.702164   4.855875E+01   2.034024E+03
       6.710327   3.356576E+01   1.405999E+03
       6.718491   2.165824E+01   9.072184E+02
       6.726654   1.320486E+01   5.531238E+02
       6.734817   7.746901E+00   3.245015E+02
       6.742981   4.639751E+00   1.943494E+02
       6.751144   3.392753E+00   1.421153E+02
       6.759308   3.656961E+00   1.531824E+02
       6.767471   5.085481E+00   2.130201E+02
       6.775635   7.292898E+00   3.054842E+02
       6.783798   9.861947E+00   4.130963E+02
       6.791961   1.216967E+01   5.097621E+02
       6.800125   1.298727E+01   5.440093E+02
       6.808288   1.022578E+01   4.283365E+02
       6.816452   1.424656E+00   5.967586E+01
       6.824615  -1.479955E+01  -6.199220E+02
       6.832778  -3.693754E+01  -1.547236E+03
       6.840942  -5.957571E+01  -2.495502E+03
       6.849105  -7.464172E+01  -3.126585E+03
       6.857269  -7.551886E+01  -3.163327E+03
       6.865432  -6.135237E+01  -2.569922E+03
       6.873596  -3.728589E+01  -1.561828E+03
       6.881759  -1.059244E+01  -4.436952E+02
       6.889922   1.317205E+01   5.517497E+02
       6.898086   3.119981E+01   1.306895E+03
       6.906249   4.236267E+01   1.774483E+03
       6.914413   4.612181E+01   1.931946E+03
       6.922576   4.238476E+01   1.775409E+03
       6.930739   3.189642E+01   1.336074E+03
       6.938903   1.638548E+01   6.863535E+02
       6.947066  -1.905730E+00  -7.982703E+01
       6.955230  -2.083439E+01  -8.727091E+02
       6.963393  -3.842738E+01  -1.609642E+03
       6.971557  -5.266119E+01  -2.205867E+03
       6.979720  -6.190725E+01  -2.593165E+03
       6.987883  -6.611718E+01  -2.769510E+03
       6.996047  -6.710867E+01  -2.811041E+03
       7.004210  -6.667627E+01  -2.792929E+03
       7.012374  -6.437416E+01  -2.696499E+03
       7.020537  -5.811304E+01  -2.434233E+03
       7.028700  -4.716405E+01  -1.975603E+03
       7.036864  -3.366826E+01  -1.410293E+03
       7.045027  -2.090287E+01  -8.755773E+02
       7.053191  -1.078608E+01  -4.518062E+02
       7.061354  -3.153009E+00  -1.320730E+02
       7.069518   3.286803E+00   1.376773E+02
       7.077681   9.480349E+00   3.971119E+02
       7.085844   1.496222E+01   6.267361E+02
       7.094008   1.790317E+01   7.499264E+02
       7.102171   1.646252E+01   6.895804E+02
       7.110335   1.047328E+01   4.387038E+02
       7.118498   1.923301E+00   8.056303E+01
       7.126661  -6.132550E+00  -2.568797E+02
       7.134825  -1.115494E+01  -4.672569E+02
       7.142988  -1.218507E+01  -5.104070E+02
       7.151152  -1.004208E+01  -4.206416E+02
       7.159315  -6.668078E+00  -2.793118E+02
       7.167478  -4.026713E+00  -1.686706E+02
       7.175642  -3.218810E+00  -1.348292E+02
       7.183805  -4.285049E+00  -1.794917E+02
       7.191969  -6.648674E+00  -2.784990E+02
       7.200132  -9.633050E+00  -4.035083E+02
       7.208296  -1.252782E+01  -5.247643E+02
       7.216459  -1.432841E+01  -6.001871E+02
       7.224622  -1.368678E+01  -5.733105E+02
       7.232786  -9.295872E+00  -3.893846E+02
       7.240949  -4.210374E-01  -1.763637E+01
       7.249113   1.272776E+01   5.331393E+02
       7.257276   2.869066E+01   1.201791E+03
       7.265439   4.443794E+01   1.861412E+03
       7.273603   5.568439E+01   2.332502E+03
       7.281766   5.867565E+01   2.457800E+03
       7.289930   5.261914E+01   2.204105E+03
       7.298093   4.020704E+01   1.684189E+03
       7.306257   2.534900E+01   1.061816E+03
       7.314420   1.062124E+01   4.449013E+02
       7.322583  -3.013062E+00  -1.262108E+02
       7.330747  -1.479750E+01  -6.198362E+02
       7.338910  -2.345349E+01  -9.824177E+02
       7.347074  -2.791971E+01  -1.169498E+03
       7.355237  -2.832668E+01  -1.186545E+03
       7.363400  -2.608665E+01  -1.092715E+03
       7.371564  -2.312611E+01  -9.687044E+02
       7.379727  -2.098327E+01  -8.789452E+02
       7.387891  -2.037698E+01  -8.535491E+02
       7.396054  -2.127952E+01  -8.913544E+02
       7.404218  -2.325130E+01  -9.739480E+02
       7.412381  -2.587674E+01  -1.083923E+03
       7.420544  -2.911774E+01  -1.219681E+03
       7.428708  -3.331006E+01  -1.395289E+03
       7.436871  -3.870392E+01  -1.621226E+03
       7.445035  -4.477861E+01  -1.875682E+03
       7.453198  -4.976169E+01  -2.084413E+03
       7.461361  -5.090877E+01  -2.132462E+03
       7.469525  -4.586642E+01  -1.921248E+03
       7.477688  -3.437909E+01  -1.440068E+03
       7.485852  -1.886943E+01  -7.904010E+02
       7.494015  -3.557812E+00  -1.490293E+02
       7.502179   6.904695E+00   2.892232E+02
       7.510342   8.776875E+00   3.676449E+02
       7.518505   4.793283E-01   2.007806E+01
       7.526669  -1.694032E+01  -7.095947E+02
       7.534832  -4.039671E+01  -1.692134E+03
       7.542996  -6.526487E+01  -2.733808E+03
       7.551159  -8.530671E+01  -3.573319E+03
       7.559322  -9.356009E+01  -3.919036E+03
       7.567486  -8.527134E+01  -3.571838E+03
       7.575649  -6.092925E+01  -2.552199E+03
       7.583813  -2.634986E+01  -1.103740E+03
       7.591976   1.010452E+01   4.232571E+02
       7.600140   4.042642E+01   1.693378E+03
       7.608303   5.883433E+01   2.464447E+03
       7.616466   6.315772E+01   2.645544E+03
       7.624630   5.514394E+01   2.309864E+03
       7.632793   3.895132E+01   1.631589E+03
       7.640957   1.913797E+01   8.016493E+02
       7.649120  -1.044969E-01  -4.377157E+00
       7.657283  -1.460920E+01  -6.119489E+02
       7.665447  -2.032603E+01  -8.514148E+02
       7.673610  -1.474141E+01  -6.174866E+02
       7.681774   1.425373E+00   5.970589E+01
       7.689937   2.407968E+01   1.008647E+03
       7.698100   4.739060E+01   1.985093E+03
       7.706264   6.598530E+01   2.763986E+03
       7.714427   7.675335E+01   3.215037E+03
       7.722591   7.964961E+01   3.336355E+03
       7.730754   7.700248E+01   3.225473E+03
       7.738918   7.163682E+01   3.000716E+03
       7.747081   6.499436E+01   2.722477E+03
       7.755244   5.656227E+01   2.369275E+03
       7.763408   4.499091E+01   1.884575E+03
       7.771571   2.975262E+01   1.246275E+03
       7.779735   1.174470E+01   4.919607E+02
       7.787898  -7.377830E+00  -3.090418E+02
       7.796061  -2.618207E+01  -1.096712E+03
       7.804225  -4.412595E+01  -1.848344E+03
       7.812388  -6.155838E+01  -2.578551E+03
       7.820552  -7.853481E+01  -3.289658E+03
       7.828715  -9.311896E+01  -3.900558E+03
       7.836879  -1.014724E+02  -4.250464E+03
       7.845042  -1.005594E+02  -4.212222E+03
       7.853205  -9.059478E+01  -3.794825E+03
       7.861369  -7.435191E+01  -3.114445E+03
       7.869532  -5.474620E+01  -2.293203E+03
       7.877696  -3.384602E+01  -1.417739E+03
       7.885859  -1.365361E+01  -5.719210E+02
       7.894022   3.253658E+00   1.362889E+02
       7.902186   1.443093E+01   6.044812E+02
       7.910349   1.915146E+01   8.022144E+02
       7.918513   1.934050E+01   8.101328E+02
       7.926676   1.878658E+01   7.869304E+02
       7.934840   2.134183E+01   8.939645E+02
       7.943003   2.948293E+01   1.234978E+03
       7.951166   4.340837E+01   1.818286E+03
       7.959330   6.027785E+01   2.524913E+03
       7.967493   7.454787E+01   3.122654E+03
       7.975657   8.077826E+01   3.383632E+03
       7.983820   7.724525E+01   3.235642E+03
       7.991983   6.661605E+01   2.790407E+03
       8.000147   5.328486E+01   2.231991E+03
       8.008310   4.057101E+01   1.699435E+03
       8.016474   2.983597E+01   1.249766E+03
       8.024637   2.101104E+01   8.801085E+02
       8.032801   1.345134E+01   5.634484E+02
       8.040964   6.626773E+00   2.775816E+02
       8.049127   5.398461E-01   2.261302E+01
       8.057291  -4.233030E+00  -1.773127E+02
       8.065454  -6.965427E+00  -2.917671E+02
       8.073618  -7.440546E+00  -3.116689E+02
       8.081781  -6.258520E+00  -2.621563E+02
       8.089944  -4.510435E+00  -1.889327E+02
       8.098108  -3.243438E+00  -1.358608E+02
       8.106271  -3.206984E+00  -1.343338E+02
       8.114435  -4.898686E+00  -2.051957E+02
       8.122598  -8.674487E+00  -3.633561E+02
       8.130761  -1.475328E+01  -6.179839E+02
       8.138925  -2.308813E+01  -9.671133E+02
       8.147088  -3.320099E+01  -1.390720E+03
       8.155252  -4.413311E+01  -1.848643E+03
